C51 COMPILER V9.52.0.0   LCD1602                                                           07/25/2015 09:04:23 PAGE 1   


C51 COMPILER V9.52.0.0, COMPILATION OF MODULE LCD1602
OBJECT MODULE PLACED IN LCD1602.OBJ
COMPILER INVOKED BY: C:\Program Files\keil\C51\BIN\C51.EXE LCD1602.c BROWSE DEBUG OBJECTEXTEND TABS(2)

line level    source

   1          #include<stc12c2052ad.h>
   2          //#include<reg52.h>
   3          #include"LCD1602.h"
   4          unsigned char  code Datacode[]={0x04,0x0f,0x12,0x0f,0x0a,0x1f,0x02,0x02,//年
   5                                      0x0f,0x09,0x0f,0x09,0x0f,0x09,0x0b,0x10,//月
   6                                      0x0e,0x0a,0x0a,0x0e,0x0a,0x0a,0x0e,0x00};//日
   7          void checkbusy(void)
   8          {
   9   1        unsigned int m=256;
  10   1      
  11   1        RS=0;
  12   1        RW=1;
  13   1        D=0xff;
  14   1        while((m--)&(m>0)&(D&(0x80)));
  15   1        D=0;
  16   1      }
  17          void write(unsigned char ucData, bit b)
  18          {
  19   1        checkbusy();
  20   1          D=ucData;
  21   1        RS=b;
  22   1        RW=0;
  23   1        //delay(1);
  24   1        E = 1;
  25   1        //delay(1);
  26   1        E = 0;
  27   1      }
  28          
  29          
  30          void LCDInit()
  31          {
  32   1        unsigned char i;
  33   1        write(0x38,0);//清屏
  34   1        delay(2);
  35   1        write(0x38,0);//光标复位
  36   1        delay(2);
  37   1              write(0x38,0);//输入方式设置
  38   1        delay(2);
  39   1        write(0x38,0);//显示开关控制
  40   1        delay(2);
  41   1        write(0x0c,0);// 光标移位
  42   1        delay(2);
  43   1        write(0x01,0);//功能设置
  44   1        delay(2);
  45   1        write(0x40,0); //自定义字符命令
  46   1        for(i=0;i<64;i++)//输入自定义字符代码
  47   1        {
  48   2          write(Datacode[i],1);
  49   2        }
  50   1      }
  51          void position(unsigned char x,unsigned char y)
  52          {
  53   1        if(x==0)
  54   1          write((0x80|y),0);
  55   1        if(x==1)
C51 COMPILER V9.52.0.0   LCD1602                                                           07/25/2015 09:04:23 PAGE 2   

  56   1          write((0xc0|y),0);
  57   1      }
  58          void show(unsigned char x,unsigned char y,unsigned char ucData)
  59          {
  60   1        position(x,y);
  61   1        write(ucData,1);
  62   1      }
  63          void string(unsigned char *ucStr)
  64          {
  65   1        while(*ucStr!='\0')
  66   1        { write(*ucStr,1);
  67   2        ucStr++;}
  68   1      }
  69          void delay(unsigned int n)
  70          {
  71   1        unsigned int k=2;
  72   1        for(;k>0;k--)
  73   1        {
  74   2          while(n--);
  75   2        }
  76   1      }


MODULE INFORMATION:   STATIC OVERLAYABLE
   CODE SIZE        =    257    ----
   CONSTANT SIZE    =     24    ----
   XDATA SIZE       =   ----    ----
   PDATA SIZE       =   ----    ----
   DATA SIZE        =   ----       7
   IDATA SIZE       =   ----    ----
   BIT SIZE         =   ----       1
END OF MODULE INFORMATION.


C51 COMPILATION COMPLETE.  0 WARNING(S),  0 ERROR(S)
