C51 COMPILER V9.52.0.0   MAIN                                                              07/25/2015 16:32:10 PAGE 1   


C51 COMPILER V9.52.0.0, COMPILATION OF MODULE MAIN
OBJECT MODULE PLACED IN main.OBJ
COMPILER INVOKED BY: C:\Program Files\keil\C51\BIN\C51.EXE main.c BROWSE DEBUG OBJECTEXTEND TABS(2)

line level    source

   1          //#include<reg52.h>
   2          #include"LCD1602.h"
   3          #include<stc12c2052ad.h>
   4          #define FOSC    12000000L
   5          #define BAUD    4800
   6          void SendData(unsigned char dat)
   7          {
   8   1        SBUF = dat; 
   9   1          while (!TI);                    //Wait for the previous data is sent
  10   1          TI = 0;                         //Clear TI flag
  11   1                              //Send current data
  12   1      }
  13          void delay_AD(unsigned char n)
  14          {
  15   1        unsigned char k=5;
  16   1        for (;k>0;k--)
  17   1        {
  18   2          while(n--);
  19   2        }
  20   1      }
  21          void main()
  22          {
  23   1        unsigned char n=0X00,shishu=0;
  24   1        //LCDInit()
  25   1        TMOD=0X20;
  26   1        PCON=0X80;
  27   1        SCON=0X50;
  28   1        ES=1;EA=1;
  29   1        TH1 = TL1 = 256-(FOSC/12/16/BAUD);
  30   1        TR1=1;
  31   1        SendData(0x30);
  32   1        delay_AD(200);
  33   1        SendData(0x41);
  34   1        //while(1);
  35   1        ADC_CONTR|=0x80;
  36   1        delay_AD(200);
  37   1        P1M0|=0xff;
  38   1        P1M1|=0xff;
  39   1        ADC_CONTR=0xe0;//1110 0000;p1.0,270t
  40   1        delay_AD(200);   
  41   1        ADC_CONTR|=0x08;  //START
  42   1        delay_AD(200);
  43   1        while((ADC_CONTR&0x10)!=0x10); //wait ADC_FLAG=1;
  44   1        ADC_CONTR&=0xe7;  //ADC_FLAG=0;
  45   1        delay_AD(1000);
  46   1        n=ADC_DATA;    //8bit 
  47   1        SendData(n);
  48   1        delay_AD(200);
  49   1        //}
  50   1        /*while(1)
  51   1        {//LCDInit();
  52   1          //SendData(0X30);
  53   1          //P1=0x00;
  54   1        /*  if(ADC_FLAG==1)
  55   1          {
C51 COMPILER V9.52.0.0   MAIN                                                              07/25/2015 16:32:10 PAGE 2   

  56   1            ADC_FLAG=0;
  57   1            ADC_POWER=0;
  58   1            n=ADC_DATA;
  59   1            shishu=n*5/256;
  60   1            
  61   1          }*/
  62   1          
  63   1        /*if((ADC_CONTR&0X10)==0X10)
  64   1          {
  65   1          ADC_CONTR=0xe0;n=ADC_DATA;SendData(n);}
  66   1            
  67   1            shishu=n*5/256;
  68   1            
  69   1          //ADC_CONTR|=0x08;
  70   1          //}
  71   1          //if(ADC_CONTR&=0x00)
  72   1          //{P3=n;}+
  73   1          /*show(0,0,((shishu*100)/100+'0'));
  74   1          show(0,2,((shishu*100)%100/10+'0'));
  75   1          show(0,4,((shishu*100)%10+'0'));
  76   1          /*show(0,0,0x31);
  77   1          show(0,1,0x30);
  78   1          show(1,0,'1');
  79   1          show(0,15,0x31);
  80   1          show(0,14,0x30);
  81   1          show(1,15,'1');*/
  82   1          
  83   1        //}*/
  84   1      }


MODULE INFORMATION:   STATIC OVERLAYABLE
   CODE SIZE        =    114    ----
   CONSTANT SIZE    =   ----    ----
   XDATA SIZE       =   ----    ----
   PDATA SIZE       =   ----    ----
   DATA SIZE        =   ----       1
   IDATA SIZE       =   ----    ----
   BIT SIZE         =   ----    ----
END OF MODULE INFORMATION.


C51 COMPILATION COMPLETE.  0 WARNING(S),  0 ERROR(S)
