C51 COMPILER V9.52.0.0   MAIN1                                                             07/25/2015 14:32:08 PAGE 1   


C51 COMPILER V9.52.0.0, COMPILATION OF MODULE MAIN1
OBJECT MODULE PLACED IN main1.OBJ
COMPILER INVOKED BY: C:\Program Files\keil\C51\BIN\C51.EXE main1.c BROWSE DEBUG OBJECTEXTEND TABS(2)

line level    source

   1          #include<reg52.h>
   2          #include "intrins.h"
   3          
   4          #define FOSC 12000000L//1843200L
   5          #define BAUD 4800//9600
   6          
   7          typedef unsigned char BYTE;
   8          typedef unsigned char WORD;
   9          
  10          sfr     AUXR      =0x8e;
  11          sfr     ADC_CONTR =0xc5;
  12          sfr     ADC_DATA  =0xc6;
  13          sfr     ADC_LOW2  =0XBE;
  14          sfr     P1M0      =0x91;
  15          sfr     P1M1      =0x92;
  16          
  17          #define  ADC_POWER    0x80
  18          #define  ADC_FLAG     0x10
  19          #define  ADC_START    0x08
  20          #define  ADC_SPEEDLL  0x00
  21          #define  ADC_SPEEDL   0x20
  22          #define  ADC_SPEEDH   0x40
  23          #define  ADC_SPEEDHH  0x60
  24          
  25          void InitUart();
  26          void SendData(BYTE dat);
  27          void Delay(WORD n);
  28          void InitADC();
  29          BYTE ch=0;
  30          
  31          void main()
  32          {
  33   1        InitUart();
  34   1        InitADC();
  35   1        AUXR|=0x10;
  36   1        IE=0xa0;
  37   1        while(1);
  38   1      }
  39          
  40          void adc() interrupt 5 using 1
  41          {
  42   1        ADC_CONTR&=!ADC_FLAG;
  43   1        SendData(ch);
  44   1        SendData(ADC_LOW2);
  45   1        if(++ch>7) ch=0;
  46   1        ADC_CONTR =ADC_POWER|ADC_SPEEDLL|ADC_START|ch;
  47   1      }
  48          
  49          void InitADC()
  50          {
  51   1        P1=P1M0=P1M1=0xff;
  52   1        ADC_DATA=0;
  53   1        ADC_CONTR= ADC_POWER|ADC_SPEEDLL|ADC_START|ch;
  54   1        Delay(2);
  55   1      }
C51 COMPILER V9.52.0.0   MAIN1                                                             07/25/2015 14:32:08 PAGE 2   

  56          
  57          void InitUart()
  58          {
  59   1        SCON=0x5a;
  60   1        TMOD=0x20;
  61   1        TH1=TL1=256-(FOSC/12/32/BAUD);
  62   1        TR1=1;
  63   1      }
  64          
  65          
  66          void SendData(BYTE dat)
  67          {
  68   1        while(!TI);
  69   1        TI=0;
  70   1        SBUF=dat;
  71   1      }
  72          
  73          void Delay(WORD n)
  74          {
  75   1        WORD x;
  76   1        while(n--)
  77   1        {
  78   2          x=5000;
  79   2          while(x--);
  80   2        }
  81   1      }


MODULE INFORMATION:   STATIC OVERLAYABLE
   CODE SIZE        =    132    ----
   CONSTANT SIZE    =   ----    ----
   XDATA SIZE       =   ----    ----
   PDATA SIZE       =   ----    ----
   DATA SIZE        =      1    ----
   IDATA SIZE       =   ----    ----
   BIT SIZE         =   ----    ----
END OF MODULE INFORMATION.


C51 COMPILATION COMPLETE.  0 WARNING(S),  0 ERROR(S)
