C51 COMPILER V9.52.0.0   ________                                                          08/01/2015 14:26:03 PAGE 1   


C51 COMPILER V9.52.0.0, COMPILATION OF MODULE ________
OBJECT MODULE PLACED IN 简单易行.OBJ
COMPILER INVOKED BY: C:\Program Files\keil\C51\BIN\C51.EXE 简单易行.c BROWSE DEBUG OBJECTEXTEND TABS(2)

line level    source

   1          #include<reg52.h>
   2          #include<intrins.h>
   3          #include"main.h"
   4          #include "uart.h"
   5          sbit P0_0=P0^0;
   6          sbit P0_1=P0^1;
   7          bit key=0;
   8          
   9          
  10          unsigned char keyboardscan(bit p)
  11          {
  12   1        if(p!=1)
  13   1        {
  14   2          _nop_();
  15   2          if(p!=1)
  16   2          {
  17   3            return(1);
  18   3          }
  19   2        }
  20   1        else return(0);
  21   1      }
  22          void main()
  23          {
  24   1        
  25   1        P0_0=1;P0_1=1;
  26   1        InitUart();
  27   1        Get_Maopi(); 
  28   1        showdata[0]='#';
  29   1          while(1)
  30   1         { 
  31   2            if(keyboardscan(P0_0)==1)
  32   2              {key=1;}      
  33   2            while(key)
  34   2              {
  35   3                 /*
  36   3                  if(keyboardscan(P0_1)==1)   //清零
  37   3                  {
  38   3                    Get_Maopi();
  39   3                    //  Weight_Maopi=Weight_Shiwu;
  40   3                    //Get_Weight() ;
  41   3                    //for(i=1;i<5;i++)
  42   3                    //{showdata[i]=0x30;}
  43   3                    //Weight_Shiwu=0x0000;
  44   3                  }
  45   3                  */
  46   3                 Get_Weight() ;
  47   3                 if(keyboardscan(P0_0)==1)
  48   3                  {while(keyboardscan(P0_0)==1);
  49   4                       key=0;
  50   4                          _nop_();
  51   4                          _nop_();
  52   4                          _nop_();
  53   4                        break;                
  54   4                   }
  55   3                  for(i=0;i<5;i++)
C51 COMPILER V9.52.0.0   ________                                                          08/01/2015 14:26:03 PAGE 2   

  56   3                      {SendData(showdata[i]);}              
  57   3              }
  58   2        } 
  59   1      }         
  60          
  61           void Get_Maopi() 
  62          {  
  63   1        for(i=0;i<10;i++)
  64   1        {
  65   2          HX711_Buffer =ReadCount();  
  66   2          //HX711_Buffer=HX711_Buffer>>8;
  67   2          Weight_Maopi +=HX711_Buffer;
  68   2        }
  69   1        Weight_Maopi=Weight_Maopi/10;  
  70   1      } 
  71           void Get_Weight() 
  72          {
  73   1        for(i=0;i<10;i++)
  74   1        {
  75   2          HX711_Buffer =ReadCount();  
  76   2          //HX711_Buffer=HX711_Buffer>>8;
  77   2          Weight_Shiwu +=HX711_Buffer;
  78   2        }
  79   1        Weight_Shiwu=Weight_Shiwu/10;
  80   1        //if(Weight_Shiwu>=(Weight_Maopi))
  81   1        //{
  82   1          Weight_Shiwu=Weight_Shiwu-Weight_Maopi;
  83   1          Weight_Shiwu=Weight_Shiwu>>8;
  84   1          k=(unsigned int)(Weight_Shiwu*12.15/11);
  85   1        if(k<=6) k=0;
  86   1        //showdata[1]=(k%100000/10000 + 0x30);
  87   1        showdata[1]=(k%10000/1000 + 0x30);
  88   1        showdata[2]=(k%1000/100 + 0x30);
  89   1        showdata[3]=(k%100/10 + 0x30);
  90   1        showdata[4]=(k%10 + 0x30);
  91   1      //  }
  92   1        //else
  93   1      //  {
  94   1        //  for(i=1;i<6;i++)
  95   1        //  {showdata[i]='-';}
  96   1        //}
  97   1        //Weight_Maopi-Weight_Shiwu;
  98   1       /*if(Weight_Shiwu>0x1770)
  99   1          {Weight_Shiwu = (unsigned int)((float)Weight_Shiwu *0.5+0.005); }
 100   1        else if(Weight_Shiwu<=0x1770&&Weight_Shiwu>0x03e8)
 101   1        {Weight_Shiwu = (unsigned int)((float)Weight_Shiwu *1.04+0.006); }
 102   1        else if(Weight_Shiwu<=0x03e8&&Weight_Shiwu>0x0190)
 103   1          {Weight_Shiwu=(unsigned int)((float)Weight_Shiwu+0x26);}
 104   1        else  if(Weight_Shiwu<=0x0190&&Weight_Shiwu>0x0064)
 105   1        {Weight_Shiwu=(unsigned int)((float)Weight_Shiwu+3.8);}
 106   1        else if(Weight_Shiwu<0x0064&&Weight_Shiwu>0x0002)
 107   1        {Weight_Shiwu=(unsigned int)((float)Weight_Shiwu+0.15);}
 108   1        else if(Weight_Shiwu<=0x0002)
 109   1        {Weight_Shiwu=0;} */
 110   1        
 111   1      }
 112          void Usart() interrupt 4
 113          {
 114   1        receiveData=SBUF;//出去接收到的数据
 115   1        RI = 0;//清除接收中断标志位
 116   1      }
*** WARNING C316 IN LINE 116 OF 简单易行.c: unterminated conditionals
C51 COMPILER V9.52.0.0   ________                                                          08/01/2015 14:26:03 PAGE 3   

*** WARNING C291 IN LINE 21 OF 简单易行.c: not every exit path returns a value


MODULE INFORMATION:   STATIC OVERLAYABLE
   CODE SIZE        =    590    ----
   CONSTANT SIZE    =   ----    ----
   XDATA SIZE       =   ----    ----
   PDATA SIZE       =   ----    ----
   DATA SIZE        =     39    ----
   IDATA SIZE       =   ----    ----
   BIT SIZE         =      1       1
END OF MODULE INFORMATION.


C51 COMPILATION COMPLETE.  2 WARNING(S),  0 ERROR(S)
