C51 COMPILER V9.52.0.0   MAIN                                                              05/29/2015 18:54:32 PAGE 1   


C51 COMPILER V9.52.0.0, COMPILATION OF MODULE MAIN
OBJECT MODULE PLACED IN main.OBJ
COMPILER INVOKED BY: C:\Program Files\keil\C51\BIN\C51.EXE main.c LARGE BROWSE DEBUG OBJECTEXTEND TABS(2)

line level    source

   1          #include<reg52.h>
   2          #include<intrins.h>
   3          #include"main.h"
   4          #include"12864.h"
   5          #include"ds1302.h"
   6          
   7          void main()
   8          {
   9   1        Time0[7]=0x20;
  10   1        delay_main(100);
  11   1        lcd_init();
  12   1        while(1)
  13   1        {
  14   2          //lcd_wdat(0x31);
  15   2          ClockPlay();
  16   2        }
  17   1      }
  18          
  19          
  20          void delay_main(int ms)
  21          {
  22   1          while(ms--)
  23   1        {
  24   2            uchar i;
  25   2          for(i=0;i<150;i++)  
  26   2           {
  27   3            _nop_();         
  28   3          _nop_();
  29   3          _nop_();
  30   3          _nop_();
  31   3           }
  32   2        }
  33   1      } 
  34          
  35          void readtime()
  36          {
  37   1           Time0[0]= (DS1302_ReadOneByteAtAddr(ADDR_SEC_R));
  38   1           Time0[1]= (DS1302_ReadOneByteAtAddr(ADDR_MIN_R));
  39   1           Time0[2]= (DS1302_ReadOneByteAtAddr(ADDR_HOUR_R));
  40   1           Time0[3]= (DS1302_ReadOneByteAtAddr(ADDR_DAY_R));
  41   1           Time0[4]= (DS1302_ReadOneByteAtAddr(ADDR_MONTH_R));
  42   1           Time0[5]= (DS1302_ReadOneByteAtAddr(ADDR_WEEK_R));
  43   1           Time0[6]= (DS1302_ReadOneByteAtAddr(ADDR_YEAR_R));
  44   1      }
  45          void ClockPlay()
  46          {   uchar i;
  47   1        
  48   1            if((Time0[7]&0x0a)==0x0a)    
  49   1            {   
  50   2                Time0[7]=(Time0[7]&0xf0);
  51   2                Time0[7]+=0x10;
  52   2            }
  53   1            if((Time0[7]&0x0f)==0x0f)
  54   1            {   
  55   2                Time0[7]=(Time0[7]&0xf0);
C51 COMPILER V9.52.0.0   MAIN                                                              05/29/2015 18:54:32 PAGE 2   

  56   2                Time0[7]+=0x09;
  57   2            }
  58   1          readtime();
  59   1           lcd_pos(1,0);             //设置显示位置为第一行
  60   1           for(i=0;i<5;i++)
  61   1           {
  62   2             lcd_wdat(DIS1[i]);
  63   2             delay_main(5);
  64   2           }
  65   1           lcd_wcmd(0x91); 
  66   1           lcd_wdat(0x30+Time0[7]/16);
  67   1           lcd_wdat(0x30+Time0[7]%16);
  68   1           lcd_wdat(0x30+Time0[6]/16);
  69   1           lcd_wdat(0x30+Time0[6]%16);
  70   1           lcd_wdat(0xc4);
  71   1           lcd_wdat(0xea);
  72   1           lcd_wdat(0x30+Time0[4]/16);
  73   1           lcd_wdat(0x30+Time0[4]%16);
  74   1           lcd_wdat(0xd4);
  75   1           lcd_wdat(0xc2);
  76   1           lcd_wdat(0x30+Time0[3]/16);
  77   1           lcd_wdat(0x30+Time0[3]%16);
  78   1           lcd_wdat(0xc8);
  79   1           lcd_wdat(0xd5);
  80   1           lcd_pos(3,0);           
  81   1           for(i=0;i<5;i++)
  82   1           {
  83   2             lcd_wdat(DIS2[i]);
  84   2             delay_main(5);
  85   2           }
  86   1           //lcd_pos(4,0); 
  87   1           lcd_wcmd(0x9C); 
  88   1           lcd_wdat(0x30+Time0[2]/16);
  89   1           lcd_wdat(0x30+Time0[2]%16);
  90   1           lcd_wdat(':');
  91   1           lcd_wdat(0x30+Time0[1]/16);
  92   1           lcd_wdat(0x30+Time0[1]%16);
  93   1           lcd_wdat(':');
  94   1           lcd_wdat(0x30+Time0[0]/16);
  95   1           lcd_wdat(0x30+Time0[0]%16);
  96   1      }


MODULE INFORMATION:   STATIC OVERLAYABLE
   CODE SIZE        =    484    ----
   CONSTANT SIZE    =     23    ----
   XDATA SIZE       =      9       2
   PDATA SIZE       =   ----    ----
   DATA SIZE        =   ----    ----
   IDATA SIZE       =   ----    ----
   BIT SIZE         =   ----    ----
END OF MODULE INFORMATION.


C51 COMPILATION COMPLETE.  0 WARNING(S),  0 ERROR(S)
