C51 COMPILER V9.52.0.0   MIAN                                                              05/29/2015 18:39:43 PAGE 1   


C51 COMPILER V9.52.0.0, COMPILATION OF MODULE MIAN
OBJECT MODULE PLACED IN mian.OBJ
COMPILER INVOKED BY: C:\Program Files\keil\C51\BIN\C51.EXE mian.c BROWSE DEBUG OBJECTEXTEND TABS(2)

line level    source

   1          #include<reg52.h>
   2          #include<intrins.h>
   3          #include"main.h"
*** WARNING C318 IN LINE 3 OF mian.c: can't open file 'main.h'
   4          #include"12864.h"
   5          
   6          void main()
   7          {
   8   1        delay_main(100);
*** WARNING C206 IN LINE 8 OF mian.c: 'delay_main': missing function-prototype
*** ERROR C267 IN LINE 8 OF mian.c: 'delay_main': requires ANSI-style prototype
   9   1        lcd_init();
  10   1        while(1)
  11   1        {
  12   2          lcd_wdat(0x30);
  13   2        }
  14   1      }
  15          
  16          
  17          void delay_main(int ms)
  18          {
*** ERROR C231 IN LINE 18 OF mian.c: 'delay_main': redefinition
  19   1          while(ms--)
  20   1        {
  21   2            uchar i;
  22   2          for(i=0;i<150;i++)  
  23   2           {
  24   3            _nop_();         
  25   3          _nop_();
  26   3          _nop_();
  27   3          _nop_();
  28   3           }
  29   2        }
  30   1      } 
*** ERROR C231 IN LINE 30 OF mian.c: 'delay_main': redefinition

C51 COMPILATION COMPLETE.  2 WARNING(S),  3 ERROR(S)
