C51 COMPILER V9.52.0.0   MAIN                                                              07/26/2015 08:55:23 PAGE 1   


C51 COMPILER V9.52.0.0, COMPILATION OF MODULE MAIN
OBJECT MODULE PLACED IN main.OBJ
COMPILER INVOKED BY: C:\Program Files\keil\C51\BIN\C51.EXE main.c BROWSE DEBUG OBJECTEXTEND TABS(2)

line level    source

   1          #include<stc12c2052ad.h>
   2          #include"main.h"
   3          void main()
   4          {
   5   1        Init();
   6   1        send(0x31);
   7   1      }
   8          
   9          void Init()
  10          {
  11   1        SCON|=0x50;   //方式1  REN=1
  12   1        PCON|=0x80;
  13   1        EA=1;ES=1;
  14   1        AUXR|=0x40;      //12倍，不分频
  15   1        TH1=TL1=256-(FOSC/16/BAUD);
  16   1        TR1=1;  
  17   1      }
  18          
  19          void send(unsigned char p)
  20          {
  21   1        TI=0;
  22   1        SBUF=p;
  23   1        while(!TI);
  24   1        TI=0;
  25   1      }


MODULE INFORMATION:   STATIC OVERLAYABLE
   CODE SIZE        =     40    ----
   CONSTANT SIZE    =   ----    ----
   XDATA SIZE       =   ----    ----
   PDATA SIZE       =   ----    ----
   DATA SIZE        =   ----    ----
   IDATA SIZE       =   ----    ----
   BIT SIZE         =   ----    ----
END OF MODULE INFORMATION.


C51 COMPILATION COMPLETE.  0 WARNING(S),  0 ERROR(S)
