C51 COMPILER V9.52.0.0   8DIGITALDTUBEDISPLAY                                              04/01/2015 20:53:06 PAGE 1   


C51 COMPILER V9.52.0.0, COMPILATION OF MODULE 8DIGITALDTUBEDISPLAY
OBJECT MODULE PLACED IN ..\Outpt\8DigitalDTubeDisplay.obj
COMPILER INVOKED BY: C:\Program Files\keil\C51\BIN\C51.EXE ..\Source\8DigitalDTubeDisplay.c BROWSE DEBUG OBJECTEXTEND PR
                    -INT(.\8DigitalDTubeDisplay.lst) TABS(2) OBJECT(..\Outpt\8DigitalDTubeDisplay.obj)

line level    source

   1          #include"8DigitalTubeDisplay.h"
   2          unsigned char code Seg_Data[]={  //the information is showed in the digital tube,shows 0-F//共阳数码管的编
             -码，并将数据定义在CODE区 
   3          
   4                            0xc0,/*0*/
   5                            0xF9,/*1*/
   6                            0xA4,/*2*/
   7                            0xB0,/*3*/
   8                            0x99,/*4*/
   9                            0x92,/*5*/
  10                            0x82,/*6*/
  11                            0xF8,/*7*/
  12                            0x80,/*8*/
  13                            0x90,/*9*/          
  14                            0x88,/*A*/
  15                            0x83,/*b*/
  16                            0xC6,/*C*/
  17                            0xA1,/*d*/
  18                            0x86,/*E*/
  19                            0x8E,/*F*/
  20                           ~0X40 //-/
  21                        };
  22          
  23          unsigned char code Seg_Addr[]={     //to choose which tube to show the information//数码管位选编码，控制显
             -示8位中的第几位
  24                        0x01,
  25                        0x02,
  26                        0x04,
  27                        0x08,
  28                        0x10,
  29                        0x20,
  30                        0x40,
  31                        0x80,
  32                        0xFF,//ALL ON
  33                        0x00 //All OFF
  34                        };
  35          //send the data to the HC595
  36          void SEG_Send595OneByte(unsigned char uData) //向74HC595写入一个8位的数据
  37          {
  38   1        unsigned char i;
  39   1        
  40   1        for(i = 0;i < 8;i++)   //8位数据依次写入，先写最低位
  41   1        {
  42   2          SEG_DS = (uData & 0x80);  //先读入高位   x&0x80;
  43   2          SEG_SHCP = 0;
  44   2          SEG_SHCP = 1;
  45   2          SEG_SHCP = 0;    //SHCP引脚的上升沿移入数据
  46   2          uData <<=1;    //数据左移
  47   2        }
  48   1      }
  49          
  50          /*******************************************************
  51          函数功能：在指定位置显示一个数据
  52          参数说明：Data是要显示的数据，Addr是在第几位显示。
C51 COMPILER V9.52.0.0   8DIGITALDTUBEDISPLAY                                              04/01/2015 20:53:06 PAGE 2   

  53          
  54          Addr取值范围是0~9。
  55          Addr=0~7时，选择的是显示在第几位数码管上;
  56          Addr=8  时，同时选中8位数码管，即打开所有数码管
  57          Addr=9  时，关闭8位数码管
  58          
  59          8位数码管，左数依次为第0位，第1位...第7位。
  60          
  61          *******************************************************/
  62          void DisplayOneCharOnAddr(unsigned char uData,unsigned char uAddr)     //Addr is the address of tube ,Data
             - is the number that is showed in the tube
  63          {
  64   1          SEG_Send595OneByte(Seg_Addr[uAddr]);  //send the address of tube which shows information
  65   1          SEG_Send595OneByte( Seg_Data[uData]);  //send the data to the tube
  66   1          SEG_STCP = 0;
  67   1          SEG_STCP = 1;    //CPU update the data
  68   1          SEG_STCP = 0;
  69   1          
  70   1        
  71   1      }
  72          
  73          
  74          
  75          //main()
  76          
  77          


MODULE INFORMATION:   STATIC OVERLAYABLE
   CODE SIZE        =     48    ----
   CONSTANT SIZE    =     27    ----
   XDATA SIZE       =   ----    ----
   PDATA SIZE       =   ----    ----
   DATA SIZE        =   ----    ----
   IDATA SIZE       =   ----    ----
   BIT SIZE         =   ----    ----
END OF MODULE INFORMATION.


C51 COMPILATION COMPLETE.  0 WARNING(S),  0 ERROR(S)
