C51 COMPILER V7.06   LCD                                                                   07/23/2015 16:20:07 PAGE 1   


C51 COMPILER V7.06, COMPILATION OF MODULE LCD
OBJECT MODULE PLACED IN lcd.OBJ
COMPILER INVOKED BY: F:\C51\BIN\C51.EXE lcd.c BROWSE DEBUG OBJECTEXTEND

stmt level    source

   1          #include"lcd.h"
   2          
   3          
   4          /*******************************************************************************
   5          * 函 数 名         : Lcd1602_Delay1ms
   6          * 函数功能                 : 延时函数，延时1ms
   7          * 输    入         : c
   8          * 输    出         : 无
   9          * 说    名         : 该函数是在12MHZ晶振下，12分频单片机的延时。
  10          *******************************************************************************/
  11          unsigned char dis3[]={0x0f,0x0f,0x0f,0x0f,0x0f,0x0f,0x0f,0x0f};
  12          void Lcd1602_Delay1ms(uint c)   //误差 0us
  13          {
  14   1          uchar a,b;
  15   1              for (; c>0; c--)
  16   1              {
  17   2                       for (b=199;b>0;b--)
  18   2                       {
  19   3                              for(a=1;a>0;a--);
  20   3                       }      
  21   2              }
  22   1              
  23   1      }
  24          
  25          /*******************************************************************************
  26          * 函 数 名         : LcdWriteCom
  27          * 函数功能                 : 向LCD写入一个字节的命令
  28          * 输    入         : com
  29          * 输    出         : 无
  30          *******************************************************************************/
  31          #ifndef         LCD1602_4PINS    //当没有定义这个LCD1602_4PINS时
              void LcdWriteCom(uchar com)       //写入命令
              {
                      LCD1602_E = 0;     //使能
                      LCD1602_RS = 0;    //选择发送命令
                      LCD1602_RW = 0;    //选择写入
                      
                      LCD1602_DATAPINS = com;     //放入命令
                      Lcd1602_Delay1ms(1);            //等待数据稳定
              
                      LCD1602_E = 1;            //写入时序
                      Lcd1602_Delay1ms(5);      //保持时间
                      LCD1602_E = 0;
              }
              #else 
  46          void LcdWriteCom(uchar com)       //写入命令
  47          {
  48   1              LCD1602_E = 0;   //使能清零
  49   1              LCD1602_RS = 0;  //选择写入命令
  50   1              LCD1602_RW = 0;  //选择写入
  51   1      
  52   1              LCD1602_DATAPINS = com; //由于4位的接线是接到P0口的高四位，所以传送高四位不用改
  53   1              Lcd1602_Delay1ms(1);
  54   1      
  55   1              LCD1602_E = 1;   //写入时序
C51 COMPILER V7.06   LCD                                                                   07/23/2015 16:20:07 PAGE 2   

  56   1              Lcd1602_Delay1ms(5);
  57   1              LCD1602_E = 0;
  58   1      
  59   1      //      Lcd1602_Delay1ms(1);
  60   1              LCD1602_DATAPINS = com << 4; //发送低四位
  61   1              Lcd1602_Delay1ms(1);
  62   1      
  63   1              LCD1602_E = 1;   //写入时序
  64   1              Lcd1602_Delay1ms(5);
  65   1              LCD1602_E = 0;
  66   1      }
  67          #endif
  68          /*******************************************************************************
  69          * 函 数 名         : LcdWriteData
  70          * 函数功能                 : 向LCD写入一个字节的数据
  71          * 输    入         : dat
  72          * 输    出         : 无
  73          *******************************************************************************/                   
  74          #ifndef         LCD1602_4PINS              
              void LcdWriteData(uchar dat)                    //写入数据
              {
                      LCD1602_E = 0;  //使能清零
                      LCD1602_RS = 1; //选择输入数据
                      LCD1602_RW = 0; //选择写入
              
                      LCD1602_DATAPINS = dat; //写入数据
                      Lcd1602_Delay1ms(1);
              
                      LCD1602_E = 1;   //写入时序
                      Lcd1602_Delay1ms(5);   //保持时间
                      LCD1602_E = 0;
              }
              #else
  89          void LcdWriteData(uchar dat)                    //写入数据
  90          {
  91   1              LCD1602_E = 0;    //使能清零
  92   1              LCD1602_RS = 1;   //选择写入数据
  93   1              LCD1602_RW = 0;   //选择写入
  94   1      
  95   1              LCD1602_DATAPINS = dat; //由于4位的接线是接到P0口的高四位，所以传送高四位不用改
  96   1              Lcd1602_Delay1ms(1);
  97   1      
  98   1              LCD1602_E = 1;    //写入时序
  99   1              Lcd1602_Delay1ms(5);
 100   1              LCD1602_E = 0;
 101   1      
 102   1              LCD1602_DATAPINS = dat << 4; //写入低四位
 103   1              Lcd1602_Delay1ms(1);
 104   1      
 105   1              LCD1602_E = 1;    //写入时序
 106   1              Lcd1602_Delay1ms(5);
 107   1              LCD1602_E = 0;
 108   1      }
 109          #endif
 110          /*******************************************************************************
 111          * 函 数 名       : LcdInit()
 112          * 函数功能               : 初始化LCD屏
 113          * 输    入       : 无
 114          * 输    出       : 无
 115          *******************************************************************************/                   
 116          #ifndef         LCD1602_4PINS
              void LcdInit()                                            //LCD初始化子程序
C51 COMPILER V7.06   LCD                                                                   07/23/2015 16:20:07 PAGE 3   

              {       
                        int m;
                      LcdWriteCom(0x38);  //开显示
                      LcdWriteCom(0x0c);  //开显示不显示光标
                      LcdWriteCom(0x06);  //写一个指针加1
                      LcdWriteCom(0x01);  //清屏
                      LcdWriteCom(0x40);  //设置数据指针起点
                      for(m=0;m<8;m++)
                              LcdWriteData(dis3[m]);
              
              }
              #else
 130          void LcdInit()                                            //LCD初始化子程序
 131          {        int m;
 132   1              LcdWriteCom(0x32);       //将8位总线转为4位总线
 133   1              LcdWriteCom(0x28);       //在四位线下的初始化
 134   1              LcdWriteCom(0x0c);  //开显示不显示光标
 135   1              LcdWriteCom(0x06);  //写一个指针加1
 136   1              LcdWriteCom(0x01);  //清屏
 137   1              LcdWriteCom(0x40);  //设置数据指针起点
 138   1              for(m=0;m<8;m++)
 139   1                      LcdWriteData(dis3[m]);
 140   1      }
 141          #endif


MODULE INFORMATION:   STATIC OVERLAYABLE
   CODE SIZE        =    144    ----
   CONSTANT SIZE    =   ----    ----
   XDATA SIZE       =   ----    ----
   PDATA SIZE       =   ----    ----
   DATA SIZE        =      8    ----
   IDATA SIZE       =   ----    ----
   BIT SIZE         =   ----    ----
END OF MODULE INFORMATION.


C51 COMPILATION COMPLETE.  0 WARNING(S),  0 ERROR(S)
