C51 COMPILER V7.06   MAIN                                                                  07/25/2015 15:15:26 PAGE 1   


C51 COMPILER V7.06, COMPILATION OF MODULE MAIN
OBJECT MODULE PLACED IN main.OBJ
COMPILER INVOKED BY: F:\C51\BIN\C51.EXE main.c BROWSE DEBUG OBJECTEXTEND

stmt level    source

   1          #include <reg52.h>      
   2          #include <intrins.h>
   3          #include"uart.h"
   4          
   5          sbit  RX=P1^7;
   6          sbit  TX=P1^6;
   7          sbit key=P1^0;
   8          unsigned char flag;
   9          unsigned int  time=0;
  10          unsigned char receiveData;
  11          unsigned char count=0;
  12          float S=0;
  13          unsigned char disbuff[4]={ 0,0,0,0};
  14          unsigned char i;
  15          void Conut(void);
  16          void delayms(unsigned int ms);
  17          void  StartModule();
  18          void keyscan()
  19          {
  20   1           if(key==0)
  21   1         {
  22   2           //do{}while(key==0);
  23   2               delayms(10);
  24   2               if(key==0)
  25   2               {
  26   3              count++;
  27   3              if(count>1)
  28   3              count=0;
  29   3               }
  30   2         }  
  31   1      }
  32          void main(void)
  33          {
  34   1              InitUart();
  35   1              //TMOD=0x01;              
  36   1              TH0=0;
  37   1              TL0=0;          
  38   1              ET0=1;            
  39   1              EA=1;                                           
  40   1              while(1)
  41   1              {
  42   2                  keyscan();
  43   2                  StartModule();
  44   2                  while(!RX);         
  45   2                  TR0=1;                          
  46   2                  while(RX);                  
  47   2                  TR0=0;                              
  48   2              Conut();                
  49   2                      delayms(80);
  50   2                      keyscan();
  51   2                       if(count==1)
  52   2                 {   
  53   3                       SendData('@');
  54   3                   for(i=0;i<4;i++)
  55   3                      {
C51 COMPILER V7.06   MAIN                                                                  07/25/2015 15:15:26 PAGE 2   

  56   4                       SendData(disbuff[i]+'0');
  57   4                      }
  58   3                              keyscan();
  59   3               } 
  60   2              }
  61   1      }                        
  62          
  63             void Conut(void)
  64                  {
  65   1              unsigned int n;
  66   1               time=TH0*256+TL0;
  67   1               TH0=0;
  68   1               TL0=0;
  69   1              
  70   1               S=(time*19.0)/1000.0; 
  71   1               n=S*10+0.5;    
  72   1               if((S>=700)||flag==1)
  73   1               {       
  74   2                flag=0;        
  75   2               }
  76   1               else
  77   1               {
  78   2                disbuff[0]=n/1000;
  79   2                disbuff[1]=n%1000/100;
  80   2                disbuff[2]=n%100/10;
  81   2                disbuff[3]=n%10;
  82   2               }
  83   1       }
  84          /********************************************************/
  85               void zd0() interrupt 1              //T0?D??ó?à′??êy?÷ò?3?,3?1y2a?à・??§
  86            {
  87   1          flag=1;                                                      //?D??ò?3?±ê??
  88   1        }
  89          /********************************************************/
  90               void  StartModule()                         //???ˉ?￡?é
  91            {
  92   1                TX=1;                                      //???ˉò?′??￡?é
  93   1                _nop_(); 
  94   1                _nop_(); 
  95   1                _nop_(); 
  96   1                _nop_(); 
  97   1                _nop_(); 
  98   1                _nop_(); 
  99   1                _nop_(); 
 100   1                _nop_(); 
 101   1                _nop_(); 
 102   1                _nop_(); 
 103   1                _nop_(); 
 104   1                _nop_(); 
 105   1                _nop_(); 
 106   1                _nop_(); 
 107   1                _nop_(); 
 108   1                _nop_(); 
 109   1                _nop_();
 110   1                _nop_(); 
 111   1                _nop_(); 
 112   1                _nop_(); 
 113   1                _nop_();
 114   1                TX=0;
 115   1        }
 116           /********************************************************/ 
 117          void delayms(unsigned int ms)
C51 COMPILER V7.06   MAIN                                                                  07/25/2015 15:15:26 PAGE 3   

 118          {
 119   1              unsigned char i=100,j;
 120   1              for(;ms;ms--)
 121   1              {
 122   2                      while(--i)
 123   2                      {
 124   3                              j=10;
 125   3                              while(--j);
 126   3                      }
 127   2              }
 128   1      }
 129          /*****************************************************/
 130          /*void Usart() interrupt 4
 131          {
 132                  unsigned char receiveData;
 133          
 134                  receiveData=SBUF;//出去接收到的数据
 135                  RI = 0;//清除接收中断标志位
 136          }*/
 137           


MODULE INFORMATION:   STATIC OVERLAYABLE
   CODE SIZE        =    360    ----
   CONSTANT SIZE    =   ----    ----
   XDATA SIZE       =   ----    ----
   PDATA SIZE       =   ----    ----
   DATA SIZE        =     14       2
   IDATA SIZE       =   ----    ----
   BIT SIZE         =   ----    ----
END OF MODULE INFORMATION.


C51 COMPILATION COMPLETE.  0 WARNING(S),  0 ERROR(S)
