C51 COMPILER V9.52.0.0   ________                                                          07/24/2015 10:01:17 PAGE 1   


C51 COMPILER V9.52.0.0, COMPILATION OF MODULE ________
OBJECT MODULE PLACED IN 简单易行.OBJ
COMPILER INVOKED BY: C:\Program Files\keil\C51\BIN\C51.EXE 简单易行.c BROWSE DEBUG OBJECTEXTEND TABS(2)

line level    source

   1          #include<reg52.h>
   2          #include"main.h"
   3          #include "uart.h"
   4          sbit P0_0=P0^0;
   5          sbit P0_1=P0^1;
   6          unsigned char key=0;
   7          void main()
   8          {P0_0=1;
   9   1        P0_1=1;
  10   1        InitUart();
  11   1        Get_Maopi(); 
  12   1        showdata[0]='#';
  13   1          while(1)
  14   1         {
  15   2           Get_Weight() ;
  16   2           if(P0_0==0){key=1;}
  17   2           if(P0_1==0){key=0;}
  18   2           switch(key)
  19   2           {
  20   3             case 1:
  21   3             {  
  22   4                for(i=0;i<5;i++)
  23   4                {SendData(showdata[i]);}
  24   4                break;
  25   4             }
  26   3              case 0:
  27   3             {
  28   4                break;
  29   4             }
  30   3           
  31   3           }
  32   2         }
  33   1       }
  34           void Get_Maopi() 
  35          {  
  36   1        for(i=0;i<10;i++)
  37   1        {
  38   2          HX711_Buffer =ReadCount();  
  39   2          HX711_Buffer=HX711_Buffer>>8;
  40   2          Weight_Maopi +=HX711_Buffer;
  41   2        }
  42   1        Weight_Maopi=Weight_Maopi/10;  
  43   1      } 
  44           void Get_Weight() 
  45          {
  46   1        for(i=0;i<10;i++)
  47   1        {
  48   2          HX711_Buffer =ReadCount();  
  49   2          HX711_Buffer=HX711_Buffer>>8;
  50   2          Weight_Shiwu +=HX711_Buffer;
  51   2        }
  52   1        Weight_Shiwu=Weight_Shiwu/10;
  53   1        Weight_Shiwu=Weight_Shiwu-Weight_Maopi;
  54   1        if(Weight_Shiwu>0x1770)
  55   1          {Weight_Shiwu = (unsigned int)((float)Weight_Shiwu *1.04+0.007); }
C51 COMPILER V9.52.0.0   ________                                                          07/24/2015 10:01:17 PAGE 2   

  56   1        if(Weight_Shiwu<=0x1770&&Weight_Shiwu>0x03e8)
  57   1        {Weight_Shiwu = (unsigned int)((float)Weight_Shiwu *1.04+0.006); }
  58   1        if(Weight_Shiwu<=0x03e8&&Weight_Shiwu>0x0190)
  59   1          {Weight_Shiwu=(unsigned int)((float)Weight_Shiwu+0x26);}
  60   1          if(Weight_Shiwu<=0x0190&&Weight_Shiwu>0x0064)
  61   1        {Weight_Shiwu=(unsigned int)((float)Weight_Shiwu+3.8);}
  62   1        if(Weight_Shiwu<0x0064&&Weight_Shiwu>0x0002)
  63   1        {Weight_Shiwu=(unsigned int)((float)Weight_Shiwu+0.15);}
  64   1        if(Weight_Shiwu<=0x0002)
  65   1        {Weight_Shiwu=0;}
  66   1        k=Weight_Shiwu;
  67   1        showdata[1]=(k%10000/1000 + 0x30);
  68   1        showdata[2]=(k%1000/100 + 0x30);
  69   1        showdata[3]=(k%100/10 + 0x30);
  70   1        showdata[4]=(k%10 + 0x30);
  71   1      }
  72          void Usart() interrupt 4
  73          {
  74   1        receiveData=SBUF;//出去接收到的数据
  75   1        RI = 0;//清除接收中断标志位
  76   1      }
*** WARNING C316 IN LINE 76 OF 简单易行.c: unterminated conditionals


MODULE INFORMATION:   STATIC OVERLAYABLE
   CODE SIZE        =    884    ----
   CONSTANT SIZE    =   ----    ----
   XDATA SIZE       =   ----    ----
   PDATA SIZE       =   ----    ----
   DATA SIZE        =     34    ----
   IDATA SIZE       =   ----    ----
   BIT SIZE         =   ----    ----
END OF MODULE INFORMATION.


C51 COMPILATION COMPLETE.  1 WARNING(S),  0 ERROR(S)
