C51 COMPILER V9.52.0.0   MIAN                                                              07/19/2015 19:53:30 PAGE 1   


C51 COMPILER V9.52.0.0, COMPILATION OF MODULE MIAN
OBJECT MODULE PLACED IN mian.OBJ
COMPILER INVOKED BY: C:\Program Files\keil\C51\BIN\C51.EXE mian.c BROWSE DEBUG OBJECTEXTEND TABS(2)

line level    source

   1          #include<reg52.h>
   2          #include"main.h"
   3          #include"lcd.h"
   4          
   5          
   6          void main()
   7          {
   8   1        LCD1602_Init();
   9   1        Get_Maopi();
  10   1        Get_Weight();
  11   1        //MaoPi =Weight_Shiwu;
  12   1        //Weight_Shiwu = 0,MaoPi = 0; 
  13   1         /*while(1)
  14   1         {LCD1602_DisplayOneCharOnAddr(0,0,'1');
  15   1          }
  16   1          */
  17   1          while(1)
  18   1         {
  19   2           //LCD1602_DisplayOneCharOnAddr(0,0,'1');
  20   2           /*a=(ReadCount()>>4);
  21   2           //P1=a;
  22   2           b=((ReadCount()>>2)&&0x00ff);
  23   2           c=(ReadCount()&&0x0000ff);
  24   2           LCD1602_DisplayOneCharOnAddr(0,0,a);
  25   2           LCD1602_DisplayOneCharOnAddr(0,2,b);
  26   2           LCD1602_DisplayOneCharOnAddr(0,4,c);
  27   2           */
  28   2            Get_Weight();
  29   2            Show_Weight();
  30   2          }    
  31   1        
  32   1      }
  33          
  34          void Get_Maopi() 
  35          {  
  36   1        HX711_Buffer = ReadCount();  
  37   1        Weight_Maopi = HX711_Buffer;   
  38   1      } 
  39          void Get_Weight() 
  40          {
  41   1          HX711_Buffer =ReadCount();  
  42   1        // Weight_Shiwu = HX711_Buffer; 
  43   1         Weight_Shiwu=HX711_Buffer ;
  44   1         Weight_Shiwu = Weight_Shiwu - Weight_Maopi;
  45   1        Weight_Shiwu=Weight_Shiwu/100;
  46   1          Weight_Shiwu = (unsigned int)((float)Weight_Shiwu /4.22+0.05);  
  47   1        //./HX711_Buffer=HX711_Buffer/19*500;
  48   1        
  49   1        /*for(i=0;i<6;i++)
  50   1        {
  51   1          HX711_Buffer =ReadCount();  
  52   1          //HX711_Buffer=HX711_Buffer>>8;
  53   1          HX711_Buffer = HX711_Buffer/100; 
  54   1          Weight_Shiwu +=HX711_Buffer;
  55   1        }
C51 COMPILER V9.52.0.0   MIAN                                                              07/19/2015 19:53:30 PAGE 2   

  56   1        HX711_Buffer=Weight_Shiwu/5;
  57   1        Weight_Shiwu=(long)((float)(Weight_Shiwu-546)*9.9); //??????,???????????????
  58   1        Weight_Shiwu=(Weight_Shiwu+50)/100*100;*/
  59   1      }
  60          void Show_Weight()
  61          {
  62   1        //Weight_Shiwu-=MaoPi;
  63   1          //LCD1602_WriteInformation((0x80+0x40),0);
  64   1         LCD1602_DisplayOneCharOnAddr(0,0,(Weight_Shiwu/1000 + 0x30));   
  65   1        // LCD1602_DisplayOneCharOnAddr(0,1,'.');    
  66   1         LCD1602_DisplayOneCharOnAddr(0,1,(Weight_Shiwu%1000/100 + 0x30));   
  67   1         LCD1602_DisplayOneCharOnAddr(0,2,(Weight_Shiwu%100/10 + 0x30));  
  68   1         LCD1602_DisplayOneCharOnAddr(0,3,(Weight_Shiwu%10 + 0x30));
  69   1      }
*** WARNING C316 IN LINE 69 OF mian.c: unterminated conditionals


MODULE INFORMATION:   STATIC OVERLAYABLE
   CODE SIZE        =    346    ----
   CONSTANT SIZE    =   ----    ----
   XDATA SIZE       =   ----    ----
   PDATA SIZE       =   ----    ----
   DATA SIZE        =     22    ----
   IDATA SIZE       =   ----    ----
   BIT SIZE         =   ----    ----
END OF MODULE INFORMATION.


C51 COMPILATION COMPLETE.  1 WARNING(S),  0 ERROR(S)
