C51 COMPILER V6.23a  LCD                                                                   03/28/2011 00:21:22 PAGE 1   


C51 COMPILER V6.23a, COMPILATION OF MODULE LCD
OBJECT MODULE PLACED IN lcd.OBJ
COMPILER INVOKED BY: C:\Keil\C51\BIN\C51.EXE lcd.c BROWSE DEBUG OBJECTEXTEND

stmt level    source

   1          #include <reg52.h>
   2          #include "lcd.h"
   3          
   4          sbit lcd_cs=P2^6;
   5          sbit lcd_sdat=P2^5;
   6          sbit lcd_sclk=P2^4;
   7          
   8          unsigned char lcd_buffer[16];
   9          
  10          extern void delay(long dly);
  11          
  12          /*********************************************************************************************************
  13          ** Function name:       HZLCD_Init
  14          ** Descriptions:        HZLCD 初始化
  15          ** input parameters:    无
  16          ** output parameters:   无
  17          ** Returned value:      无
  18          *********************************************************************************************************/
  19          void HZLCD_Init (void)
  20          {
  21   1          lcd_cs=0;
  22   1              lcd_sdat=0;
  23   1              lcd_sclk=0;
  24   1              write_comm(0x30);                       //基本指令集
  25   1              write_comm(0x01);                       //清除显示屏幕，把DDRAM位址计数器调整为"00H"
  26   1              delay(1000);
  27   1              write_comm(0x03);                       //把DDRAM位址计数器调整为"00H"，游标回原点，该功能不影响显示DDRAM
  28   1              write_comm(0x06);                       //光标右移
  29   1              write_comm(0x0c);                       //显示屏打开
  30   1      }
  31          
  32          
  33          /*********************************************************************************************************
  34          ** Function name:       send_data
  35          ** Descriptions:        向lcd写入1个字节的数据。
  36          ** input parameters:    data：要写入的数据
  37          ** output parameters:   无
  38          ** Returned value:      无
  39          *********************************************************************************************************/
  40          void send_data(unsigned char dat)     //8位为待送数据
  41          {       
  42   1              unsigned char i;
  43   1              unsigned char data1=0x80;
  44   1              for(i=0;i<8;i++)
  45   1              {
  46   2                      if((dat&data1)==0)
  47   2                      {
  48   3                              lcd_sdat=0;
  49   3                      }
  50   2                      else
  51   2                      {
  52   3                              lcd_sdat=1;
  53   3                      }
  54   2              lcd_sclk=0; 
  55   2              lcd_sclk=1; 
C51 COMPILER V6.23a  LCD                                                                   03/28/2011 00:21:22 PAGE 2   

  56   2              lcd_sclk=0; 
  57   2                      data1=data1>>1;
  58   2              }
  59   1      }
  60          
  61          void write_data(unsigned char dat)             //向LCD写数据
  62          {       
  63   1              lcd_cs=1;
  64   1              send_data(0xfa);
  65   1              send_data(dat&0xf0);
  66   1              send_data((dat&0x0f)<<4);
  67   1              lcd_cs=0;
  68   1      }
  69          void write_comm(unsigned char dat)                                //向LCD写命令
  70          {       
  71   1              lcd_cs=1;
  72   1              send_data(0xf8);
  73   1              send_data(dat&0xf0);
  74   1              send_data((dat&0x0f)<<4);
  75   1              lcd_cs=0;
  76   1      }
  77                  
  78          
  79          void screen(unsigned char *dat)
  80          {       
  81   1              unsigned char i;
  82   1          write_comm(0x80);
  83   1              for (i=0;i<64;i++)
  84   1              {
  85   2                      write_data(dat[i]);
  86   2                      if (i==15)
  87   2                      write_comm(0x0090);    //设定DDRAM第二行，第一列
  88   2                      if (i==31)
  89   2                      write_comm(0x0088);    //设定DDRAM第三行，第一列
  90   2                      if (i==47)
  91   2                      write_comm(0x0098);    //设定DDRAM第四行，第一列
  92   2                      if (i==63)
  93   2                      write_comm(0x0080);    //设定DDRAM第四行，第一列
  94   2              }
  95   1      }       
  96          
  97          void disp_line(unsigned char line,unsigned char *dat)
  98          {       
  99   1              unsigned char i;
 100   1              switch(line)
 101   1              {
 102   2                      case 0:
 103   2                              write_comm(0x80);
 104   2                              break;
 105   2                      case 1:
 106   2                              write_comm(0x90);
 107   2                              break;
 108   2                      case 2:
 109   2                              write_comm(0x88);
 110   2                              break;
 111   2                      case 3:
 112   2                              write_comm(0x98);
 113   2                              break;
 114   2              }
 115   1              for (i=0;i<16;i++)
 116   1              {
 117   2                      write_data(dat[i]);
C51 COMPILER V6.23a  LCD                                                                   03/28/2011 00:21:22 PAGE 3   

 118   2              }
 119   1      }       
 120          
 121          
 122          
 123          
 124          
 125          void lcd_demo(void)
 126          {
 127   1          unsigned char code hz[65]={"  中文模块C 型  液晶图文显示器--    演示程序                    "};
 128   1          unsigned char code hz1[65]={"  英文字符显示  a b c d e f g h i j k l m n o p q r s t u v wxyz"};
 129   1          unsigned char code hz2[65]={"  英文字符显示  A B C D E F G H I J K L M N O P Q R S T U V WXYZ"};
 130   1          unsigned char code hz3[65]={"  数字符号显示  0 1 2 3 4 5 6 7 8 9 ~ !   # $ % ^ & * ( ) - + = "};
 131   1          unsigned char code hz4[65]={"+++++++++++++++++ 欢迎使用LCD  ++   液晶显示屏 +++++++++++++++++"};    
 132   1      //      while(1)
 133   1              {
 134   2                      screen(hz);
 135   2                      delay(30000);
 136   2                      screen(hz1);
 137   2                      delay(30000);
 138   2                      screen(hz2);
 139   2                      delay(30000);
 140   2                      screen(hz3);
 141   2                      delay(30000);
 142   2                      screen(hz4);
 143   2                      delay(30000);
 144   2      //              paint();
 145   2      //              delay(30000);
 146   2      
 147   2              }
 148   1      }
 149          
 150          void clear_lcd_buffer()
 151          {
 152   1              int i;
 153   1              for(i=0;i<16;i++)
 154   1              {
 155   2              lcd_buffer[i]=' ';              
 156   2              }
 157   1      }
 158          
 159          
 160                  


MODULE INFORMATION:   STATIC OVERLAYABLE
   CODE SIZE        =    370    ----
   CONSTANT SIZE    =    325    ----
   XDATA SIZE       =   ----    ----
   PDATA SIZE       =   ----    ----
   DATA SIZE        =     16       8
   IDATA SIZE       =   ----    ----
   BIT SIZE         =   ----    ----
END OF MODULE INFORMATION.


C51 COMPILATION COMPLETE.  0 WARNING(S),  0 ERROR(S)
