C51 COMPILER V9.52.0.0   74HC595                                                           07/30/2015 22:45:05 PAGE 1   


C51 COMPILER V9.52.0.0, COMPILATION OF MODULE 74HC595
OBJECT MODULE PLACED IN 74HC595.OBJ
COMPILER INVOKED BY: C:\Program Files\keil\C51\BIN\C51.EXE 74HC595.c BROWSE DEBUG OBJECTEXTEND TABS(2)

line level    source

   1          #include<reg52.h>
   2          #include"74HC595.h"
*** ERROR C132 IN LINE 6 OF 74HC595.h: '_Send595A': not in formal parameter list
*** ERROR C132 IN LINE 7 OF 74HC595.h: '_Send595AB': not in formal parameter list
   3          void SEG_Send595OneByte(unsigned char ucData) //向74HC595写入一个8位的数据
   4          {
*** ERROR C132 IN LINE 4 OF 74HC595.c: '_SEG_Send595OneByte': not in formal parameter list
*** ERROR C141 IN LINE 4 OF 74HC595.c: syntax error near '{'
   5            unsigned char i;
*** ERROR C136 IN LINE 5 OF 74HC595.c: 'i': 'void' on variable
*** ERROR C132 IN LINE 5 OF 74HC595.c: 'i': not in formal parameter list
   6            
   7            for(i = 0;i < 8;i++)   //8位数据依次写入，先写最低位
*** ERROR C141 IN LINE 7 OF 74HC595.c: syntax error near 'for'
*** ERROR C141 IN LINE 7 OF 74HC595.c: syntax error near '=', expected ')'
*** ERROR C129 IN LINE 7 OF 74HC595.c: missing ';' before '<'
   8            {
   9              SEG_DS = (ucData & 0x80); //先读入高位   x&0x80;
  10              SEG_SHCP = 0;
  11              SEG_SHCP = 1;
  12              SEG_SHCP = 0;    //SHCP引脚的上升沿移入数据
  13              ucData <<=1;     //数据左移
  14            }
  15          }
  16          
  17          void Send595A(unsigned char A)
  18          {
  19            SEG_Send595OneByte(A);  //send1
  20            //SEG_Send595OneByte(0x);  //send2
  21            SEG_STCP = 0;
  22            SEG_STCP = 1;    //CPU update the data
  23            SEG_STCP = 0;
  24          }
  25          
  26          void Send595AB(unsigned char A,unsigned char B )
  27          {
  28            SEG_Send595OneByte(A);  //send1
  29            SEG_Send595OneByte(B);  //send2
  30            SEG_STCP = 0;
  31            SEG_STCP = 1;    //CPU update the data
  32            SEG_STCP = 0;
  33          }

C51 COMPILATION COMPLETE.  0 WARNING(S),  9 ERROR(S)
