C51 COMPILER V9.01   LCD                                                                   07/19/2015 20:07:19 PAGE 1   


C51 COMPILER V9.01, COMPILATION OF MODULE LCD
OBJECT MODULE PLACED IN lcd.OBJ
COMPILER INVOKED BY: D:\Program Files\C51\BIN\C51.EXE lcd.c BROWSE DEBUG OBJECTEXTEND

line level    source

   1          #include"lcd.h"
   2          
   3          /*******************************************************************************
   4          * 函 数 名         : Lcd1602_Delay1ms
   5          * 函数功能                 : 延时函数，延时1ms
   6          * 输    入         : c
   7          * 输    出         : 无
   8          * 说    名         : 该函数是在12MHZ晶振下，12分频单片机的延时。
   9          *******************************************************************************/
  10          unsigned char time1[]={0x04,0x0f,0x12,0x0f,0x0a,0xff,0x02,0x00,
  11                                                          0x1f,0x11,0x11,0x1f,0x11,0x11,0x1f,0x00,
  12                                                          0x1f,0x11,0x1f,0x11,0x1f,0x11,0x13,0x00};
  13          
  14          void Lcd1602_Delay1ms(uint c)   //误差 0us
  15          {
  16   1          uchar a,b;
  17   1              for (; c>0; c--)
  18   1              {
  19   2                       for (b=199;b>0;b--)
  20   2                       {
  21   3                              for(a=1;a>0;a--);
  22   3                       }      
  23   2              }
  24   1              
  25   1      }
  26          
  27          /*******************************************************************************
  28          * 函 数 名         : LcdWriteCom
  29          * 函数功能                 : 向LCD写入一个字节的命令
  30          * 输    入         : com
  31          * 输    出         : 无
  32          *******************************************************************************/
  33          #ifndef         LCD1602_4PINS    //当没有定义这个LCD1602_4PINS时
              void LcdWriteCom(uchar com)       //写入命令
              {
                      LCD1602_E = 0;     //使能
                      LCD1602_RS = 0;    //选择发送命令
                      LCD1602_RW = 0;    //选择写入
                      
                      LCD1602_DATAPINS = com;     //放入命令
                      Lcd1602_Delay1ms(1);            //等待数据稳定
              
                      LCD1602_E = 1;            //写入时序
                      Lcd1602_Delay1ms(5);      //保持时间
                      LCD1602_E = 0;
              }
              #else 
  48          void LcdWriteCom(uchar com)       //写入命令
  49          {
  50   1              LCD1602_E = 0;   //使能清零
  51   1              LCD1602_RS = 0;  //选择写入命令
  52   1              LCD1602_RW = 0;  //选择写入
  53   1      
  54   1              LCD1602_DATAPINS = com; //由于4位的接线是接到P0口的高四位，所以传送高四位不用改
  55   1              Lcd1602_Delay1ms(1);
C51 COMPILER V9.01   LCD                                                                   07/19/2015 20:07:19 PAGE 2   

  56   1      
  57   1              LCD1602_E = 1;   //写入时序
  58   1              Lcd1602_Delay1ms(5);
  59   1              LCD1602_E = 0;
  60   1      
  61   1      //      Lcd1602_Delay1ms(1);
  62   1              LCD1602_DATAPINS = com << 4; //发送低四位
  63   1              Lcd1602_Delay1ms(1);
  64   1      
  65   1              LCD1602_E = 1;   //写入时序
  66   1              Lcd1602_Delay1ms(5);
  67   1              LCD1602_E = 0;
  68   1      }
  69          #endif
  70          /*******************************************************************************
  71          * 函 数 名         : LcdWriteData
  72          * 函数功能                 : 向LCD写入一个字节的数据
  73          * 输    入         : dat
  74          * 输    出         : 无
  75          *******************************************************************************/                   
  76          #ifndef         LCD1602_4PINS              
              void LcdWriteData(uchar dat)                    //写入数据
              {
                      LCD1602_E = 0;  //使能清零
                      LCD1602_RS = 1; //选择输入数据
                      LCD1602_RW = 0; //选择写入
              
                      LCD1602_DATAPINS = dat; //写入数据
                      Lcd1602_Delay1ms(1);
              
                      LCD1602_E = 1;   //写入时序
                      Lcd1602_Delay1ms(5);   //保持时间
                      LCD1602_E = 0;
              }
              #else
  91          void LcdWriteData(uchar dat)                    //写入数据
  92          {
  93   1              LCD1602_E = 0;    //使能清零
  94   1              LCD1602_RS = 1;   //选择写入数据
  95   1              LCD1602_RW = 0;   //选择写入
  96   1      
  97   1              LCD1602_DATAPINS = dat; //由于4位的接线是接到P0口的高四位，所以传送高四位不用改
  98   1              Lcd1602_Delay1ms(1);
  99   1      
 100   1              LCD1602_E = 1;    //写入时序
 101   1              Lcd1602_Delay1ms(5);
 102   1              LCD1602_E = 0;
 103   1      
 104   1              LCD1602_DATAPINS = dat << 4; //写入低四位
 105   1              Lcd1602_Delay1ms(1);
 106   1      
 107   1              LCD1602_E = 1;    //写入时序
 108   1              Lcd1602_Delay1ms(5);
 109   1              LCD1602_E = 0;
 110   1      }
 111          #endif
 112          /*******************************************************************************
 113          * 函 数 名       : LcdInit()
 114          * 函数功能               : 初始化LCD屏
 115          * 输    入       : 无
 116          * 输    出       : 无
 117          *******************************************************************************/                   
C51 COMPILER V9.01   LCD                                                                   07/19/2015 20:07:19 PAGE 3   

 118          #ifndef         LCD1602_4PINS
              void LcdInit()                                            //LCD初始化子程序
              {
                      LcdWriteCom(0x38);  //开显示
                      LcdWriteCom(0x0c);  //开显示不显示光标
                      LcdWriteCom(0x06);  //写一个指针加1
                      LcdWriteCom(0x01);  //清屏
                      LcdWriteCom(0x80);  //设置数据指针起点
              }
              #else
 128          void LcdInit()                                            //LCD初始化子程序
 129          {
 130   1              int i;
 131   1              LcdWriteCom(0x32);       //将8位总线转为4位总线
 132   1              LcdWriteCom(0x28);       //在四位线下的初始化
 133   1              LcdWriteCom(0x0c);  //开显示不显示光标
 134   1              LcdWriteCom(0x06);  //写一个指针加1
 135   1              LcdWriteCom(0x01);  //清屏
 136   1              LcdWriteCom(0x40);  //设置数据指针起点  自定义地址
 137   1      /*      for(i=0;i<24;i++)
 138   1              {
 139   1                      LcdWriteData(time1[i]);
 140   1              }*/
 141   1      }
*** WARNING C280 IN LINE 130 OF LCD.C: 'i': unreferenced local variable
 142          #endif


MODULE INFORMATION:   STATIC OVERLAYABLE
   CODE SIZE        =    120    ----
   CONSTANT SIZE    =   ----    ----
   XDATA SIZE       =   ----    ----
   PDATA SIZE       =   ----    ----
   DATA SIZE        =     24       2
   IDATA SIZE       =   ----    ----
   BIT SIZE         =   ----    ----
END OF MODULE INFORMATION.


C51 COMPILATION COMPLETE.  1 WARNING(S),  0 ERROR(S)
