C51 COMPILER V9.01   UART                                                                  07/19/2015 20:07:19 PAGE 1   


C51 COMPILER V9.01, COMPILATION OF MODULE UART
OBJECT MODULE PLACED IN uart.OBJ
COMPILER INVOKED BY: D:\Program Files\C51\BIN\C51.EXE uart.c BROWSE DEBUG OBJECTEXTEND

line level    source

   1          #include "uart.h"
   2          void InitUart()
   3          {
   4   1          SCON=0X50;                  //设置为工作方式1
   5   1              TMOD=0X20;                      //设置计数器工作方式2
   6   1              PCON=0X80;                      //波特率加倍
   7   1              TH1 = TL1 = -(FOSC/12/16/BAUD-256); //Set auto-reload vaule
   8   1              ES=1;                                           //打开接收中断
   9   1              EA=1;                                           //打开总中断
  10   1              TR1=1;                        //T1 start running
  11   1      }
  12          void SendData(unsigned char dat)
  13          {
  14   1              SBUF = dat;
  15   1          while (!TI);                    //Wait for the previous data is sent
  16   1          TI = 0;                         //Clear TI flag                     //Send current data
  17   1      }
  18          /*****************************************************
  19          void Usart() interrupt 4
  20          {
  21                  unsigned char receiveData;
  22          
  23                  receiveData=SBUF;//出去接收到的数据
  24                  RI = 0;//清除接收中断标志位
  25          }
  26          *****************************************************/


MODULE INFORMATION:   STATIC OVERLAYABLE
   CODE SIZE        =     30    ----
   CONSTANT SIZE    =   ----    ----
   XDATA SIZE       =   ----    ----
   PDATA SIZE       =   ----    ----
   DATA SIZE        =   ----    ----
   IDATA SIZE       =   ----    ----
   BIT SIZE         =   ----    ----
END OF MODULE INFORMATION.


C51 COMPILATION COMPLETE.  0 WARNING(S),  0 ERROR(S)
