C51 COMPILER V9.01   UART_SLAVE                                                            07/19/2015 20:07:19 PAGE 1   


C51 COMPILER V9.01, COMPILATION OF MODULE UART_SLAVE
OBJECT MODULE PLACED IN uart_slave.OBJ
COMPILER INVOKED BY: D:\Program Files\C51\BIN\C51.EXE uart_slave.c BROWSE DEBUG OBJECTEXTEND

line level    source

   1          #include "lcd.h"
   2          #include "uart.h"
   3          unsigned char i=0,j=0;
   4          unsigned char receiveData[6];
   5          bit showready=1;
   6          void main(void)
   7          {
   8   1              LcdInit();
   9   1          InitUART();
*** WARNING C206 IN LINE 9 OF UART_SLAVE.C: 'InitUART': missing function-prototype
  10   1              LcdWriteCom(0x80);
  11   1              while(1)
  12   1              {
  13   2                      if(!showready)
  14   2                      {
  15   3                              LcdWriteCom(0x80);
  16   3                              for(j=0;j<6;j++)
  17   3                              {
  18   4                                      LcdWriteData(receiveData[j]);
  19   4                                      showready=1;
  20   4                              }               
  21   3                      }
  22   2      
  23   2              }                                  
  24   1      }
  25          void Usart() interrupt 4
  26          {
  27   1              if(showready)
  28   1              {
  29   2                      receiveData[i]=SBUF;
  30   2                      RI = 0;
  31   2                      i++;
  32   2                      if(i>=6)
  33   2                      {
  34   3                              i=0;
  35   3                              showready=0;
  36   3                      }
  37   2              }
  38   1              else
  39   1                      RI=0;   
  40   1      }


MODULE INFORMATION:   STATIC OVERLAYABLE
   CODE SIZE        =     91    ----
   CONSTANT SIZE    =   ----    ----
   XDATA SIZE       =   ----    ----
   PDATA SIZE       =   ----    ----
   DATA SIZE        =      8    ----
   IDATA SIZE       =   ----    ----
   BIT SIZE         =      1    ----
END OF MODULE INFORMATION.


C51 COMPILATION COMPLETE.  1 WARNING(S),  0 ERROR(S)
