C51 COMPILER V9.52.0.0   MAIN                                                              04/03/2015 16:41:56 PAGE 1   


C51 COMPILER V9.52.0.0, COMPILATION OF MODULE MAIN
OBJECT MODULE PLACED IN ..\Outpt\main.obj
COMPILER INVOKED BY: C:\Program Files\keil\C51\BIN\C51.EXE ..\Source\main.c BROWSE DEBUG OBJECTEXTEND PRINT(.\main.lst) 
                    -TABS(2) OBJECT(..\Outpt\main.obj)

line level    source

   1          //连线：
   2          //LCD1602_RS = P3^6;  LCD1602_RW = P3^5;  LCD1602_EN = P3^7;  LCDPORT P0
   3          // DS1302_CLK = P2^0; DS1302_IO = P2^1; DS1302_RST = P2^2;
   4          
   5          
   6          
   7          #include<reg51.h>
   8          #include"lcd.h"
   9          #include"ds1302.h"
  10          //#include"8DigitalTubeDisplay.h"
  11          
  12          
  13          
  14          extern unsigned char code ucInitTime[]={0x10,0x20,0x15,0x12,0x04,0x04,0x11};  //初始化后设置为:15年04月2日
             -星期4 19点49分00秒
  15                                                 /* 秒 分 时 日 月 星期 年 */ 
  16          void LcdDisplay();
  17          
  18          void main()
  19          { 
  20   1      
  21   1         LCD1602_Init();    //液晶初始化
  22   1         DS1302_WriteOneByteAtAddr(0x8e,0x80);  
  23   1        DS1302_SetInit(ucInitTime); 
  24   1         while(1)
  25   1         {
  26   2           LcdDisplay();
  27   2          }
  28   1      }
  29          
  30          void LcdDisplay()
  31          {
  32   1          while(1)
  33   1        {
  34   2      
  35   2          LCD1602_DisplayOneCharOnAddr(0,0,('D'));
  36   2          LCD1602_DisplayOneCharOnAddr(0,1,('a'));
  37   2          LCD1602_DisplayOneCharOnAddr(0,2,'t');
  38   2          LCD1602_DisplayOneCharOnAddr(0,3,'a');
  39   2          LCD1602_DisplayOneCharOnAddr(0,4,':');
  40   2          LCD1602_DisplayOneCharOnAddr(0,5,'2');
  41   2          LCD1602_DisplayOneCharOnAddr(0,6,'0');
  42   2          LCD1602_DisplayOneCharOnAddr(0,7,('0'+DS1302_ReadOneByteAtAddr(ADDR_YEAR_R)/16));     //年
  43   2          LCD1602_DisplayOneCharOnAddr(0,8,('0'+DS1302_ReadOneByteAtAddr(ADDR_YEAR_R)%16));
  44   2          LCD1602_DisplayOneCharOnAddr(0,9,(0x00));
  45   2          LCD1602_DisplayOneCharOnAddr(0,10,('0'+DS1302_ReadOneByteAtAddr(ADDR_MONTH_R)/16));     //月
  46   2          LCD1602_DisplayOneCharOnAddr(0,11,('0'+DS1302_ReadOneByteAtAddr(ADDR_MONTH_R)%16));
  47   2          LCD1602_DisplayOneCharOnAddr(0,12,(0x01));
  48   2          LCD1602_DisplayOneCharOnAddr(0,13,('0'+DS1302_ReadOneByteAtAddr(ADDR_DAY_R)/16));     //日
  49   2          LCD1602_DisplayOneCharOnAddr(0,14,('0'+DS1302_ReadOneByteAtAddr(ADDR_DAY_R)%16)); 
  50   2          LCD1602_DisplayOneCharOnAddr(0,15,0x02);
  51   2          LCD1602_DisplayOneCharOnAddr(1,0,('0'+DS1302_ReadOneByteAtAddr(ADDR_HOUR_R)/16));       //时
  52   2          LCD1602_DisplayOneCharOnAddr(1,1,('0'+DS1302_ReadOneByteAtAddr(ADDR_HOUR_R)%16));        
  53   2          LCD1602_DisplayOneCharOnAddr(1,2,(':'));
C51 COMPILER V9.52.0.0   MAIN                                                              04/03/2015 16:41:56 PAGE 2   

  54   2          LCD1602_DisplayOneCharOnAddr(1,3,('0'+DS1302_ReadOneByteAtAddr(ADDR_MIN_R)/16));        //分
  55   2          LCD1602_DisplayOneCharOnAddr(1,4,('0'+DS1302_ReadOneByteAtAddr(ADDR_MIN_R)%16));  
  56   2          LCD1602_DisplayOneCharOnAddr(1,5,(':'));
  57   2          LCD1602_DisplayOneCharOnAddr(1,6,('0'+DS1302_ReadOneByteAtAddr(ADDR_SEC_R)/16));        //秒
  58   2          LCD1602_DisplayOneCharOnAddr(1,7,('0'+DS1302_ReadOneByteAtAddr(ADDR_SEC_R)%16));
  59   2          LCD1602_DisplayOneCharOnAddr(1,10,('0'+DS1302_ReadOneByteAtAddr(ADDR_WEEK_R)%16));  //星期    
  60   2          LCD1602_DisplayOneCharOnAddr(1,13,0x03);
  61   2          LCD1602_DisplayOneCharOnAddr(1,14,0x04);
  62   2          LCD1602_DisplayOneCharOnAddr(1,15,0x05);   
  63   2        }
  64   1      }
  65          


MODULE INFORMATION:   STATIC OVERLAYABLE
   CODE SIZE        =    400    ----
   CONSTANT SIZE    =      7    ----
   XDATA SIZE       =   ----    ----
   PDATA SIZE       =   ----    ----
   DATA SIZE        =   ----    ----
   IDATA SIZE       =   ----    ----
   BIT SIZE         =   ----    ----
END OF MODULE INFORMATION.


C51 COMPILATION COMPLETE.  0 WARNING(S),  0 ERROR(S)
