C51 COMPILER V9.52.0.0   MAIN3                                                             05/30/2015 08:37:07 PAGE 1   


C51 COMPILER V9.52.0.0, COMPILATION OF MODULE MAIN3
OBJECT MODULE PLACED IN ..\Outpt\main3.obj
COMPILER INVOKED BY: C:\Program Files\keil\C51\BIN\C51.EXE ..\Source\main3.c BROWSE DEBUG OBJECTEXTEND PRINT(.\main3.lst
                    -) TABS(2) OBJECT(..\Outpt\main3.obj)

line level    source

   1          #include<reg51.h>
   2          #include<intrins.h>
   3          #include"main.h"
   4          #include"lcd.h"
*** WARNING C318 IN LINE 4 OF ..\Source\main3.c: can't open file 'lcd.h'
   5          #include"ds1302.h"
   6          #include"temp.h"
*** WARNING C318 IN LINE 6 OF ..\Source\main3.c: can't open file 'temp.h'
   7          #include"12864.h"
   8          #include"I2C.h"
   9          #include"pcf8591.h"
*** WARNING C318 IN LINE 2 OF ..\Source\pcf8591.h: can't open file 'I2C.h'
  10          #define  NOP()   _nop_() 
  11          //--∂®“Â»´æ÷±‰¡ø
  12          
  13          
  14          void main()
  15          {
  16   1        Time0[7]=0x20;
  17   1        lcd_init(); 
  18   1        while(1)
  19   1        {
  20   2          //lcd_wcmd(0x80); 
  21   2      
  22   2          //LcdDisplayTemp0(Ds18b20ReadTemp());
  23   2          ClockPlay();
  24   2          //ADDisplay();
  25   2        }
  26   1      }
  27          
  28          void LcdDisplayTemp0(int temp)   //lcdœ‘ æ
  29          {
  30   1        unsigned char i; unsigned char T[5];
  31   1          float tp;  
  32   1        if(temp< 0)       //µ±Œ¬∂»÷µŒ™∏∫ ˝
  33   1          {
  34   2          DisplayData[0] = 0x40; 
  35   2          //“ÚŒ™∂¡»°µƒŒ¬∂» « µº Œ¬∂»µƒ≤π¬Î£¨À˘“‘ºı1£¨‘Ÿ»°∑¥«Û≥ˆ‘≠¬Î
  36   2          temp=temp-1;
  37   2          temp=~temp;
  38   2          tp=temp;
  39   2          temp=tp*0.0625*100+0.5; 
  40   2          //¡Ù¡Ω∏ˆ–° ˝µ„æÕ*100£¨+0.5 «Àƒ…·ŒÂ»Î£¨“ÚŒ™C”Ô—‘∏°µ„ ˝◊™ªªŒ™’˚–Õµƒ ±∫Ú∞—–° ˝µ„
  41   2          //∫Û√Êµƒ ˝◊‘∂Ø»•µÙ£¨≤ªπ‹ «∑Ò¥Û”⁄0.5£¨∂¯+0.5÷Æ∫Û¥Û”⁄0.5µƒæÕ «Ω¯1¡À£¨–°”⁄0.5µƒæÕ
  42   2          //À„”…œ0.5£¨ªπ «‘⁄–° ˝µ„∫Û√Ê°£
  43   2       
  44   2          }
  45   1        else
  46   1          {     
  47   2          DisplayData[0] = 0x00;
  48   2          tp=temp;//“ÚŒ™ ˝æ›¥¶¿Ì”––° ˝µ„À˘“‘Ω´Œ¬∂»∏≥∏¯“ª∏ˆ∏°µ„–Õ±‰¡ø
  49   2          //»Áπ˚Œ¬∂» «’˝µƒƒ«√¥£¨ƒ«√¥’˝ ˝µƒ‘≠¬ÎæÕ «≤π¬ÎÀ¸±æ…Ì
  50   2          temp=tp*0.0625*100+0.5; 
  51   2          //¡Ù¡Ω∏ˆ–° ˝µ„æÕ*100£¨+0.5 «Àƒ…·ŒÂ»Î£¨“ÚŒ™C”Ô—‘∏°µ„ ˝◊™ªªŒ™’˚–Õµƒ ±∫Ú∞—–° ˝µ„
C51 COMPILER V9.52.0.0   MAIN3                                                             05/30/2015 08:37:07 PAGE 2   

  52   2          //∫Û√Êµƒ ˝◊‘∂Ø»•µÙ£¨≤ªπ‹ «∑Ò¥Û”⁄0.5£¨∂¯+0.5÷Æ∫Û¥Û”⁄0.5µƒæÕ «Ω¯1¡À£¨–°”⁄0.5µƒæÕ
  53   2          //À„º”…œ0.5£¨ªπ «‘⁄–° ˝µ„∫Û√Ê°£
  54   2        }
  55   1        //P3=tp;
  56   1      
  57   1        Data0[0] = temp / 10000;
  58   1        Data0[1] = temp % 10000 / 1000;
  59   1        Data0[2] = temp % 1000 / 100 ;
  60   1        Data0[3] = temp % 100 / 10;
  61   1        Data0[4] = temp % 10;
  62   1        
  63   1        for(i=0;i<=4;i++)
  64   1        {
  65   2          switch(Data0[i])
  66   2          {
  67   3            case 0:
  68   3            {T[i]=0x30;break;}
  69   3            case 1:
  70   3            {T[i]=0x31;break;}
  71   3            case 2:
  72   3            {T[i]=0x32;break;}
  73   3            case 3:
  74   3            {T[i]=0x33;break;}
  75   3            case 4:
  76   3            {T[i]=0x34;break;}
  77   3            case 5:
  78   3            { T[i]=0x35;break;}
  79   3            case 6:
  80   3            { T[i]=0x36;break;}
  81   3            case 7:
  82   3            {T[i]=0x37;break;}
  83   3            case 8:
  84   3            {T[i]=0x38;break;}
  85   3            case 9:
  86   3            {T[i]=0x39;break;}      
  87   3          }
  88   2        }
  89   1             lcd_pos(1,0);             //??????????
  90   1           for(i=0;i<5;i++)
  91   1           {
  92   2             lcd_wdat(DIS3[i]);
  93   2           }
  94   1           lcd_wcmd(0x93);
  95   1           lcd_wdat(T[0]);
  96   1        lcd_wdat(T[1]);
  97   1        lcd_wdat(T[2]);
  98   1        lcd_wdat(0x2e);
  99   1        lcd_wdat(T[3]);
 100   1        lcd_wdat(T[4]);//lcd_pos(3,0);
 101   1        lcd_wdat(0xa1);
 102   1        lcd_wdat(0xe3);
 103   1        lcd_wdat(0x63);
 104   1        /* for(i=1;i<5;i++)
 105   1           {
 106   1             lcd_wdat(T[i]);
 107   1             delay0(3);
 108   1           }
 109   1            lcd_wdat(0x65);
 110   1      */
 111   1      }
 112          void delay_main(int ms)
 113          {
C51 COMPILER V9.52.0.0   MAIN3                                                             05/30/2015 08:37:07 PAGE 3   

 114   1          while(ms--)
 115   1        {
 116   2            uchar i;
 117   2          for(i=0;i<150;i++)  
 118   2           {
 119   3            _nop_();         
 120   3          _nop_();
 121   3          _nop_();
 122   3          _nop_();
 123   3           }
 124   2        }
 125   1      } 
 126          
 127          void readtime()
 128          {
 129   1           Time0[0]= (DS1302_ReadOneByteAtAddr(ADDR_SEC_R));
 130   1           Time0[1]= (DS1302_ReadOneByteAtAddr(ADDR_MIN_R));
 131   1           Time0[2]= (DS1302_ReadOneByteAtAddr(ADDR_HOUR_R));
 132   1           Time0[3]= (DS1302_ReadOneByteAtAddr(ADDR_DAY_R));
 133   1           Time0[4]= (DS1302_ReadOneByteAtAddr(ADDR_MONTH_R));
 134   1           Time0[5]= (DS1302_ReadOneByteAtAddr(ADDR_WEEK_R));
 135   1           Time0[6]= (DS1302_ReadOneByteAtAddr(ADDR_YEAR_R));
 136   1      }
 137          void ClockPlay()
 138          {   uchar i;
 139   1        
 140   1            if((Time0[7]&0x0a)==0x0a)    
 141   1            {   
 142   2                Time0[7]=(Time0[7]&0xf0);
 143   2                Time0[7]+=0x10;
 144   2            }
 145   1            if((Time0[7]&0x0f)==0x0f)
 146   1            {   
 147   2                Time0[7]=(Time0[7]&0xf0);
 148   2                Time0[7]+=0x09;
 149   2            }
 150   1          readtime();
 151   1           lcd_pos(1,0);             //…Ë÷√œ‘ æŒª÷√Œ™µ⁄“ª––
 152   1           for(i=0;i<5;i++)
 153   1           {
 154   2             lcd_wdat(DIS1[i]);
 155   2             delay_main(5);
 156   2           }
 157   1           lcd_wcmd(0x91); 
 158   1           lcd_wdat(0x30+Time0[7]/16);
 159   1           lcd_wdat(0x30+Time0[7]%16);
 160   1           lcd_wdat(0x30+Time0[6]/16);
 161   1           lcd_wdat(0x30+Time0[6]%16);
 162   1           lcd_wdat(0xc4);
 163   1           lcd_wdat(0xea);
 164   1           lcd_wdat(0x30+Time0[4]/16);
 165   1           lcd_wdat(0x30+Time0[4]%16);
 166   1           lcd_wdat(0xd4);
 167   1           lcd_wdat(0xc2);
 168   1           lcd_wdat(0x30+Time0[3]/16);
 169   1           lcd_wdat(0x30+Time0[3]%16);
 170   1           lcd_wdat(0xc8);
 171   1           lcd_wdat(0xd5);
 172   1           lcd_pos(3,0);           
 173   1           for(i=0;i<5;i++)
 174   1           {
 175   2             lcd_wdat(DIS2[i]);
C51 COMPILER V9.52.0.0   MAIN3                                                             05/30/2015 08:37:07 PAGE 4   

 176   2             delay_main(5);
 177   2           }
 178   1           //lcd_pos(4,0); 
 179   1           lcd_wcmd(0x9C); 
 180   1           lcd_wdat(0x30+Time0[2]/16);
 181   1           lcd_wdat(0x30+Time0[2]%16);
 182   1           lcd_wdat(':');
 183   1           lcd_wdat(0x30+Time0[1]/16);
 184   1           lcd_wdat(0x30+Time0[1]%16);
 185   1           lcd_wdat(':');
 186   1           lcd_wdat(0x30+Time0[0]/16);
 187   1           lcd_wdat(0x30+Time0[0]%16);
 188   1      }
 189          void ADDisplay()
 190          {int i;
 191   1        ISendByte(PCF8591,0x41);
 192   1        D[0]=IRcvByte(PCF8591)*2;  //ADC0 ƒ£ ˝◊™ªª1  ∑≈¥Û2±∂œ‘ æ
 193   1        LedOut[0]=Disp_Tab[D[0]%10000/1000];
 194   1           LedOut[1]=Disp_Tab[D[0]%1000/100];
 195   1           LedOut[2]=Disp_Tab[D[0]%100/10];
 196   1           LedOut[3]=Disp_Tab[D[0]%10];
 197   1            lcd_pos(3,0);             //…Ë÷√œ‘ æŒª÷√Œ™µ⁄“ª––
 198   1           for(i=0;i<5;i++)
 199   1           {
 200   2             lcd_wdat(DIS4[i]);
 201   2             delay_main(5);
 202   2           }
 203   1           lcd_wcmd(0x9C); 
 204   1          //lcd_wdat(LedOut[0]);
 205   1           lcd_wdat(LedOut[1]);
 206   1          //     lcd_wdat(DIS6[0]);
 207   1           //lcd_wdat(DIS6[1]);
 208   1                lcd_wdat(0x2e);//.
 209   1           lcd_wdat(LedOut[2]);
 210   1      
 211   1           lcd_wdat(LedOut[3]);
 212   1           lcd_wdat(0x56);//V
 213   1      
 214   1      }
 215          void delay0(unsigned int n)
 216          {
 217   1        unsigned int k;
 218   1        for(k=2;k>0;k--)
 219   1        {
 220   2          while(n--){NOP();}
 221   2        }
 222   1      }


MODULE INFORMATION:   STATIC OVERLAYABLE
   CODE SIZE        =   1242    ----
   CONSTANT SIZE    =     33    ----
   XDATA SIZE       =     32    ----
   PDATA SIZE       =   ----    ----
   DATA SIZE        =     87      21
   IDATA SIZE       =   ----    ----
   BIT SIZE         =   ----    ----
END OF MODULE INFORMATION.


C51 COMPILATION COMPLETE.  3 WARNING(S),  0 ERROR(S)
