C51 COMPILER V9.52.0.0   74HC164                                                           06/18/2015 19:29:55 PAGE 1   


C51 COMPILER V9.52.0.0, COMPILATION OF MODULE 74HC164
OBJECT MODULE PLACED IN 74HC164.OBJ
COMPILER INVOKED BY: C:\Program Files\keil\C51\BIN\C51.EXE 74HC164.c BROWSE DEBUG OBJECTEXTEND TABS(2)

line level    source

   1          #include<reg52.h> 
   2          #include"hc164.h"
   3          
   4          
   5          
   6          /*------------------------------------------------
   7                             延时子程序
   8          ------------------------------------------------*/
   9          void delay_164(unsigned int cnt) 
  10          {
  11   1       while(--cnt);
  12   1      }
  13          
  14          void HC164(unsigned char temp)
  15          {
  16   1        unsigned char i;
  17   1        for(i=0;i<8;i++)
  18   1             {CLK=0;          //上升沿作用
  19   2               INPUT=temp&0x80;//取最后一位赋值
  20   2            //   delay_164(2);
  21   2             temp<<=1;       //右移
  22   2            //   delay_164(2);
  23   2             
  24   2             CLK=1;
  25   2            }
  26   1      }
  27          /*------------------------------------------------
  28                              主函数
  29          ------------------------------------------------*/
  30          /*main()
  31          {
  32           unsigned char temp;        //作为测试数据
  33           unsigned char i;
  34           A=1;//悬空的一端要置高电平
  35             
  36           while(1)
  37                {
  38                     temp=0xc0;    //共阳数码管0
  39              for(i=0;i<8;i++)
  40                 {
  41                   INPUT=temp&0x01;//取最后一位赋值
  42                 temp>>=1;       //右移
  43                 CLK=0;          //上升沿作用
  44                 CLK=1;
  45                }
  46                 delay(30000); 
  47                 delay(30000);  //演示有助于观察效果
  48                temp=0xf9;    //共阳数码管1
  49                for(i=0;i<8;i++)
  50                 {
  51                   INPUT=temp&0x01;//取最后一位赋值
  52                 temp>>=1;       //右移
  53                 CLK=0;          //上升沿作用
  54                 CLK=1;
  55                }
C51 COMPILER V9.52.0.0   74HC164                                                           06/18/2015 19:29:55 PAGE 2   

  56                delay(30000); 
  57                 delay(30000);  //演示有助于观察效果
  58                }
  59          }
  60          */


MODULE INFORMATION:   STATIC OVERLAYABLE
   CODE SIZE        =     29    ----
   CONSTANT SIZE    =   ----    ----
   XDATA SIZE       =   ----    ----
   PDATA SIZE       =   ----    ----
   DATA SIZE        =   ----    ----
   IDATA SIZE       =   ----    ----
   BIT SIZE         =   ----    ----
END OF MODULE INFORMATION.


C51 COMPILATION COMPLETE.  0 WARNING(S),  0 ERROR(S)
