C51 COMPILER V9.52.0.0   DS1302                                                            06/18/2015 19:29:55 PAGE 1   


C51 COMPILER V9.52.0.0, COMPILATION OF MODULE DS1302
OBJECT MODULE PLACED IN ds1302.OBJ
COMPILER INVOKED BY: C:\Program Files\keil\C51\BIN\C51.EXE ds1302.c BROWSE DEBUG OBJECTEXTEND TABS(2)

line level    source

   1          #include<reg52.h>
   2          #include"ds1302.h"
   3          
   4          /******************************************************************************
   5          函数名称：DS1302_WriteOneByte
   6          函数功能：向DS1302写入一个字符
   7          入口参数：ucData-数据
   8          返回值：无
   9          备注：无
  10          *******************************************************************************/
  11          void DS1302_WriteOneByte(unsigned char uData) 
  12          { 
  13   1          unsigned char i;
  14   1          ACC = uData;
  15   1          DS1302_RST = 1;
  16   1          for(i=8; i>0; i--)
  17   1          {
  18   2              DS1302_IO = ACC0;         
  19   2              DS1302_CLK = 0;
  20   2              DS1302_CLK = 1;       //先写入最低位，上升沿写入
  21   2              ACC = ACC >> 1; 
  22   2          } 
  23   1      }
  24          
  25          /******************************************************************************
  26          函数名称：DS1302_ReadOneByte
  27          函数功能：从DS1302读取一个数据
  28          入口参数：无
  29          返回值：读取的数据
  30          备注：无
  31          *******************************************************************************/
  32          unsigned char DS1302_ReadOneByte(void) 
  33          { 
  34   1          unsigned char i;
  35   1          DS1302_RST = 1;
  36   1          for(i=8; i>0; i--)
  37   1          {
  38   2              ACC = ACC >>1;         //相当于汇编中的 RRC 
  39   2              DS1302_IO = 1;
  40   2              DS1302_CLK = 1;
  41   2              DS1302_CLK = 0;        //下降沿读取，先读最低位
  42   2              ACC7 = DS1302_IO;
  43   2          } 
  44   1          return(ACC); 
  45   1      }
  46          
  47          /******************************************************************************
  48          函数名称：DS1302_WriteOneByteAtAddr
  49          函数功能：在DS1302的指定位置写入一个数据
  50          入口参数：ucAddr-地址   ；  ucData-数据
  51          返回值：无
  52          备注：无
  53          *******************************************************************************/
  54          void DS1302_WriteOneByteAtAddr(unsigned char uAddr, unsigned char uData)
  55          {
C51 COMPILER V9.52.0.0   DS1302                                                            06/18/2015 19:29:55 PAGE 2   

  56   1          DS1302_RST = 0;
  57   1          DS1302_CLK = 0;
  58   1          DS1302_RST = 1;
  59   1          DS1302_WriteOneByte(uAddr);      
  60   1          DS1302_WriteOneByte(uData);      
  61   1          DS1302_CLK = 1;
  62   1          DS1302_RST = 0;
  63   1          DS1302_IO = 0;
  64   1      }
  65          
  66          /******************************************************************************
  67          函数名称：DS1302_ReadOneByteAtAddr
  68          函数功能：在指定的位置读取一个数据
  69          入口参数：ucAddr-地址
  70          返回值：读取的数据
  71          备注：无
  72          *******************************************************************************/
  73          unsigned char DS1302_ReadOneByteAtAddr(unsigned char uAddr)
  74          {
  75   1          unsigned char ucBackValue;
  76   1          DS1302_RST = 0;
  77   1          DS1302_CLK = 0;
  78   1          DS1302_RST = 1;
  79   1          DS1302_WriteOneByte(uAddr);             
  80   1          ucBackValue = DS1302_ReadOneByte();         
  81   1          DS1302_CLK = 1;
  82   1          DS1302_RST = 0;
  83   1          return(ucBackValue);
  84   1      }
  85          
  86          /******************************************************************************
  87          函数名称：DS1302_SetInit
  88          函数功能：设置初始化
  89          入口参数：pClk-初始化数组的指针
  90          返回值：无
  91          备注：无
  92          *******************************************************************************/
  93          void DS1302_SetInit(unsigned char *pClk) 
  94          {
  95   1          unsigned char i;
  96   1          unsigned char uAddr = 0x80; 
  97   1          DS1302_WriteOneByteAtAddr(0x8e,0x00);           /* 控制命令,WP=0,写操作*/
  98   1          for(i =7; i>0; i--)
  99   1          { 
 100   2              DS1302_WriteOneByteAtAddr(uAddr,*pClk);  /* 秒 分 时 日 月 星期 年 */ 
 101   2              pClk++;
 102   2              uAddr +=2;
 103   2          }
 104   1          DS1302_WriteOneByteAtAddr(0x8e,0x80);           /* 控制命令,WP=1,写保护*/
 105   1      }


MODULE INFORMATION:   STATIC OVERLAYABLE
   CODE SIZE        =    113    ----
   CONSTANT SIZE    =   ----    ----
   XDATA SIZE       =   ----    ----
   PDATA SIZE       =   ----    ----
   DATA SIZE        =   ----       1
   IDATA SIZE       =   ----    ----
   BIT SIZE         =   ----    ----
END OF MODULE INFORMATION.


C51 COMPILATION COMPLETE.  0 WARNING(S),  0 ERROR(S)
