C51 COMPILER V9.52.0.0   LCD                                                               06/18/2015 19:29:55 PAGE 1   


C51 COMPILER V9.52.0.0, COMPILATION OF MODULE LCD
OBJECT MODULE PLACED IN lcd.OBJ
COMPILER INVOKED BY: C:\Program Files\keil\C51\BIN\C51.EXE lcd.c BROWSE DEBUG OBJECTEXTEND TABS(2)

line level    source

   1          #include<reg52.h>
   2          #include"LCD1602.h"
   3          #include"hc164.h"
   4          unsigned char  code Data[]={0x04,0x0f,0x12,0x0f,0x0a,0x1f,0x02,0x02,//年
   5                                      0x0f,0x09,0x0f,0x09,0x0f,0x09,0x09,0x13,//月
   6                                      0x1f,0x11,0x11,0x1f,0x11,0x11,0xff,0x00,//日
   7                                      0x0e,0x0a,0x0e,0x00,0x1f,0x11,0x11,0x1f,//吕
   8                                      0x04,0x1f,0x08,0x1f,0x09,0x0f,0x09,0x09,
   9                                      0x02,0x02,0x1f,0x06,0x0a,0x12,0x02,0x06,
  10                                      0x1c,0x14,0x1c,0x03,0x04,0x04,0x04,0x03//°c
  11                         };
  12          
  13          /******************************************************************************
  14          函数名称：LCD1602_CheckBusy
  15          函数功能：忙检测
  16          入口参数：无
  17          返回值：无
  18          备注：忙检测采用了多加一个延时条件的办法，放置程序卡在检测函数中
  19          *******************************************************************************/
  20          /*void LCD1602_CheckBusy()    
  21          {
  22            unsigned char i = 255;
  23            //LCDPORT = 0xFF;  //读之前先置位，准备读取IO口数据
  24            HC164(0xff);
  25            LCD1602_RS = 0;
  26            LCD1602_RW = 1;  //使液晶处于读数据状态
  27            LCD1602_EN = 1;  //使能液晶，高电平有效
  28            while((i--) & ((HC164(0xff)& 0x80));  //忙检测
  29            LCD1602_EN = 0;
  30          }
  31          */
  32          /******************************************************************************
  33          函数名称：LCD1602_WriteInformation
  34          函数功能：向LCD1602液晶写入数据或者命令
  35          入口参数：ucData-要写入的数据或者命令参数
  36                bComOrData-为0时写入的时命令，为1时写入的时数据
  37          返回值：无
  38          备注：无
  39          *******************************************************************************/
  40          void LCD1602_WriteInformation(unsigned char ucData,bit bComOrData)   
  41          {
  42   1        //LCD1602_CheckBusy();   //在写入数据或者命令前先进行忙检测
  43   1        //LCDPORT = ucData;    //先将数据或者命令送至IO
  44   1        HC164(ucData);
  45   1        Delay_lcd(3);
  46   1        LCD1602_RS = bComOrData;  //确定是写入数据还是写命令
  47   1        LCD1602_RW = 0;   //使液晶处于写入信息状态
  48   1        LCD1602_EN = 1;   //使能液晶，高电平有效
  49   1        LCD1602_EN = 0;
  50   1      }
  51          
  52          /******************************************************************************
  53          函数名称：LCD1602_Init
  54          函数功能：液晶初始化函数
  55          入口参数：无
C51 COMPILER V9.52.0.0   LCD                                                               06/18/2015 19:29:55 PAGE 2   

  56          返回值：无
  57          备注：无
  58          *******************************************************************************/
  59          void LCD1602_Init()    
  60          {
  61   1        unsigned char i;
  62   1        LCD1602_WriteInformation(0x38,0);
  63   1        Delay_lcd(300);
  64   1        LCD1602_WriteInformation(0x38,0);
  65   1        Delay_lcd(100);
  66   1        LCD1602_WriteInformation(0x38,0);
  67   1        Delay_lcd(100);
  68   1        LCD1602_WriteInformation(0x38,0);   //写入命令，5x7点阵工作方式，8位数据接口
  69   1        Delay_lcd(100);
  70   1        LCD1602_WriteInformation(0x0c,0); //显示设置，开显示，光标不显示，不闪烁//        （为0时否）
  71   1        Delay_lcd(100);
  72   1        LCD1602_WriteInformation(0x01,0); //清屏指令
  73   1        Delay_lcd(100);
  74   1        LCD1602_WriteInformation(0x40,0); 
  75   1        for(i=0;i<64;i++)
  76   1        {
  77   2            LCD1602_WriteInformation(Data[i],1);  
  78   2        }
  79   1      }
  80            
  81          /******************************************************************************
  82          函数名称：LCD1602_MoveToPosition
  83          函数功能：将液晶的光标移动到指定的位置
  84          入口参数：x-液晶显示的行数，范围0-1
  85                x = 0:在液晶的第一行
  86                x = 1:在液晶的第二行
  87                y-液晶显示的列数，范围0-15
  88                  y = 0:在液晶的第一列
  89                y = 1:在液晶的第二列
  90                ......
  91                y = 15:在液晶的第十六列
  92          返回值：无
  93          备注：通过指定x,y的值可以将液晶的光标移动到指定的位置
  94          *******************************************************************************/
  95          void LCD1602_MoveToPosition(unsigned char x,unsigned char y)  
  96          {
  97   1        if(0 == x)
  98   1          LCD1602_WriteInformation((0x80 | y),0);    //光标定位到第一行的y列
  99   1        if(1 == x)
 100   1          LCD1602_WriteInformation((0xC0 | y),0);    //光标定义到第二行的y列
 101   1      }
 102          
 103          /******************************************************************************
 104          函数名称：LCD1602_DisplayOneCharOnAddr
 105          函数功能：在指定的位置上显示指定的字符
 106          入口参数：x-液晶显示的行数，范围0-1
 107                x = 0:在液晶的第一行
 108                x = 1:在液晶的第二行
 109                y-液晶显示的列数，范围0-15
 110                  y = 0:在液晶的第一列
 111                y = 1:在液晶的第二列
 112                ......
 113                y = 15:在液晶的第十六列
 114                ucData-要显示的字符数据
 115          返回值：无
 116          备注：确保x,y的取值要在指定的范围内
 117          *******************************************************************************/
C51 COMPILER V9.52.0.0   LCD                                                               06/18/2015 19:29:55 PAGE 3   

 118          void LCD1602_DisplayOneCharOnAddr(unsigned char x,unsigned char y,unsigned char ucData)
 119          {
 120   1        LCD1602_MoveToPosition(x,y);   //光标位置
 121   1        LCD1602_WriteInformation(ucData,1);   //写入数据
 122   1      }
 123          
 124          /******************************************************************************
 125          函数名称：LCD1602_DisplayString
 126          函数功能：显示字符串
 127          入口参数：ucStr-字符串的首地址
 128          返回值：无
 129          备注：无
 130          *******************************************************************************/
 131          void LCD1602_DisplayString(unsigned char *ucStr)  
 132          {
 133   1        while(*ucStr != '\0')    //字符串结束之前，循环显示
 134   1        {
 135   2           LCD1602_WriteInformation(*ucStr,1);   //依次写入每一个字符
 136   2           ucStr++;                //指针增加
 137   2        }
 138   1      }
 139          
 140          /******************************************************************************
 141          函数名称：Delay
 142          函数功能：延时函数
 143          入口参数：uiCount-延时参数，每加1增加0.5ms
 144          返回值：无
 145          备注：无
 146          *******************************************************************************/
 147          void Delay_lcd(unsigned int uiCount)
 148          {
 149   1        unsigned char j = 244;
 150   1        for(;uiCount > 0;uiCount--) while(--j); 
 151   1      }
 152          


MODULE INFORMATION:   STATIC OVERLAYABLE
   CODE SIZE        =    213    ----
   CONSTANT SIZE    =     56    ----
   XDATA SIZE       =   ----    ----
   PDATA SIZE       =   ----    ----
   DATA SIZE        =   ----       7
   IDATA SIZE       =   ----    ----
   BIT SIZE         =   ----       1
END OF MODULE INFORMATION.


C51 COMPILATION COMPLETE.  0 WARNING(S),  0 ERROR(S)
