C51 COMPILER V9.52.0.0   DS1302                                                            05/29/2015 12:30:14 PAGE 1   


C51 COMPILER V9.52.0.0, COMPILATION OF MODULE DS1302
OBJECT MODULE PLACED IN ds1302.obj
COMPILER INVOKED BY: C:\Program Files\keil\C51\BIN\C51.EXE DS1302\ds1302.c LARGE BROWSE DEBUG OBJECTEXTEND PRINT(.\ds130
                    -2.lst) TABS(2) OBJECT(ds1302.obj)

line level    source

   1          #include"ds1302.h"
   2          
   3          /******************************************************************************
   4          函数名称：DS1302_WriteOneByte
   5          函数功能：向DS1302写入一个字符
   6          入口参数：ucData-数据
   7          返回值：无
   8          备注：无
   9          *******************************************************************************/
  10          void DS1302_WriteOneByte(unsigned char uData) 
  11          { 
  12   1          unsigned char i;
  13   1          ACC = uData;
  14   1          DS1302_RST = 1;
  15   1          for(i=8; i>0; i--)
  16   1          {
  17   2              DS1302_IO = ACC0;         
  18   2              DS1302_CLK = 0;
  19   2              DS1302_CLK = 1;       //先写入最低位，上升沿写入
  20   2              ACC = ACC >> 1; 
  21   2          } 
  22   1      }
  23          
  24          /******************************************************************************
  25          函数名称：DS1302_ReadOneByte
  26          函数功能：从DS1302读取一个数据
  27          入口参数：无
  28          返回值：读取的数据
  29          备注：无
  30          *******************************************************************************/
  31          unsigned char DS1302_ReadOneByte(void) 
  32          { 
  33   1          unsigned char i;
  34   1          DS1302_RST = 1;
  35   1          for(i=8; i>0; i--)
  36   1          {
  37   2              ACC = ACC >>1;         //相当于汇编中的 RRC 
  38   2              DS1302_IO = 1;
  39   2              DS1302_CLK = 1;
  40   2              DS1302_CLK = 0;        //下降沿读取，先读最低位
  41   2              ACC7 = DS1302_IO;
  42   2          } 
  43   1          return(ACC); 
  44   1      }
  45          
  46          /******************************************************************************
  47          函数名称：DS1302_WriteOneByteAtAddr
  48          函数功能：在DS1302的指定位置写入一个数据
  49          入口参数：ucAddr-地址   ；  ucData-数据
  50          返回值：无
  51          备注：无
  52          *******************************************************************************/
  53          void DS1302_WriteOneByteAtAddr(unsigned char uAddr, unsigned char uData)
  54          {
C51 COMPILER V9.52.0.0   DS1302                                                            05/29/2015 12:30:14 PAGE 2   

  55   1          DS1302_RST = 0;
  56   1          DS1302_CLK = 0;
  57   1          DS1302_RST = 1;
  58   1          DS1302_WriteOneByte(uAddr);      
  59   1          DS1302_WriteOneByte(uData);      
  60   1          DS1302_CLK = 1;
  61   1          DS1302_RST = 0;
  62   1          DS1302_IO = 0;
  63   1      }
  64          
  65          /******************************************************************************
  66          函数名称：DS1302_ReadOneByteAtAddr
  67          函数功能：在指定的位置读取一个数据
  68          入口参数：ucAddr-地址
  69          返回值：读取的数据
  70          备注：无
  71          *******************************************************************************/
  72          unsigned char DS1302_ReadOneByteAtAddr(unsigned char uAddr)
  73          {
  74   1          unsigned char ucBackValue;
  75   1          DS1302_RST = 0;
  76   1          DS1302_CLK = 0;
  77   1          DS1302_RST = 1;
  78   1          DS1302_WriteOneByte(uAddr);             
  79   1          ucBackValue = DS1302_ReadOneByte();         
  80   1          DS1302_CLK = 1;
  81   1          DS1302_RST = 0;
  82   1          return(ucBackValue);
  83   1      }
  84          
  85          /******************************************************************************
  86          函数名称：DS1302_SetInit
  87          函数功能：设置初始化
  88          入口参数：pClk-初始化数组的指针
  89          返回值：无
  90          备注：无
  91          *******************************************************************************/
  92          void DS1302_SetInit(unsigned char *pClk) 
  93          {
  94   1          unsigned char i;
  95   1          unsigned char uAddr = 0x80; 
  96   1          DS1302_WriteOneByteAtAddr(0x8e,0x00);           /* 控制命令,WP=0,写操作*/
  97   1          for(i =7; i>0; i--)
  98   1          { 
  99   2              DS1302_WriteOneByteAtAddr(uAddr,*pClk);  /* 秒 分 时 日 月 星期 年 */ 
 100   2              pClk++;
 101   2              uAddr +=2;
 102   2          }
 103   1          DS1302_WriteOneByteAtAddr(0x8e,0x80);           /* 控制命令,WP=1,写保护*/
 104   1      }


MODULE INFORMATION:   STATIC OVERLAYABLE
   CODE SIZE        =    108    ----
   CONSTANT SIZE    =   ----    ----
   XDATA SIZE       =   ----    ----
   PDATA SIZE       =   ----    ----
   DATA SIZE        =   ----    ----
   IDATA SIZE       =   ----    ----
   BIT SIZE         =   ----    ----
END OF MODULE INFORMATION.


C51 COMPILATION COMPLETE.  0 WARNING(S),  0 ERROR(S)
