C51 COMPILER V9.52.0.0   PCF8951                                                           05/28/2015 07:34:05 PAGE 1   


C51 COMPILER V9.52.0.0, COMPILATION OF MODULE PCF8951
OBJECT MODULE PLACED IN pcf8951.OBJ
COMPILER INVOKED BY: C:\Program Files\keil\C51\BIN\C51.EXE pcf8951.c COMPACT BROWSE DEBUG OBJECTEXTEND TABS(2)

line level    source

   1          /**********************************************************************************
   2          *  标题:       ************* DA-AD试验*******************                         *
   3          *                                         *
   4          *   1.通过本例程了解并掌握AD-DA转换芯片的基本原理和使用               *
   5          *   2.了解掌握I2C总线接口的工作原理及一般编程方法。                 *
   6          *                                           *
   7          *    连接方法：参照接线图                       *
   8          *                                           *
   9          * 通过改变学习板上的2个电位器对应的2段模拟输入，实现模拟输入，学员观察数码管的数字变化情况
  10          * 通过改D[4]的值，实现模拟输出，学员观察学习板上DA处LED的亮度变化         *
  11          *         *                                 *
  12          * 注意：I2C驱动程序只能在12T模式下工作   6T模式自己修改相应时序                   *                        
             -                                                         *
  13          * 请学员认真消化本例程，懂得AD-DA 在C语言中的操作应用                           *
  14          ***********************************************************************************/
  15          
  16          #include<reg52.h>
  17          #include<I2C.h>
  18          #include"ad8591.h"
  19          
  20          
  21          
  22          
  23          //else IO
  24          //sbit    LS138A=P3^0;  
  25          //sbit    LS138B=P3^1;
  26          //sbit    LS138C=P3^2;  
  27          
  28          /***********************************************
  29          *ADC读字节数据函数               
  30          *******************************************************************/
  31          unsigned char IRcvByte(unsigned char sla)
  32          {  unsigned char c;
  33   1      
  34   1         Start_I2c();          //启动总线
  35   1         SendByte(sla+1);      //发送器件地址
  36   1         if(ack==0)return(0);
  37   1         c=RcvByte();          //读取数据0
  38   1      
  39   1         Ack_I2c(1);           //发送非就答位
  40   1         Stop_I2c();           //结束总线
  41   1         return(c);
  42   1      }
  43          
  44          //******************************************************************/
  45          /*main()
  46          {  char i,j;
  47          
  48           while(1)
  49           {/********以下AD-DA处理*************/  
  50           /*  switch(AD_CHANNEL)
  51             {
  52               case 0: ISendByte(PCF8591,0x41);
  53                       D[0]=IRcvByte(PCF8591)*2;  //ADC0 模数转换1  放大2倍显示
  54                 break;  
C51 COMPILER V9.52.0.0   PCF8951                                                           05/28/2015 07:34:05 PAGE 2   

  55           
  56             case 1: ISendByte(PCF8591,0x42);
  57                       D[1]=IRcvByte(PCF8591)*2;  //ADC1  模数转换2
  58                 break;  
  59          
  60             case 2: ISendByte(PCF8591,0x43);
  61                       D[2]=IRcvByte(PCF8591)*2;  //ADC2  模数转换3
  62                 break;  
  63          
  64             case 3: ISendByte(PCF8591,0x40);
  65                       D[3]=IRcvByte(PCF8591)*2;  //ADC3   模数转换4
  66                 break;  
  67          
  68             case 4: DACconversion(PCF8591,0x40, D[4]/4); //DAC   数模转换
  69                     break;
  70             }
  71          
  72                  // D[4]=400;  //数字--->>模拟输出
  73                 D[4]=D[0];  //   把模拟输入 采样的信号 通过数模转换输出
  74             if(++AD_CHANNEL>4) AD_CHANNEL=0;
  75          */
  76           /********以下将AD的值送到LED数码管显示*************/
  77            /*        
  78             LedOut[0]=Disp_Tab[D[0]%10000/1000];
  79               LedOut[1]=Disp_Tab[D[0]%1000/100];
  80               LedOut[2]=Disp_Tab[D[0]%100/10]|0x80;
  81               LedOut[3]=Disp_Tab[D[0]%10];
  82             
  83             LedOut[4]=Disp_Tab[D[0]%10000/1000];
  84               LedOut[5]=Disp_Tab[D[0]%1000/100];
  85               LedOut[6]=Disp_Tab[D[0]%100/10]|0x80;
  86               LedOut[7]=Disp_Tab[D[0]%10];  
  87              
  88            
  89             for( i=0; i<8; i++) 
  90             {   
  91                
  92              switch(i)   //使用switch 语句控制138译码器  也可以是用查表的方式 学员可以试着自己修改         
  93                 {      
  94                case 0:LS138A=0; LS138B=0; LS138C=0; break;         
  95                    case 1:LS138A=1; LS138B=0; LS138C=0; break;               
  96                    case 2:LS138A=0; LS138B=1; LS138C=0; break; 
  97                    case 3:LS138A=1; LS138B=1; LS138C=0; break; 
  98                case 4:LS138A=0; LS138B=0; LS138C=1; break;
  99                case 5:LS138A=1; LS138B=0; LS138C=1; break;
 100                case 6:LS138A=0; LS138B=1; LS138C=1; break;
 101                case 7:LS138A=1; LS138B=1; LS138C=1; break;
 102                
 103                 }
 104             P0 = LedOut[i];
 105                 for (j = 0 ; j<90 ;j++) { ;}    //扫描间隔时间
 106                  P0 = 0; 
 107              }
 108          
 109               
 110          
 111           }  
 112          }
 113          
 114          */
 115          

C51 COMPILER V9.52.0.0   PCF8951                                                           05/28/2015 07:34:05 PAGE 3   


MODULE INFORMATION:   STATIC OVERLAYABLE
   CODE SIZE        =    134    ----
   CONSTANT SIZE    =     10    ----
   XDATA SIZE       =     32    ----
   PDATA SIZE       =     65       7
   DATA SIZE        =   ----    ----
   IDATA SIZE       =   ----    ----
   BIT SIZE         =   ----    ----
END OF MODULE INFORMATION.


C51 COMPILATION COMPLETE.  0 WARNING(S),  0 ERROR(S)
