C51 COMPILER V9.52.0.0   UART                                                              07/24/2015 22:16:22 PAGE 1   


C51 COMPILER V9.52.0.0, COMPILATION OF MODULE UART
OBJECT MODULE PLACED IN uart.OBJ
COMPILER INVOKED BY: C:\Program Files\keil\C51\BIN\C51.EXE uart.c BROWSE DEBUG OBJECTEXTEND TABS(2)

line level    source

   1          #include "uart.h"
   2          
   3          void InitUart()
   4          {
   5   1          SCON=0X50;      //设置为工作方式1
   6   1        TMOD=0X20;      //设置计数器工作方式2
   7   1        PCON=0X80;      //波特率加倍
   8   1        TH1 = TL1 = -(FOSC/12/16/BAUD-256); //Set auto-reload vaule
   9   1        ES=1;           //打开接收中断
  10   1        EA=1;           //打开总中断
  11   1        TR1=1;                        //T1 start running
  12   1      }
  13          void SendData(unsigned char dat)
  14          {
  15   1        SBUF = dat; 
  16   1          while (!TI);                    //Wait for the previous data is sent
  17   1          TI = 0;                         //Clear TI flag
  18   1                              //Send current data
  19   1      }
  20          /*****************************************************
  21          void Usart() interrupt 4
  22          {
  23            unsigned char receiveData;
  24          
  25            receiveData=SBUF;//出去接收到的数据
  26            RI = 0;//清除接收中断标志位
  27          }
  28          *****************************************************/


MODULE INFORMATION:   STATIC OVERLAYABLE
   CODE SIZE        =     30    ----
   CONSTANT SIZE    =   ----    ----
   XDATA SIZE       =   ----    ----
   PDATA SIZE       =   ----    ----
   DATA SIZE        =   ----    ----
   IDATA SIZE       =   ----    ----
   BIT SIZE         =   ----    ----
END OF MODULE INFORMATION.


C51 COMPILATION COMPLETE.  0 WARNING(S),  0 ERROR(S)
