C51 COMPILER V9.52.0.0   MAIN                                                              08/12/2015 10:15:33 PAGE 1   


C51 COMPILER V9.52.0.0, COMPILATION OF MODULE MAIN
OBJECT MODULE PLACED IN main.OBJ
COMPILER INVOKED BY: C:\Program Files\keil\C51\BIN\C51.EXE main.c BROWSE DEBUG OBJECTEXTEND TABS(2)

line level    source

   1          #include<stc12c2052ad.h>
   2          
   3          void main()
   4          {
   5   1        CCON=0;
   6   1        CMOD=0x02;
   7   1        CL=0x00;
   8   1        CH=0x00;
   9   1        CCAP0L=CCAP0H=0x80;
  10   1        CCAPM0=0x42;
  11   1        
  12   1        CCAP1L=CCAP1H=0xFF;
  13   1        CCAPM1=0x03;
  14   1        
  15   1        CR=1;
  16   1        while(1);
  17   1      }


MODULE INFORMATION:   STATIC OVERLAYABLE
   CODE SIZE        =     32    ----
   CONSTANT SIZE    =   ----    ----
   XDATA SIZE       =   ----    ----
   PDATA SIZE       =   ----    ----
   DATA SIZE        =   ----    ----
   IDATA SIZE       =   ----    ----
   BIT SIZE         =   ----    ----
END OF MODULE INFORMATION.


C51 COMPILATION COMPLETE.  0 WARNING(S),  0 ERROR(S)
