C51 COMPILER V9.01   74HC164                                                               06/18/2015 19:10:49 PAGE 1   


C51 COMPILER V9.01, COMPILATION OF MODULE 74HC164
OBJECT MODULE PLACED IN 74hc164.OBJ
COMPILER INVOKED BY: C:\Keil\C51\BIN\C51.EXE 74hc164.c BROWSE DEBUG OBJECTEXTEND

line level    source

   1          /*****************************************************************************************
   2          
   3          ******************************************************************************************/
   4          #include <reg52.h> 
   5          #include "74hc164.h"
   6          
   7          sbit hc164_sdat=P1^3;
   8          sbit hc164_sclk=P1^4;
   9          
  10          void hc164_init()
  11          {
  12   1              hc164_sclk=0;
  13   1      }
  14          
  15          void send_data(unsigned char dat)
  16          {
  17   1              unsigned i;
  18   1              for(i=0;i<8;i++)
  19   1              {
  20   2                      if((dat & 0x80)!=0)
  21   2                      {
  22   3                              hc164_sdat=1;
  23   3                      }
  24   2                      else
  25   2                      {
  26   3                              hc164_sdat=0;
  27   3                      }
  28   2                      hc164_sclk=1;
  29   2                      dat=dat<<1;
  30   2                      hc164_sclk=0;
  31   2              }
  32   1      }
  33          


MODULE INFORMATION:   STATIC OVERLAYABLE
   CODE SIZE        =     36    ----
   CONSTANT SIZE    =   ----    ----
   XDATA SIZE       =   ----    ----
   PDATA SIZE       =   ----    ----
   DATA SIZE        =   ----    ----
   IDATA SIZE       =   ----    ----
   BIT SIZE         =   ----    ----
END OF MODULE INFORMATION.


C51 COMPILATION COMPLETE.  0 WARNING(S),  0 ERROR(S)
