C51 COMPILER V9.01   74HC165                                                               06/18/2015 19:10:50 PAGE 1   


C51 COMPILER V9.01, COMPILATION OF MODULE 74HC165
OBJECT MODULE PLACED IN 74hc165.OBJ
COMPILER INVOKED BY: C:\Keil\C51\BIN\C51.EXE 74hc165.c BROWSE DEBUG OBJECTEXTEND

line level    source

   1          /*****************************************************************************************
   2          
   3          ******************************************************************************************/
   4          #include <reg52.h> 
   5          #include "74hc165.h"
   6          
   7          sbit hc165_sdo=P1^5;
   8          sbit hc165_sclk=P1^6;
   9          sbit hc165_pl=P1^7;
  10          
  11          unsigned char key=0x3e;
  12          
  13          void hc165_init()
  14          {
  15   1              hc165_sdo=1;
  16   1              hc165_sclk=0;
  17   1              hc165_pl=1;
  18   1      }
  19          
  20          unsigned char read_hc165(void)
  21          {
  22   1              unsigned i,x=0;
  23   1              hc165_pl=0;
  24   1              x=x+0;
  25   1              hc165_pl=1;
  26   1              if(hc165_sdo==1)
  27   1              {
  28   2                      x=x+1;
  29   2              }
  30   1              for(i=0;i<7;i++)
  31   1              {
  32   2                      hc165_sclk=1;
  33   2                  x=x<<1;
  34   2                      hc165_sclk=0;
  35   2                      if(hc165_sdo==1)
  36   2                      {
  37   3                              x=x+1;
  38   3                      }
  39   2              }
  40   1              return x;
  41   1      }
  42          


MODULE INFORMATION:   STATIC OVERLAYABLE
   CODE SIZE        =     56    ----
   CONSTANT SIZE    =   ----    ----
   XDATA SIZE       =   ----    ----
   PDATA SIZE       =   ----    ----
   DATA SIZE        =      1    ----
   IDATA SIZE       =   ----    ----
   BIT SIZE         =   ----    ----
END OF MODULE INFORMATION.


C51 COMPILATION COMPLETE.  0 WARNING(S),  0 ERROR(S)
