C51 COMPILER V9.01   MAIN                                                                  06/18/2015 19:10:48 PAGE 1   


C51 COMPILER V9.01, COMPILATION OF MODULE MAIN
OBJECT MODULE PLACED IN main.OBJ
COMPILER INVOKED BY: C:\Keil\C51\BIN\C51.EXE main.c BROWSE DEBUG OBJECTEXTEND

line level    source

   1          /*******************************************************************************
   2          *                 
   3          *                                      普中科技
   4          --------------------------------------------------------------------------------
   5          * 实 验 名               : LCD1602显示试验
   6          * 实验说明       : LCD1602第一行Pechin Science，第二行显示Welcome to the world 
   7          *                * of MCU。并一直移动。
   8          * 连接方式       : 见连接图
   9          * 注    意               : 
  10          *******************************************************************************/
  11          #include <reg52.h>      
  12          #include "lcd.h"
  13          #include "74hc164.h"
  14          #include "74hc165.h"
  15          
  16          //--定义全局变量--//
  17          unsigned char code PuZh[16] = " Pechin Science ";
  18          unsigned char code CnCh[27] = "Welcome to the world of MCU";
  19          
  20          /*******************************************************************************
  21          * 函 数 名         : Delay10ms
  22          * 函数功能                 : 延时函数，延时10ms
  23          * 输    入         : 无
  24          * 输    出         : 无
  25          *******************************************************************************/
  26          void Delay10ms(unsigned int c)   //误差 0us
  27          {
  28   1          unsigned char a, b;
  29   1              //--c已经在传递过来的时候已经赋值了，所以在for语句第一句就不用赋值了--//
  30   1          for (;c>0;c--)
  31   1              {
  32   2                      for (b=38;b>0;b--)
  33   2                      {
  34   3                              for (a=130;a>0;a--);
  35   3                      }          
  36   2              }       
  37   1      }
  38          
  39          void demo()
  40          {
  41   1              unsigned char i;
  42   1              //--写第一行
  43   1              LcdWriteCom(0x80); //设置坐标在第一行
  44   1              for(i=0; i<16; i++)
  45   1              {
  46   2                      LcdWriteData(PuZh[i]);  
  47   2              }
  48   1      
  49   1              //--写第二行
  50   1              LcdWriteCom(0xC0); //设置坐标在第二行
  51   1              for(i=0; i<27; i++)
  52   1              {
  53   2                      LcdWriteData(CnCh[i]);
  54   2              }
  55   1      
C51 COMPILER V9.01   MAIN                                                                  06/18/2015 19:10:48 PAGE 2   

  56   1              LcdWriteCom(0x07); //设置每写一次整屏右移
  57   1              while(1)
  58   1              {                       
  59   2                      LcdWriteCom(0xC0); //设置坐标在第二行
  60   2                      for(i=0; i<27; i++)
  61   2                      {
  62   3                              LcdWriteData(CnCh[i]);
  63   3                              Delay10ms(50);
  64   3                      }
  65   2              }                               
  66   1      }
  67          
  68          
  69          /*******************************************************************************
  70          * 函 数 名         : main
  71          * 函数功能                 : 主函数
  72          * 输    入         : 无
  73          * 输    出         : 无
  74          *******************************************************************************/
  75          void main(void)
  76          {
  77   1              hc164_init();
  78   1              hc165_init();
  79   1      
  80   1              LcdInit();
  81   1      
  82   1              disp_keycode();
  83   1          while(1)
  84   1              {
  85   2                      key=read_hc165();
  86   2                      if(key!=0xff)
  87   2                      {
  88   3                              disp_keycode();
  89   3                      }
  90   2              } 
  91   1      
  92   1      
  93   1              while(1);
  94   1              {
  95   2                      //demo();
  96   2                      disp_demo();
  97   2              }
  98   1      }
  99          


MODULE INFORMATION:   STATIC OVERLAYABLE
   CODE SIZE        =    147    ----
   CONSTANT SIZE    =     43    ----
   XDATA SIZE       =   ----    ----
   PDATA SIZE       =   ----    ----
   DATA SIZE        =   ----       1
   IDATA SIZE       =   ----    ----
   BIT SIZE         =   ----    ----
END OF MODULE INFORMATION.


C51 COMPILATION COMPLETE.  0 WARNING(S),  0 ERROR(S)
