C51 COMPILER V9.01   12864                                                                 10/25/2012 15:08:08 PAGE 1   


C51 COMPILER V9.01, COMPILATION OF MODULE 12864
OBJECT MODULE PLACED IN 12864.OBJ
COMPILER INVOKED BY: C:\Keil\C51\BIN\C51.EXE 12864.c BROWSE DEBUG OBJECTEXTEND

line level    source

   1          /*******************************************************************************
   2          *  描述:                                                                       *
   3          *      12864标准字库液晶演示 数据p0,控制p2                                     *
   4          ********************************************************************************/
   5          #include <reg51.h>
   6          #include <intrins.h>
   7          #define uchar unsigned char
   8          #define uint  unsigned int
   9          /************* 12864LCD引脚定义 *************/
  10          #define LCD_data  P0       //数据口
  11          sbit LCD_RS  =  P2^6;      //寄存器选择输入 
  12          sbit LCD_RW  =  P2^5;      //液晶读/写控制
  13          sbit LCD_EN  =  P2^7;      //液晶使能控制
  14          sbit LCD_PSB =  P3^2;      //串/并方式控制
  15          //sbit LCD_RST =  P3^7;      //液晶复位端口
  16          
  17          
  18          #define NOP(); {_nop_();_nop_();_nop_();_nop_();};
  19          /*********************************************************/
  20          uchar code  DIS1[] = {"    普中科技    "};
  21          uchar code  DIS2[] = {"进入单片机世界"};
  22          uchar code  DIS3[] = {"www.prechin.com "};
  23          uchar code  DIS4[] = {"TEL:755-29325187"};
  24          /*********************************************************/
  25          
  26          
  27          /*******************************************************************/
  28          /*                                                                 */
  29          /*  延时函数                                                       */
  30          /*                                                                 */
  31          /*******************************************************************/
  32          void delay(int ms)
  33          {
  34   1          while(ms--)
  35   1              {
  36   2            uchar i;
  37   2                for(i=0;i<150;i++)  
  38   2                 {
  39   3                  _nop_();                       
  40   3                      _nop_();
  41   3                      _nop_();
  42   3                      _nop_();
  43   3                 }
  44   2              }
  45   1      }       
  46                                  
  47          /*******************************************************************/
  48          /*                                                                 */
  49          /*检查LCD忙状态                                                    */
  50          /*lcd_busy为1时，忙，等待。lcd-busy为0时,闲，可写指令与数据。      */
  51          /*                                                                 */
  52          /*******************************************************************/
  53          bit lcd_busy()
  54           {                          
  55   1          bit result;
C51 COMPILER V9.01   12864                                                                 10/25/2012 15:08:08 PAGE 2   

  56   1          LCD_RS = 0;
  57   1          LCD_RW = 1;
  58   1          LCD_EN = 1;
  59   1          NOP();
  60   1          result = (bit)(P0&0x80);
  61   1          LCD_EN = 0;
  62   1          return(result); 
  63   1       }
  64          /*******************************************************************/
  65          /*                                                                 */
  66          /*写指令数据到LCD                                                  */
  67          /*RS=L，RW=L，E=高脉冲，D0-D7=指令码。                             */
  68          /*                                                                 */
  69          /*******************************************************************/
  70          void lcd_wcmd(uchar cmd)
  71          {                          
  72   1         while(lcd_busy());
  73   1          LCD_RS = 0;
  74   1          LCD_RW = 0;
  75   1          LCD_EN = 0;
  76   1          _nop_();
  77   1          _nop_(); 
  78   1          P0 = cmd;
  79   1          NOP();
  80   1          LCD_EN = 1;
  81   1          NOP();
  82   1          LCD_EN = 0;  
  83   1      }
  84          /*******************************************************************/
  85          /*                                                                 */
  86          /*写显示数据到LCD                                                  */
  87          /*RS=H，RW=L，E=高脉冲，D0-D7=数据。                               */
  88          /*                                                                 */
  89          /*******************************************************************/
  90          void lcd_wdat(uchar dat)
  91          {                          
  92   1         while(lcd_busy());
  93   1          LCD_RS = 1;
  94   1          LCD_RW = 0;
  95   1          LCD_EN = 0;
  96   1          P0 = dat;
  97   1          NOP();
  98   1          LCD_EN = 1;
  99   1          NOP();
 100   1          LCD_EN = 0; 
 101   1      }
 102          /*******************************************************************/
 103          /*                                                                 */
 104          /*  LCD初始化设定                                                  */
 105          /*                                                                 */
 106          /*******************************************************************/
 107          void lcd_init()
 108          { 
 109   1          LCD_PSB = 1;         //并口方式
 110   1          
 111   1      //      LCD_RST = 0;             //液晶复位
 112   1       //   delay(3);                   
 113   1      //    LCD_RST = 1;      
 114   1      //    delay(3);
 115   1          
 116   1          lcd_wcmd(0x34);      //扩充指令操作
 117   1          delay(5);
C51 COMPILER V9.01   12864                                                                 10/25/2012 15:08:08 PAGE 3   

 118   1          lcd_wcmd(0x30);      //基本指令操作
 119   1          delay(5);
 120   1          lcd_wcmd(0x0C);      //显示开，关光标
 121   1          delay(5);
 122   1          lcd_wcmd(0x01);      //清除LCD的显示内容
 123   1          delay(5);
 124   1      }
 125          /*********************************************************/
 126          /*                                                       */
 127          /* 设定显示位置                                          */
 128          /*                                                       */
 129          /*********************************************************/
 130          void lcd_pos(uchar X,uchar Y)
 131          {                          
 132   1         uchar  pos;
 133   1         if (X==1)
 134   1           {X=0x80;}
 135   1         else if (X==2)
 136   1           {X=0x90;}
 137   1         else if (X==3)
 138   1           {X=0x88;}
 139   1         else if (X==4)
 140   1           {X=0x98;}
 141   1         pos = X+Y ; 
 142   1       
 143   1         lcd_wcmd(pos);     //显示地址
 144   1      }
 145          
 146          
 147          /*********************************************************
 148          *                                                        *
 149          * 清屏函数                                               *
 150          *                                                        *
 151          *********************************************************/
 152          void  clr_screen()
 153          {
 154   1         lcd_wcmd(0x34);      //扩充指令操作
 155   1         delay(5);    
 156   1         lcd_wcmd(0x30);      //基本指令操作
 157   1         delay(5); 
 158   1         lcd_wcmd(0x01);      //清屏 
 159   1         delay(5);     
 160   1      }
 161          
 162          /*********************************************************
 163          *                                                        *
 164          * 主函数                                                 *
 165          *                                                        *
 166          *********************************************************/
 167          void main()
 168          {
 169   1         uchar i;
 170   1         delay(100);                 //上电，等待稳定
 171   1         lcd_init();                 //初始化LCD
 172   1         while(1)
 173   1         {
 174   2           lcd_pos(1,0);             //设置显示位置为第一行
 175   2           for(i=0;i<16;i++)
 176   2           {
 177   3             lcd_wdat(DIS1[i]);
 178   3             delay(30);
 179   3           }
C51 COMPILER V9.01   12864                                                                 10/25/2012 15:08:08 PAGE 4   

 180   2      
 181   2           lcd_pos(2,0);             //设置显示位置为第二行
 182   2           for(i=0;i<16;i++)
 183   2           {
 184   3             lcd_wdat(DIS2[i]);
 185   3             delay(30);
 186   3           }
 187   2           lcd_pos(3,0);             //设置显示位置为第三行
 188   2           for(i=0;i<16;i++)
 189   2           {
 190   3             lcd_wdat(DIS3[i]);
 191   3             delay(30);
 192   3           }
 193   2           lcd_pos(4,0);             //设置显示位置为第四行
 194   2           for(i=0;i<16;i++)
 195   2           {
 196   3             lcd_wdat(DIS4[i]);
 197   3             delay(30);
 198   3           }
 199   2           clr_screen(); //清屏函数，为下次刷新准备 
 200   2         }
 201   1      }
 202          /*********************************************************/
 203          
 204          
 205          
 206          


MODULE INFORMATION:   STATIC OVERLAYABLE
   CODE SIZE        =    325    ----
   CONSTANT SIZE    =     66    ----
   XDATA SIZE       =   ----    ----
   PDATA SIZE       =   ----    ----
   DATA SIZE        =   ----       1
   IDATA SIZE       =   ----    ----
   BIT SIZE         =   ----       1
END OF MODULE INFORMATION.


C51 COMPILATION COMPLETE.  0 WARNING(S),  0 ERROR(S)
