C51 COMPILER V9.52.0.0   74HC165                                                           06/17/2015 07:38:40 PAGE 1   


C51 COMPILER V9.52.0.0, COMPILATION OF MODULE 74HC165
OBJECT MODULE PLACED IN 74HC165.OBJ
COMPILER INVOKED BY: C:\Program Files\keil\C51\BIN\C51.EXE 74HC165.c BROWSE DEBUG OBJECTEXTEND TABS(2)

line level    source

   1          #include<reg52.h> 
   2          #include"74HC165.h"
   3          #include<intrins.h> 
   4          
   5          
   6          
   7          unsigned char hc74_165()
   8          {
   9   1        unsigned char i,p;
  10   1        
  11   1        SL_165=0;//当移位/置入控制端S/L为低电平时，并行数据（A－H）被置入寄存器.而时钟（CLK,CLK INH）及串行数据（
             -SER）均无关
  12   1      
  13   1        _nop_();
  14   1        _nop_();
  15   1      
  16   1        SL_165=1;//当S/L为高电平时，并行置数功能被禁止
  17   1        delay1ms();
  18   1      
  19   1        CLK_165=0;
  20   1      
  21   1        p=0;
  22   1        for(i=0;i<8;i++) 
  23   1        {  
  24   2          p<<=1;
  25   2          p|=QH_165;
  26   2          CLK_165=0;
  27   2          _nop_();
  28   2          _nop_();
  29   2          CLK_165=1;//时钟输入端（上升沿有效）
  30   2          _nop_();
  31   2        
  32   2           
  33   2        }
  34   1      
  35   1        return(p);  
  36   1      }
  37          
  38          
  39          
  40          //延时函数
  41          /*void Delay(unsigned int m)
  42          {
  43            while(m--);
  44          }
  45          */
  46           //1ms延时子程序（12MHZ）
  47          void delay1ms()
  48          {
  49   1        unsigned char i,j;  
  50   1        for(i=0;i<10;i++)
  51   1        for(j=0;j<33;j++);     
  52   1      }
  53          
  54          /*void main(void)
C51 COMPILER V9.52.0.0   74HC165                                                           06/17/2015 07:38:40 PAGE 2   

  55          { 
  56            unsigned char i;
  57              P1=0Xff;
  58            while(1)
  59            { 
  60              
  61              for(i = 0;i < 8;i++) //LED流水显示
  62              {
  63                P0 = ~(0x01<<i);//P0口数据送74HC165的并口输入端A-H
  64                Delay(60000);
  65                P1= hc74_165();//P1口接收74HC165的输出数据，并利用LED灯显示出来当前值。
  66                Delay(60000);
  67              }
  68              
  69          
  70            }
  71          }
  72          */


MODULE INFORMATION:   STATIC OVERLAYABLE
   CODE SIZE        =     49    ----
   CONSTANT SIZE    =   ----    ----
   XDATA SIZE       =   ----    ----
   PDATA SIZE       =   ----    ----
   DATA SIZE        =   ----    ----
   IDATA SIZE       =   ----    ----
   BIT SIZE         =   ----    ----
END OF MODULE INFORMATION.


C51 COMPILATION COMPLETE.  0 WARNING(S),  0 ERROR(S)
