C51 COMPILER V9.52.0.0   HC165                                                             08/14/2015 06:51:29 PAGE 1   


C51 COMPILER V9.52.0.0, COMPILATION OF MODULE HC165
OBJECT MODULE PLACED IN hc165.OBJ
COMPILER INVOKED BY: C:\Program Files\keil\C51\BIN\C51.EXE hc165.c BROWSE DEBUG OBJECTEXTEND TABS(2)

line level    source

   1          #include "hc165.h"
   2          unsigned char recievedat[16]={0};
   3          void HC165(void)
   4          {
   5   1         unsigned char i,j;
   6   1          unsigned char Temp;
   7   1           HC165_CK = 1;
   8   1           HC165_nPL = 0;        //HC165¶Á°´¼ü
   9   1           HC165_nPL = 1;        //ÔÝÍ£HC165¶Á°´¼ü
  10   1        for(j=0;j<16;j++)
  11   1        {
  12   2           Temp = 0;
  13   2           if(HC165_OUT == 1) Temp |= 0x01;
  14   2           for(i = 0;i < 7;i++)
  15   2           {    
  16   3               HC165_CK = 0;  
  17   3               HC165_CK = 1;  
  18   3               Temp <<= 1;
  19   3               if(HC165_OUT == 1) 
  20   3               {
  21   4                   Temp |= 0x01;
  22   4               }
  23   3           }
  24   2            recievedat[j]=Temp;
  25   2         }
  26   1         HC165_CK = 0;
  27   1      }


MODULE INFORMATION:   STATIC OVERLAYABLE
   CODE SIZE        =     47    ----
   CONSTANT SIZE    =   ----    ----
   XDATA SIZE       =   ----    ----
   PDATA SIZE       =   ----    ----
   DATA SIZE        =     16    ----
   IDATA SIZE       =   ----    ----
   BIT SIZE         =   ----    ----
END OF MODULE INFORMATION.


C51 COMPILATION COMPLETE.  0 WARNING(S),  0 ERROR(S)
