C51 COMPILER V9.01   74HC164                                                               06/14/2015 10:06:34 PAGE 1   


C51 COMPILER V9.01, COMPILATION OF MODULE 74HC164
OBJECT MODULE PLACED IN 74hc164.OBJ
COMPILER INVOKED BY: C:\Keil\C51\BIN\C51.EXE 74hc164.c BROWSE DEBUG OBJECTEXTEND

line level    source

   1          /*****************************************************************************************
   2          *             
   3          *                                             π”√TYD-51-1∞Â                                                  *
   4                             *
   5          ******************************************************************************************/
   6          #include <reg52.h> 
   7          #include <intrins.h>
   8          
   9          sbit lcd_rs=P1^0;
  10          sbit lcd_rw=P1^1;
  11          sbit lcd_e=P1^2;
  12          sbit hc164_sdat=P1^3;
  13          sbit hc164_sclk=P1^4;
  14          
  15          unsigned char x=0x37;
  16          
  17          void send_data(unsigned char dat)
  18          {
  19   1              unsigned i;
  20   1              for(i=0;i<8;i++)
  21   1              {
  22   2                      if((dat & 0x01)!=0)
  23   2                      {
  24   3                              hc164_sdat=1;
  25   3                      }
  26   2                      else
  27   2                      {
  28   3                              hc164_sdat=0;
  29   3                      }
  30   2                      hc164_sclk=1;
  31   2                      dat=dat>>1;
  32   2                      hc164_sclk=0;
  33   2              }
  34   1      }
  35          
  36          void delay(long dly)
  37          {
  38   1              while(dly--);
  39   1      }
  40          
  41          void main()
  42          {
  43   1              lcd_rs=0;
  44   1              lcd_rw=0;
  45   1              lcd_e=0;
  46   1              hc164_sdat=0;
  47   1              hc164_sclk=0;
  48   1              while(1)
  49   1              {
  50   2                      send_data(~x);
  51   2                      x++;
  52   2                      delay(15000);
  53   2              }
  54   1      }
  55          
C51 COMPILER V9.01   74HC164                                                               06/14/2015 10:06:34 PAGE 2   



MODULE INFORMATION:   STATIC OVERLAYABLE
   CODE SIZE        =     87    ----
   CONSTANT SIZE    =   ----    ----
   XDATA SIZE       =   ----    ----
   PDATA SIZE       =   ----    ----
   DATA SIZE        =      1       4
   IDATA SIZE       =   ----    ----
   BIT SIZE         =   ----    ----
END OF MODULE INFORMATION.


C51 COMPILATION COMPLETE.  0 WARNING(S),  0 ERROR(S)
