C51 COMPILER V9.52.0.0   HC165                                                             08/18/2015 04:34:06 PAGE 1   


C51 COMPILER V9.52.0.0, COMPILATION OF MODULE HC165
OBJECT MODULE PLACED IN hc165.OBJ
COMPILER INVOKED BY: D:\Program Files\keil4\C51\BIN\C51.EXE hc165.c BROWSE DEBUG OBJECTEXTEND TABS(2)

line level    source

   1          #include "hc165.h"
   2          unsigned long recievedat[4]={6,6,6,6};
   3          void HC165(void)
   4          {
   5   1        unsigned char i,j;
   6   1        HC165_nPL=0; 
   7   1        HC165_nPL=1;
   8   1         for(i=0;i<4;i++)
   9   1        {
  10   2            for(j=0;j<32;j++)
  11   2          {
  12   3            recievedat[i]=recievedat[i]<<1;
  13   3            if(HC165_OUT==1)
  14   3                  recievedat[i]++;
  15   3            HC165_CK=1;  
  16   3            i+=0;
  17   3            HC165_CK=0;
  18   3          }
  19   2          
  20   2        }
  21   1      }


MODULE INFORMATION:   STATIC OVERLAYABLE
   CODE SIZE        =     93    ----
   CONSTANT SIZE    =   ----    ----
   XDATA SIZE       =   ----    ----
   PDATA SIZE       =   ----    ----
   DATA SIZE        =     16       2
   IDATA SIZE       =   ----    ----
   BIT SIZE         =   ----    ----
END OF MODULE INFORMATION.


C51 COMPILATION COMPLETE.  0 WARNING(S),  0 ERROR(S)
