C51 COMPILER V9.52.0.0   MAIN3                                                             05/31/2015 00:02:32 PAGE 1   


C51 COMPILER V9.52.0.0, COMPILATION OF MODULE MAIN3
OBJECT MODULE PLACED IN main3.OBJ
COMPILER INVOKED BY: C:\Program Files\keil\C51\BIN\C51.EXE main3.c COMPACT ROM(COMPACT) BROWSE DEBUG OBJECTEXTEND TABS(2
                    -)

line level    source

   1          #include<reg51.h>
   2          #include<intrins.h>
   3          
   4          #include"ds1302.h"
   5          
   6          #include"12864.h"
   7          #include"I2C.h"
   8          #include"pcf8591.h"
   9          #include"8DigitalTubeDisplay.h"
  10          #include"main.h"
  11          #include"18B20.h"
  12          //#include"74HC165.h"
  13          #define  NOP()   _nop_() 
  14          //--∂®“Â»´æ÷±‰¡ø
  15          
  16          
  17          void main()
  18          {
  19   1      /*  while(1)
  20   1        {
  21   1          Lcd111DisplayTemp0(Ds18b20ReadTemp());
  22   1          for(i=0;i<5;i++)
  23   1          {
  24   1           DisplayOneCharOnAddr(Data0[i],i);
  25   1          }
  26   1        }
  27   1      */
  28   1      //  Time0[7]=0x20;
  29   1        TMOD=0x01;
  30   1        EA=1;ET0=1;
  31   1        TL0=0xc3;TH0=0xb7;
  32   1        TR0=0;
  33   1      //  Relay=0;
  34   1        lcd_init(); 
  35   1      /*  lcd_wcmd(0x80);      lcd_wdat(0x30);
  36   1        lcd_wcmd(0x0d);      //œ‘ æø™£¨πÿπ‚±Í
  37   1          delay12(5);
  38   1        lcd_wcmd(0x90); lcd_wdat(0x30);
  39   1      
  40   1        while(1);*/
  41   1        //readtime();
  42   1      //  ClockPlay();
  43   1        while(1)
  44   1        {
  45   2          LcdDisplayTemp0(DS18B20_ReadTemperature()
*** WARNING C206 IN LINE 45 OF main3.c: 'DS18B20_ReadTemperature': missing function-prototype
  46   2        }
*** ERROR C141 IN LINE 46 OF main3.c: syntax error near '}'
  47   2      }
  48   2      /*    switch(keyboardscan(4))
  49   2          {
  50   2            case 0x7e: 
  51   2              {//n=0;
  52   2                n++;
C51 COMPILER V9.52.0.0   MAIN3                                                             05/31/2015 00:02:32 PAGE 2   

  53   2                if(n==3) n=1;
  54   2                clr_screen();
  55   2                break;
  56   2              }
  57   2            case  0xbe: {n=4;clr_screen();break;}
  58   2          }
  59   2          switch(n)
  60   2          {
  61   2            case 1:{  readtime();Clock(); ClockPlay();break;}
  62   2            case 2:{LcdDisplayTemp0(DS18B20_ReadTemperature());ADDisplay();break;}
  63   2            case 4:{timesetting();clr_screen();break;}
  64   2           }
  65   2          
  66   2          //sec(1);// min(1);//hour(1);//day(1);//month(1);//year(1);
  67   2          //P1=hc74_165();
  68   2          //lcd_wcmd(0x80); lcd_wdat(T[3]);
  69   2         // LcdDisplayTemp0(Ds18b20ReadTemp());ADDisplay();
  70   2          //
  71   2          //    readtime();
  72   2          //ClockPlay();
  73   2          //
  74   2         }  
  75   2      }
  76   2      */
  77   2      void LcdDisplayTemp0(int temp)   //lcdœ‘ æ
  78   2      {
  79   2        unsigned char i; unsigned char T[5];
*** ERROR C141 IN LINE 79 OF main3.c: syntax error near 'unsigned'
*** ERROR C202 IN LINE 79 OF main3.c: 'T': undefined identifier
  80   2          float tp;  
*** ERROR C141 IN LINE 80 OF main3.c: syntax error near 'float'
*** ERROR C202 IN LINE 80 OF main3.c: 'tp': undefined identifier
  81   2        if(temp< 0)       //µ±Œ¬∂»÷µŒ™∏∫ ˝
*** ERROR C202 IN LINE 81 OF main3.c: 'temp': undefined identifier
  82   2          {
  83   3          DisplayData[0] = 0x40; 
  84   3          //“ÚŒ™∂¡»°µƒŒ¬∂» « µº Œ¬∂»µƒ≤π¬Î£¨À˘“‘ºı1£¨‘Ÿ»°∑¥«Û≥ˆ‘≠¬Î
  85   3          temp=temp-1;
*** ERROR C202 IN LINE 85 OF main3.c: 'temp': undefined identifier
  86   3          temp=~temp;
*** ERROR C202 IN LINE 86 OF main3.c: 'temp': undefined identifier
  87   3          tp=temp;
*** ERROR C202 IN LINE 87 OF main3.c: 'tp': undefined identifier
  88   3          temp=tp*0.0625*100+0.5; 
*** ERROR C202 IN LINE 88 OF main3.c: 'temp': undefined identifier
  89   3          //¡Ù¡Ω∏ˆ–° ˝µ„æÕ*100£¨+0.5 «Àƒ…·ŒÂ»Î£¨“ÚŒ™C”Ô—‘∏°µ„ ˝◊™ªªŒ™’˚–Õµƒ ±∫Ú∞—–° ˝µ„
  90   3          //∫Û√Êµƒ ˝◊‘∂Ø»•µÙ£¨≤ªπ‹ «∑Ò¥Û”⁄0.5£¨∂¯+0.5÷Æ∫Û¥Û”⁄0.5µƒæÕ «Ω¯1¡À£¨–°”⁄0.5µƒæÕ
  91   3          //À„”…œ0.5£¨ªπ «‘⁄–° ˝µ„∫Û√Ê°£
  92   3       
  93   3          }
  94   2        else
  95   2          {     
  96   3          DisplayData[0] = 0x00;
  97   3          tp=temp;//“ÚŒ™ ˝æ›¥¶¿Ì”––° ˝µ„À˘“‘Ω´Œ¬∂»∏≥∏¯“ª∏ˆ∏°µ„–Õ±‰¡ø
*** ERROR C202 IN LINE 97 OF main3.c: 'tp': undefined identifier
  98   3          //»Áπ˚Œ¬∂» «’˝µƒƒ«√¥£¨ƒ«√¥’˝ ˝µƒ‘≠¬ÎæÕ «≤π¬ÎÀ¸±æ…Ì
  99   3          temp=tp*0.0625*100+0.5; 
*** ERROR C202 IN LINE 99 OF main3.c: 'temp': undefined identifier
 100   3          //¡Ù¡Ω∏ˆ–° ˝µ„æÕ*100£¨+0.5 «Àƒ…·ŒÂ»Î£¨“ÚŒ™C”Ô—‘∏°µ„ ˝◊™ªªŒ™’˚–Õµƒ ±∫Ú∞—–° ˝µ„
 101   3          //∫Û√Êµƒ ˝◊‘∂Ø»•µÙ£¨≤ªπ‹ «∑Ò¥Û”⁄0.5£¨∂¯+0.5÷Æ∫Û¥Û”⁄0.5µƒæÕ «Ω¯1¡À£¨–°”⁄0.5µƒæÕ
 102   3          //À„º”…œ0.5£¨ªπ «‘⁄–° ˝µ„∫Û√Ê°£
 103   3        }
C51 COMPILER V9.52.0.0   MAIN3                                                             05/31/2015 00:02:32 PAGE 3   

 104   2        //P3=tp;
 105   2      
 106   2        Data0[0] = temp / 10000;
*** ERROR C202 IN LINE 106 OF main3.c: 'temp': undefined identifier
 107   2        Data0[1] = temp % 10000 / 1000;
*** ERROR C202 IN LINE 107 OF main3.c: 'temp': undefined identifier
 108   2        Data0[2] = temp % 1000 / 100 ;
*** ERROR C202 IN LINE 108 OF main3.c: 'temp': undefined identifier
 109   2        Data0[3] = temp % 100 / 10;
*** ERROR C202 IN LINE 109 OF main3.c: 'temp': undefined identifier
 110   2        Data0[4] = temp % 10;
*** ERROR C202 IN LINE 110 OF main3.c: 'temp': undefined identifier
 111   2        
 112   2        for(i=0;i<=4;i++)
 113   2        {
 114   3          switch(Data0[i])
 115   3          {
 116   4            case 0:
 117   4            {T[i]=0x30;break;}
*** ERROR C202 IN LINE 117 OF main3.c: 'T': undefined identifier
 118   4            case 1:
 119   4            {T[i]=0x31;break;}
*** ERROR C202 IN LINE 119 OF main3.c: 'T': undefined identifier
 120   4            case 2:
 121   4            {T[i]=0x32;break;}
*** ERROR C202 IN LINE 121 OF main3.c: 'T': undefined identifier
 122   4            case 3:
 123   4            {T[i]=0x33;break;}
*** ERROR C202 IN LINE 123 OF main3.c: 'T': undefined identifier
 124   4            case 4:
 125   4            {T[i]=0x34;break;}
*** ERROR C202 IN LINE 125 OF main3.c: 'T': undefined identifier
 126   4            case 5:
 127   4            { T[i]=0x35;break;}
*** ERROR C202 IN LINE 127 OF main3.c: 'T': undefined identifier
 128   4            case 6:
 129   4            { T[i]=0x36;break;}
*** ERROR C202 IN LINE 129 OF main3.c: 'T': undefined identifier
 130   4            case 7:
 131   4            {T[i]=0x37;break;}
*** ERROR C202 IN LINE 131 OF main3.c: 'T': undefined identifier
 132   4            case 8:
 133   4            {T[i]=0x38;break;}
*** ERROR C202 IN LINE 133 OF main3.c: 'T': undefined identifier
 134   4            case 9:
 135   4            {T[i]=0x39;break;}      
*** ERROR C202 IN LINE 135 OF main3.c: 'T': undefined identifier
 136   4          }
 137   3        }
 138   2             lcd_pos(1,0);             //??????????
 139   2           for(i=0;i<5;i++)
 140   2           {
 141   3             lcd_wdat(DIS3[i]);
 142   3           }
 143   2           lcd_wcmd(0x93);
 144   2           lcd_wdat(T[0]);
*** ERROR C202 IN LINE 144 OF main3.c: 'T': undefined identifier
 145   2        lcd_wdat(T[1]);
*** ERROR C202 IN LINE 145 OF main3.c: 'T': undefined identifier
 146   2        lcd_wdat(T[2]);
*** ERROR C202 IN LINE 146 OF main3.c: 'T': undefined identifier
 147   2        lcd_wdat(0x2e);
C51 COMPILER V9.52.0.0   MAIN3                                                             05/31/2015 00:02:32 PAGE 4   

 148   2        lcd_wdat(T[3]);
*** ERROR C202 IN LINE 148 OF main3.c: 'T': undefined identifier
 149   2        lcd_wdat(T[4]);//lcd_pos(3,0);
*** ERROR C202 IN LINE 149 OF main3.c: 'T': undefined identifier
 150   2        lcd_wdat(0xa1);
 151   2        lcd_wdat(0xe3);
 152   2        lcd_wdat(0x63);
 153   2        /* for(i=1;i<5;i++)
 154   2           {
 155   2             lcd_wdat(T[i]);
 156   2             delay0(3);
 157   2           }
 158   2            lcd_wdat(0x65);
 159   2      */
 160   2           DisplayOneCharOnAddr((temp / 10000),0);
*** ERROR C202 IN LINE 160 OF main3.c: 'temp': undefined identifier
 161   2           DisplayOneCharOnAddr((temp % 10000 / 1000),1);
*** ERROR C202 IN LINE 161 OF main3.c: 'temp': undefined identifier
 162   2           DisplayOneCharOnAddr((temp % 1000 / 100),2);
*** ERROR C202 IN LINE 162 OF main3.c: 'temp': undefined identifier
 163   2           DisplayOneCharOnAddr((temp % 10),3);
*** ERROR C202 IN LINE 163 OF main3.c: 'temp': undefined identifier
 164   2      }
 165   1      void delay_main(int ms)
*** ERROR C141 IN LINE 165 OF main3.c: syntax error near 'void'
 166   1      {
 167   1          while(ms--)
 168   1        {
 169   1            uchar i;
 170   1          for(i=0;i<150;i++)  
 171   1           {
 172   2            _nop_();         
 173   2          _nop_();
 174   2          _nop_();
 175   2          _nop_();
 176   2           }
 177   1        }
 178          } 
 179          
 180          void readtime()
 181          {
 182   1           Time0[0]= (DS1302_ReadOneByteAtAddr(ADDR_SEC_R));
 183   1           Time0[1]= (DS1302_ReadOneByteAtAddr(ADDR_MIN_R));
 184   1           Time0[2]= (DS1302_ReadOneByteAtAddr(ADDR_HOUR_R));
 185   1           Time0[3]= (DS1302_ReadOneByteAtAddr(ADDR_DAY_R));
 186   1           Time0[4]= (DS1302_ReadOneByteAtAddr(ADDR_MONTH_R));
 187   1           Time0[5]= (DS1302_ReadOneByteAtAddr(ADDR_WEEK_R));
 188   1           Time0[6]= (DS1302_ReadOneByteAtAddr(ADDR_YEAR_R));
 189   1      }
 190          void ClockPlay()
 191          {   uchar i;
 192   1        
 193   1            if((Time0[7]&0x0a)==0x0a)    
 194   1            {   
 195   2                Time0[7]=(Time0[7]&0xf0);
 196   2                Time0[7]+=0x10;
 197   2            }
 198   1            if((Time0[7]&0x0f)==0x0f)
 199   1            {   
 200   2                Time0[7]=(Time0[7]&0xf0);
 201   2                Time0[7]+=0x09;
 202   2            }
C51 COMPILER V9.52.0.0   MAIN3                                                             05/31/2015 00:02:32 PAGE 5   

 203   1      
 204   1           lcd_pos(1,0);             //…Ë÷√œ‘ æŒª÷√Œ™µ⁄“ª––
 205   1           for(i=0;i<5;i++)
 206   1           {
 207   2             lcd_wdat(DIS1[i]);
 208   2             delay_main(5);
 209   2           }
 210   1           lcd_wcmd(0x91); 
 211   1           lcd_wdat(0x30+Time0[7]/16);
 212   1           lcd_wdat(0x30+Time0[7]%16);
 213   1           lcd_wdat(0x30+Time0[6]/16);
 214   1           lcd_wdat(0x30+Time0[6]%16);
 215   1           lcd_wdat(0xc4);
 216   1           lcd_wdat(0xea);
 217   1           lcd_wdat(0x30+Time0[4]/16);
 218   1           lcd_wdat(0x30+Time0[4]%16);
 219   1           lcd_wdat(0xd4);
 220   1           lcd_wdat(0xc2);
 221   1           lcd_wdat(0x30+Time0[3]/16);
 222   1           lcd_wdat(0x30+Time0[3]%16);
 223   1           lcd_wdat(0xc8);
 224   1           lcd_wdat(0xd5);
 225   1           lcd_pos(3,0);           
 226   1           for(i=0;i<5;i++)
 227   1           {
 228   2             lcd_wdat(DIS2[i]);
 229   2             delay_main(5);
 230   2           }
 231   1           //lcd_pos(4,0); 
 232   1           lcd_wcmd(0x9B); 
 233   1           lcd_wdat(0x30+Time0[2]/16);
 234   1           lcd_wdat(0x30+Time0[2]%16);
 235   1      
 236   1           lcd_wdat(':');
 237   1               lcd_wcmd(0x9D); 
 238   1           lcd_wdat(0x30+Time0[1]/16);
 239   1           lcd_wdat(0x30+Time0[1]%16);
 240   1           lcd_wdat(':');
 241   1               lcd_wcmd(0x9F); 
 242   1           lcd_wdat(0x30+Time0[0]/16);
 243   1           lcd_wdat(0x30+Time0[0]%16);
 244   1      }
 245          void ADDisplay()
 246          {int i;
 247   1        ISendByte(PCF8591,0x41);
 248   1        D[0]=IRcvByte(PCF8591)*2;  //ADC0 ƒ£ ˝◊™ªª1  ∑≈¥Û2±∂œ‘ æ
 249   1        LedOut[0]=Disp_Tab[D[0]%10000/1000];
 250   1           LedOut[1]=Disp_Tab[D[0]%1000/100];
 251   1           LedOut[2]=Disp_Tab[D[0]%100/10];
 252   1           LedOut[3]=Disp_Tab[D[0]%10];
 253   1            lcd_pos(3,0);             //…Ë÷√œ‘ æŒª÷√Œ™µ⁄“ª––
 254   1           for(i=0;i<5;i++)
 255   1           {
 256   2             lcd_wdat(DIS4[i]);
 257   2             delay_main(5);
 258   2           }
 259   1           lcd_wcmd(0x9C); 
 260   1          //lcd_wdat(LedOut[0]);
 261   1           lcd_wdat(LedOut[1]);
 262   1          //     lcd_wdat(DIS6[0]);
 263   1           //lcd_wdat(DIS6[1]);
 264   1                lcd_wdat(0x2e);//.
C51 COMPILER V9.52.0.0   MAIN3                                                             05/31/2015 00:02:32 PAGE 6   

 265   1           lcd_wdat(LedOut[2]);
 266   1      
 267   1           lcd_wdat(LedOut[3]);
 268   1           lcd_wdat(0x56);//V
 269   1      
 270   1      }
 271          void delay0(unsigned int n)
 272          {
 273   1        unsigned int k;
 274   1        for(k=2;k>0;k--)
 275   1        {
 276   2          while(n--){NOP();}
 277   2        }
 278   1      }
 279          
 280          void delay10(unsigned int n)
 281          {
 282   1          while(n--);
 283   1      }
 284          void timesetting()
 285          {
 286   1        while(1)
 287   1        {
 288   2          ClockPlay();
 289   2          lcd_wcmd(0x84); 
 290   2          for(a=0;a<7;a++)
 291   2           {lcd_wdat(DIS5[a]);}
 292   2        switch(keyboardscan(4))
 293   2        {
 294   3            case 0x77:     //∞¥œ¬∞¥º¸1£¨Ω¯»Îµ˜ ‘ƒÍ
 295   3            {
 296   4               while (1)
 297   4               {
 298   5                 lcd_wcmd(0x92); lcd_wcmd(0x0d);  
 299   5                  switch(keyboardscan(8))
 300   5                  {
 301   6                    case 0x7d://∞¥œ¬K9£¨Ω¯»Îº”1
 302   6                     { year(0);break;}
 303   6                    case 0xbd:
 304   6                      {year(1);break;}
 305   6                  }
 306   5                 if(keyboardscan(4)==0xed)
 307   5                 {lcd_wcmd(0x0c);break;}
 308   5               }break;
 309   4            }
 310   3            case 0xb7://∞¥œ¬K2 Ω¯»Îµ˜ ‘‘¬
 311   3            {
 312   4                while (1)
 313   4                {lcd_wcmd(0x94); lcd_wcmd(0x0d);  
 314   5                  switch(keyboardscan(8))
 315   5                  {
 316   6                    case 0x7d://∞¥œ¬K9£¨Ω¯»Îº”1
 317   6                        {   month(0);break; }
 318   6                    case 0xbd:
 319   6                       {month(1);break;}
 320   6                  }
 321   5                 if(keyboardscan(4)==0xed)
 322   5                 {lcd_wcmd(0x0c);break;}
 323   5               }break;
 324   4            }
 325   3            case 0xd7://∞¥œ¬K3 Ω¯»Îµ˜ ‘day
 326   3            {
C51 COMPILER V9.52.0.0   MAIN3                                                             05/31/2015 00:02:32 PAGE 7   

 327   4                while (1)
 328   4                {lcd_wcmd(0x96); lcd_wcmd(0x0d);  
 329   5                  switch(keyboardscan(8))
 330   5                  {
 331   6                     case 0x7d://∞¥œ¬K9£¨Ω¯»Îº”1
 332   6                        {  day(0);break;  }
 333   6                     case 0xbd://K13
 334   6                        {day(1);break;}
 335   6                  }
 336   5                 if(keyboardscan(4)==0xed)
 337   5                 {lcd_wcmd(0x0c);break;}
 338   5               }break;
 339   4            }
 340   3            case 0xe7://∞¥œ¬K4 Ω¯»Îµ˜ ‘hour
 341   3            {
 342   4                while (1)
 343   4                {lcd_wcmd(0x9B); lcd_wcmd(0x0d);  
 344   5                  switch(keyboardscan(8))
 345   5                  {
 346   6                      case 0x7d://∞¥œ¬K9£¨Ω¯»Îº”1
 347   6                          {  hour(0);break;}
 348   6                      case 0xbd:
 349   6                         {hour(1);break;}
 350   6                  }
 351   5                 if(keyboardscan(4)==0xed)
 352   5                 {lcd_wcmd(0x0c);break;}
 353   5               }break;
 354   4            }
 355   3            case 0x7b://∞¥œ¬K5 Ω¯»Îµ˜ ‘min
 356   3            {
 357   4              while(1)
 358   4                {lcd_wcmd(0x9D); lcd_wcmd(0x0d);  
 359   5                  switch(keyboardscan(8))
 360   5                  {
 361   6                      case 0x7d://∞¥œ¬K9£¨Ω¯»Îº”1
 362   6                         {  min(0);break; }
 363   6                      case 0xbd:
 364   6                         {min(1);break;}
 365   6                  }
 366   5                 if(keyboardscan(4)==0xed)
 367   5                 {lcd_wcmd(0x0c);break;}
 368   5               }break;
 369   4            }
 370   3            case 0xbb://∞¥œ¬K6 Ω¯»Îµ˜sec
 371   3            {
 372   4                while (1)
 373   4                {
 374   5                  lcd_wcmd(0x9F); lcd_wcmd(0x0d);  
 375   5                  switch(keyboardscan(8))
 376   5                  {
 377   6                       case 0x7d://∞¥œ¬K9£¨Ω¯»Îº”1
 378   6                         { sec(0);break;  }
 379   6                       case 0xbd:
 380   6                         {sec(1);break;}
 381   6                  }
 382   5                 if(keyboardscan(4)==0xed)
 383   5                 {lcd_wcmd(0x0c);break;}
 384   5               }break;
 385   4            }
 386   3         }
 387   2          if(keyboardscan(4)==0xee)
 388   2          {
C51 COMPILER V9.52.0.0   MAIN3                                                             05/31/2015 00:02:32 PAGE 8   

 389   3              n=1; lcd_wcmd(0x0c);
 390   3              DS1302_WriteOneByteAtAddr(0x8e,0x00);               
 391   3              DS1302_SetInit(Time0);                 //∂‘ ±÷”Ω¯––…Ë÷√
 392   3              DS1302_WriteOneByteAtAddr(0x8e,0x80);
 393   3              break;
 394   3          }  //lcd_wcmd(0x0c);
 395   2       }
 396   1      }
 397          void year(unsigned char k)
 398          {
 399   1        if(k==0)                //º”“ª
 400   1        { 
 401   2          Time0[6]+=0x01;
 402   2          if(Time0[6]==0x9a)
 403   2          {
 404   3              Time0[6]=0x00;
 405   3              Time0[7]+=0x01;
 406   3              if((Time0[7]&0x0a)==0x0a)
 407   3              {   
 408   4                  Time0[7]=(Time0[7]&0xf0);
 409   4                  Time0[7]+=0x10;
 410   4              }
 411   3          }
 412   2          if((Time0[6]&0x0a)==0x0a)
 413   2          {   
 414   3              Time0[6]=(Time0[6]&0xf0);
 415   3              Time0[6]+=0x10;
 416   3           }  
 417   2        }
 418   1        if(k==1)                 //ºı“ª
 419   1        {
 420   2           Time0[6]-=0x01;
 421   2           if((Time0[6]&0x0f)==0x0f)
 422   2            {   
 423   3                Time0[6]=(Time0[6]&0xf0);
 424   3                Time0[6]+=0x09;
 425   3            }
 426   2            if(Time0[6]==0x00)
 427   2            {   
 428   3                Time0[6]=0x99;
 429   3                Time0[7]-=0x01;
 430   3                if((Time0[7]&0x0f)==0x0f)
 431   3                {   
 432   4                     Time0[7]=(Time0[7]&0xf0);
 433   4                     Time0[7]+=0x09;
 434   4                }
 435   3            } 
 436   2        }
 437   1        lcd_wcmd(0x0d);      //œ‘ æø™£¨πÿπ‚±Í
 438   1        ClockPlay();
 439   1      }
 440          
 441          void month(unsigned char k)
 442          {
 443   1        if(k==0)
 444   1        {
 445   2          Time0[4]+=0x01;
 446   2          if(Time0[4]==0x13)
 447   2          {
 448   3              Time0[4]=0x01;
 449   3          }
 450   2          if((Time0[4]&0x0a)==0x0a)
C51 COMPILER V9.52.0.0   MAIN3                                                             05/31/2015 00:02:32 PAGE 9   

 451   2          {   
 452   3            Time0[4]=(Time0[4]&0xf0);
 453   3            Time0[4]+=0x10;
 454   3          }
 455   2         }
 456   1        if(k==1)
 457   1        {
 458   2          Time0[4]-=0x01;
 459   2          if(Time0[4]==0x00)
 460   2          {   
 461   3              Time0[4]=0x12;
 462   3          } 
 463   2         if((Time0[4]&0x0f)==0x0f)
 464   2          {   
 465   3              Time0[4]=(Time0[4]&0xf0);
 466   3              Time0[4]+=0x09;
 467   3          }
 468   2        }
 469   1        ClockPlay();
 470   1      }
 471          
 472          void day(unsigned char k)
 473          {
 474   1         if(k==0)
 475   1         {        
 476   2           if(Time0[3]==checkday())
 477   2           {    
 478   3              Time0[3]=0x00;
 479   3           }  
 480   2          Time0[3]+=0x01;
 481   2          if((Time0[3]&0x0a)==0x0a)
 482   2          {   
 483   3              Time0[3]=(Time0[3]&0xf0);
 484   3              Time0[3]+=0x10;
 485   3          }
 486   2        }
 487   1        if(k==1)
 488   1        {
 489   2           if(Time0[3]==0x01)
 490   2            {   
 491   3                Time0[3]=checkday()+0x01;
 492   3            } 
 493   2            Time0[3]-=0x01;
 494   2            if((Time0[3]&0x0f)==0x0f)
 495   2            {   
 496   3                Time0[3]=(Time0[3]&0xf0);
 497   3                Time0[3]+=0x09;
 498   3            }
 499   2        }
 500   1        ClockPlay();
 501   1      }
 502          void hour(unsigned char k)
 503          {
 504   1         if(k==0)
 505   1         {
 506   2           Time0[2]+=0x01;
 507   2           if(Time0[2]==0x24)
 508   2           {
 509   3              Time0[2]=0x00;
 510   3           }
 511   2          if((Time0[2]&0x0a)==0x0a)
 512   2          {   
C51 COMPILER V9.52.0.0   MAIN3                                                             05/31/2015 00:02:32 PAGE 10  

 513   3              Time0[2]=(Time0[2]&0xf0);
 514   3              Time0[2]+=0x10;
 515   3           }
 516   2         }
 517   1         if(k==1) 
 518   1          {
 519   2            if(Time0[2]==0x00)
 520   2            {   
 521   3                Time0[2]=0x24;
 522   3            } 
 523   2            Time0[2]-=0x01;
 524   2            if((Time0[2]&0x0f)==0x0f)
 525   2            {   
 526   3                Time0[2]=(Time0[2]&0xf0);
 527   3                Time0[2]+=0x09;
 528   3            } 
 529   2          }
 530   1        ClockPlay();    
 531   1      }
 532          
 533          void min(unsigned char k)
 534          {
 535   1        if(k==0)
 536   1        {
 537   2          Time0[1]+=0x01;
 538   2          if((Time0[1]&0x0a)==0x0a)
 539   2          {   
 540   3             Time0[1]=(Time0[1]&0xf0);
 541   3             Time0[1]+=0x10;
 542   3          }
 543   2          if(Time0[1]==0x60)
 544   2          {
 545   3              Time0[1]=0x00;
 546   3          }
 547   2        }
 548   1        if(k==1)
 549   1        {
 550   2          if(Time0[1]==0x00)
 551   2          {   
 552   3              Time0[1]=0x60;
 553   3          }
 554   2          Time0[1]-=0x01;
 555   2          if((Time0[1]&0x0f)==0x0f)
 556   2          {   
 557   3              Time0[1]=(Time0[1]&0xf0);
 558   3              Time0[1]+=0x09;
 559   3          } 
 560   2        }
 561   1        ClockPlay();
 562   1      }
 563          void sec(unsigned char k)
 564          {
 565   1        if(k==0)
 566   1        {
 567   2          Time0[0]+=0x01;
 568   2          if((Time0[0]&0x0a)==0x0a)
 569   2          {   
 570   3             Time0[0]=(Time0[0]&0xf0);
 571   3            Time0[0]+=0x10;
 572   3          }
 573   2          if(Time0[0]==0x60)
 574   2          {
C51 COMPILER V9.52.0.0   MAIN3                                                             05/31/2015 00:02:32 PAGE 11  

 575   3                Time0[0]=0x00;
 576   3          }
 577   2        }
 578   1        if(k==1)
 579   1        {
 580   2          if(Time0[0]==0x00)
 581   2          {   
 582   3              Time0[0]=0x60;
 583   3          } 
 584   2          Time0[0]-=0x01;
 585   2          if((Time0[0]&0x0f)==0x0f)
 586   2          {   
 587   3                Time0[0]=(Time0[0]&0xf0);
 588   3                Time0[0]+=0x09;
 589   3          } 
 590   2        }
 591   1        ClockPlay();
 592   1      }
 593          
 594          void relaywork(unsigned char k)
 595          {
 596   1        switch(k)
 597   1        {
 598   2           case 0:
 599   2           {  Relay=1;break;}
 600   2           case 1:
 601   2           {  Relay=0;break;}
 602   2         }
 603   1      }
 604          
 605          void Clock()
 606          {
 607   1          if(Time0[1]==clock1[0])
 608   1            {
 609   2                if(Time0[2]==clock1[1])
 610   2                {
 611   3                    if(Time0[0]==0x00)
 612   3                    {relaywork(0);TR0=1;clock_num=0;}
 613   3                }
 614   2            }
 615   1            if (Time0[1]==clock2[0])
 616   1            {
 617   2                if(Time0[2]==clock2[1])
 618   2                {
 619   3                    if(Time0[0]==0x00)
 620   3                    {relaywork(0);TR0=1;clock_num=0;}
 621   3                }
 622   2            }
 623   1            if (Time0[1]==clock3[0])
 624   1            {
 625   2                if(Time0[2]==clock3[1])
 626   2                {
 627   3                    if(Time0[0]==0x00)
 628   3                    {relaywork(0);TR0=1;clock_num=0;}
 629   3                }
 630   2            }
 631   1            if (Time0[1]==clock4[0])
 632   1            {
 633   2                if(Time0[2]==clock4[1])
 634   2                {
 635   3                    if(Time0[0]==0x00)
 636   3                    {relaywork(0);TR0=1;clock_num=0;}
C51 COMPILER V9.52.0.0   MAIN3                                                             05/31/2015 00:02:32 PAGE 12  

 637   3                }
 638   2            }
 639   1            if (Time0[1]==clock5[0])
 640   1            {
 641   2                if(Time0[2]==clock5[1])
 642   2                {
 643   3                    if(Time0[0]==0x00)
 644   3                    {relaywork(0);TR0=1;clock_num=0;}
 645   3                }
 646   2            }
 647   1            if (Time0[1]==clock6[0])
 648   1            {
 649   2                if(Time0[2]==clock6[1])
 650   2                {
 651   3                    if(Time0[0]==0x00)
 652   3                    {relaywork(0);TR0=1;clock_num=0;}
 653   3                }
 654   2            }
 655   1            if (Time0[1]==clock7[0])
 656   1            {
 657   2                if(Time0[2]==clock7[1])
 658   2                {
 659   3                    if(Time0[0]==0x00)
 660   3                    {relaywork(0);TR0=1;clock_num=0;}
 661   3                }
 662   2            }
 663   1            if (Time0[1]==clock8[0])
 664   1            {
 665   2                if(Time0[2]==clock8[1])
 666   2                {
 667   3                    if(Time0[0]==0x00)
 668   3                    {relaywork(0);TR0=1;clock_num=0;}
 669   3                }
 670   2            }
 671   1      }
 672          
 673          void time_interrupt()   interrupt 1
 674          {
 675   1        clock_num++;
 676   1        TL0=0xc3;TH0=0xb7;
 677   1        if(clock_num==1000)
 678   1        {
 679   2          relaywork(1);
 680   2        }
 681   1      }
 682          void Lcd111DisplayTemp0(int temp)    //lcdœ‘ æ
 683          {
 684   1        unsigned char i; 
 685   1        unsigned char code  p2[]= "TEMP:";
 686   1          float tp;  
 687   1        if(temp< 0)       //µ±Œ¬∂»÷µŒ™∏∫ ˝
 688   1          {
 689   2          DisplayData[0] = 0x40; 
 690   2          //“ÚŒ™∂¡»°µƒŒ¬∂» « µº Œ¬∂»µƒ≤π¬Î£¨À˘“‘ºı1£¨‘Ÿ»°∑¥«Û≥ˆ‘≠¬Î
 691   2          temp=temp-1;
 692   2          temp=~temp;
 693   2          tp=temp;
 694   2          temp=tp*0.0625*100+0.5; 
 695   2          //¡Ù¡Ω∏ˆ–° ˝µ„æÕ*100£¨+0.5 «Àƒ…·ŒÂ»Î£¨“ÚŒ™C”Ô—‘∏°µ„ ˝◊™ªªŒ™’˚–Õµƒ ±∫Ú∞—–° ˝µ„
 696   2          //∫Û√Êµƒ ˝◊‘∂Ø»•µÙ£¨≤ªπ‹ «∑Ò¥Û”⁄0.5£¨∂¯+0.5÷Æ∫Û¥Û”⁄0.5µƒæÕ «Ω¯1¡À£¨–°”⁄0.5µƒæÕ
 697   2          //À„”…œ0.5£¨ªπ «‘⁄–° ˝µ„∫Û√Ê°£
 698   2       
C51 COMPILER V9.52.0.0   MAIN3                                                             05/31/2015 00:02:32 PAGE 13  

 699   2          }
 700   1        else
 701   1          {     
 702   2          DisplayData[0] = 0x00;
 703   2          tp=temp;//“ÚŒ™ ˝æ›¥¶¿Ì”––° ˝µ„À˘“‘Ω´Œ¬∂»∏≥∏¯“ª∏ˆ∏°µ„–Õ±‰¡ø
 704   2          //»Áπ˚Œ¬∂» «’˝µƒƒ«√¥£¨ƒ«√¥’˝ ˝µƒ‘≠¬ÎæÕ «≤π¬ÎÀ¸±æ…Ì
 705   2          temp=tp*0.0625*100+0.5; 
 706   2          //¡Ù¡Ω∏ˆ–° ˝µ„æÕ*100£¨+0.5 «Àƒ…·ŒÂ»Î£¨“ÚŒ™C”Ô—‘∏°µ„ ˝◊™ªªŒ™’˚–Õµƒ ±∫Ú∞—–° ˝µ„
 707   2          //∫Û√Êµƒ ˝◊‘∂Ø»•µÙ£¨≤ªπ‹ «∑Ò¥Û”⁄0.5£¨∂¯+0.5÷Æ∫Û¥Û”⁄0.5µƒæÕ «Ω¯1¡À£¨–°”⁄0.5µƒæÕ
 708   2          //À„º”…œ0.5£¨ªπ «‘⁄–° ˝µ„∫Û√Ê°£
 709   2        }
 710   1        //P3=tp;
 711   1      
 712   1        Data0[0] = temp / 10000;
 713   1        Data0[1] = temp % 10000 / 1000;
 714   1        Data0[2] = temp % 1000 / 100 ;
 715   1        Data0[3] = temp % 100 / 10;
 716   1        Data0[4] = temp % 10;
 717   1        
 718   1        
 719   1      }

C51 COMPILATION COMPLETE.  1 WARNING(S),  37 ERROR(S)
