C51 COMPILER V9.52.0.0   FASONG                                                            07/20/2015 21:04:23 PAGE 1   


C51 COMPILER V9.52.0.0, COMPILATION OF MODULE FASONG
OBJECT MODULE PLACED IN fasong.OBJ
COMPILER INVOKED BY: C:\Program Files\keil\C51\BIN\C51.EXE fasong.c BROWSE DEBUG OBJECTEXTEND TABS(2)

line level    source

   1          #include<reg52.h>
   2          unsigned int sendCount,sendPosi=0,i=0;
   3          unsigned char sendBuf[]="123456b";
   4          void uart_init() 
   5          { 
   6   1         SCON=0x50;
   7   1        //SMOD=0;
   8   1        PCON|= 0x80;
   9   1        TMOD|=0x20;
  10   1        TH1=0xf3; TL1=0xf3;
  11   1        TR1=1;
  12   1        ES=1;
  13   1        EA=1;
  14   1        TI=0;//????????? 
  15   1        RI=0;//????????? 
  16   1        TR1=1;//?????1 
  17   1         EA=1; //??????
  18   1        ES=1;  //??????
  19   1      }
  20          
  21          void main()
  22          {
  23   1        P1=0xff;
  24   1         uart_init() ;
  25   1        while(sendBuf[i]!='b')
  26   1        {
  27   2           i++;
  28   2          sendCount=i;
  29   2        }
  30   1        TI=1;
  31   1      }
  32          void commIntProc() interrupt 4
  33          {
  34   1         if(TI)
  35   1          {
  36   2              TI = 0; 
  37   2              if(sendPosi < sendCount) //????????
  38   2              {
  39   3                  sendPosi++;                     //?????????
  40   3                  SBUF = sendBuf[sendPosi];//????
  41   3              }
  42   2            }
  43   1      }
  44          


MODULE INFORMATION:   STATIC OVERLAYABLE
   CODE SIZE        =    112    ----
   CONSTANT SIZE    =   ----    ----
   XDATA SIZE       =   ----    ----
   PDATA SIZE       =   ----    ----
   DATA SIZE        =     14    ----
   IDATA SIZE       =   ----    ----
   BIT SIZE         =   ----    ----
END OF MODULE INFORMATION.

C51 COMPILER V9.52.0.0   FASONG                                                            07/20/2015 21:04:23 PAGE 2   


C51 COMPILATION COMPLETE.  0 WARNING(S),  0 ERROR(S)
