C51 COMPILER V9.52.0.0   MAIN                                                              07/20/2015 12:19:29 PAGE 1   


C51 COMPILER V9.52.0.0, COMPILATION OF MODULE MAIN
OBJECT MODULE PLACED IN main.OBJ
COMPILER INVOKED BY: C:\Program Files\keil\C51\BIN\C51.EXE main.c BROWSE DEBUG OBJECTEXTEND TABS(2)

line level    source

   1          #include<reg52.h>//11.0952M
   2          sbit P0_0=P0^0;
   3          sbit P0_1=P0^1;
   4          void delay(unsigned int i);
   5          void main()
   6          {
   7   1        SCON=0x40;
   8   1        PCON&= 0x7f;
   9   1        TMOD|=0x20;
  10   1        TH1=0xfa; TL1=0xfa;
  11   1        TR1=1;
  12   1        ES=1;
  13   1        EA=1;
  14   1        P0=0xff;
  15   1        while(1)
  16   1        {
  17   2          if(P0_0==0)
  18   2          {
  19   3            SBUF='0';
  20   3          }
  21   2          if(P0_1==0)
  22   2          {
  23   3            SBUF='1';
  24   3          }
  25   2        }
  26   1      }
  27          
  28          
  29           void delay(unsigned int i)
  30          {
  31   1        unsigned char j;
  32   1        for(i; i > 0; i--)
  33   1          for(j = 200; j > 0; j--) ;
  34   1      
  35   1      }


MODULE INFORMATION:   STATIC OVERLAYABLE
   CODE SIZE        =     59    ----
   CONSTANT SIZE    =   ----    ----
   XDATA SIZE       =   ----    ----
   PDATA SIZE       =   ----    ----
   DATA SIZE        =   ----    ----
   IDATA SIZE       =   ----    ----
   BIT SIZE         =   ----    ----
END OF MODULE INFORMATION.


C51 COMPILATION COMPLETE.  0 WARNING(S),  0 ERROR(S)
