C51 COMPILER V9.52.0.0   MAIN01                                                            07/20/2015 22:25:44 PAGE 1   


C51 COMPILER V9.52.0.0, COMPILATION OF MODULE MAIN01
OBJECT MODULE PLACED IN main01.OBJ
COMPILER INVOKED BY: C:\Program Files\keil\C51\BIN\C51.EXE main01.c BROWSE DEBUG OBJECTEXTEND TABS(2)

line level    source

   1          #include<reg52.h>//11.0952M
   2          sbit P0_0=P0^0;
   3          sbit P0_1=P0^1;
   4          unsigned char Data0[10]="1234dd",Data1[10]="dd4321";
   5          unsigned int j=0;
   6          void delay(unsigned int i);
   7          void UART_Send_Byte(unsigned char ucData);
   8          void UART_Send_Enter();
   9          void UART_Send_Str(char *pStr);
  10          void main()
  11          {
  12   1        SCON=0x40;
  13   1        /*PCON&= 0x7f;
  14   1        TMOD|=0x20;
  15   1        TH1=0xfa; TL1=0xfa;*/
  16   1        PCON&= 0x7f;
  17   1        TMOD|=0x20;
  18   1        TH1=0xf3; TL1=0xf3;
  19   1        TR1=1;
  20   1        ES=1;
  21   1        EA=1;
  22   1       //UART_Send_Byte(11);
  23   1          UART_Send_Str("dkdhdifj454");
  24   1      //  UART_Send_Enter();
  25   1        
  26   1        while(1){UART_Send_Str("dkdhdifj454");}
  27   1      }
  28            
  29            
  30            
  31          void UART_Send_Byte(unsigned char ucData)
  32          {
  33   1       TI = 0;
  34   1       SBUF = ucData;
  35   1       while(!TI);
  36   1       TI = 0;
  37   1      }
  38          
  39          
  40          void UART_Send_Enter()
  41          {
  42   1       UART_Send_Byte(0x0d);
  43   1       UART_Send_Byte(0x0a);
  44   1      }
  45          
  46          void UART_Send_Str(char *pStr)
  47          {
  48   1          
  49   1        while(*pStr != '\0')
  50   1        {
  51   2          UART_Send_Byte(*pStr++);
  52   2        }
  53   1        UART_Send_Enter();
  54   1      
  55   1      }
C51 COMPILER V9.52.0.0   MAIN01                                                            07/20/2015 22:25:44 PAGE 2   

  56           void uar() interrupt 4
  57          {
  58   1        if(RI) {RI=0;}
  59   1        else TI=0; 
  60   1      }


MODULE INFORMATION:   STATIC OVERLAYABLE
   CODE SIZE        =    103    ----
   CONSTANT SIZE    =     12    ----
   XDATA SIZE       =   ----    ----
   PDATA SIZE       =   ----    ----
   DATA SIZE        =     22       3
   IDATA SIZE       =   ----    ----
   BIT SIZE         =   ----    ----
END OF MODULE INFORMATION.


C51 COMPILATION COMPLETE.  0 WARNING(S),  0 ERROR(S)
