C51 COMPILER V9.52.0.0   MAIN1                                                             07/20/2015 16:14:26 PAGE 1   


C51 COMPILER V9.52.0.0, COMPILATION OF MODULE MAIN1
OBJECT MODULE PLACED IN main1.OBJ
COMPILER INVOKED BY: C:\Program Files\keil\C51\BIN\C51.EXE main1.c BROWSE DEBUG OBJECTEXTEND TABS(2)

line level    source

   1          #include<reg52.h>//12M
   2          sbit P0_0=P0^0;
   3          sbit P0_1=P0^1;
   4          unsigned char Data[10];
   5          unsigned int i=0;
   6          void main()
   7          {
   8   1        SCON=0x50;
   9   1        //SMOD=0;
  10   1        PCON|= 0x80;
  11   1        TMOD|=0x20;
  12   1        TH1=0xf3; TL1=0xf3;
  13   1        TR1=1;
  14   1        ES=1;
  15   1        EA=1;
  16   1        //P0=0xff;
  17   1        while(1)
  18   1        {
  19   2          if(RI)
  20   2          {
  21   3            while(SBUF!='\0')
  22   3            {
  23   4              Data[i]=SBUF;
  24   4              i++;
  25   4              //for(i=0;i<10;i++)
  26   4              //{Data[i]=SBUF;}
  27   4              
  28   4            }
  29   3          
  30   3           }
  31   2            if(Data[10]=="1234dd")
  32   2            {
  33   3               P0_0=0;
  34   3              //RI=0;
  35   3             }
  36   2              if(Data[10]=="dd4321")
  37   2             {
  38   3               P0_0=1;
  39   3              // RI=0;
  40   3             }
  41   2         }
  42   1       }


MODULE INFORMATION:   STATIC OVERLAYABLE
   CODE SIZE        =     73    ----
   CONSTANT SIZE    =     14    ----
   XDATA SIZE       =   ----    ----
   PDATA SIZE       =   ----    ----
   DATA SIZE        =     12    ----
   IDATA SIZE       =   ----    ----
   BIT SIZE         =   ----    ----
END OF MODULE INFORMATION.


C51 COMPILATION COMPLETE.  0 WARNING(S),  0 ERROR(S)
