C51 COMPILER V9.52.0.0   ADC                                                               07/25/2015 16:41:27 PAGE 1   


C51 COMPILER V9.52.0.0, COMPILATION OF MODULE ADC
OBJECT MODULE PLACED IN adc.OBJ
COMPILER INVOKED BY: C:\Program Files\keil\C51\BIN\C51.EXE adc.c BROWSE DEBUG OBJECTEXTEND TABS(2)

line level    source

   1          #include "reg51.h"
   2          #include "intrins.h"
   3          
   4          #define FOSC    12000000L
   5          #define BAUD    4800
   6          
   7          typedef unsigned char BYTE;
   8          typedef unsigned int WORD;
   9          
  10          /*Declare SFR associated with the ADC */
  11          sfr ADC_CONTR   =   0xC5;           //ADC control register
  12          sfr ADC_DATA    =   0xC6;           //ADC high 8-bit result register
  13          sfr ADC_LOW2    =   0xBE;           //ADC low 2-bit result register
  14          sfr P1M0        =   0x91;           //P1 mode control register0
  15          sfr P1M1        =   0x92;           //P1 mode control register1
  16          
  17          /*Define ADC operation const for ADC_CONTR*/
  18          #define ADC_POWER   0x80            //ADC power control bit
  19          #define ADC_FLAG    0x10            //ADC complete flag
  20          #define ADC_START   0x08            //ADC start control bit
  21          #define ADC_SPEEDLL 0x00            //420 clocks
  22          #define ADC_SPEEDL  0x20            //280 clocks
  23          #define ADC_SPEEDH  0x40            //140 clocks
  24          #define ADC_SPEEDHH 0x60            //70 clocks
  25          
  26          void InitUart();
  27          void InitADC();
  28          void SendData(BYTE dat);
  29          BYTE GetADCResult(BYTE ch);
  30          void Delay(WORD n);
  31          void ShowResult(BYTE ch);
  32          
  33          void main()
  34          {
  35   1          InitUart();                     //Init UART, use to show ADC result
  36   1          InitADC();                      //Init ADC sfr
  37   1          while (1)
  38   1          {
  39   2              ShowResult(0);              //Show Channel0
  40   2            Delay(50);
  41   2          }
  42   1      }
  43          
  44          /*----------------------------
  45          Send ADC result to UART
  46          ----------------------------*/
  47          void ShowResult(BYTE ch)
  48          {
  49   1          SendData(ch);                   //Show Channel NO.
  50   1          SendData(GetADCResult(ch));     //Show ADC high 8-bit result
  51   1      
  52   1      //if you want show 10-bit result, uncomment next line
  53   1      //    SendData(ADC_LOW2);             //Show ADC low 2-bit result
  54   1      }
  55          
C51 COMPILER V9.52.0.0   ADC                                                               07/25/2015 16:41:27 PAGE 2   

  56          /*----------------------------
  57          Get ADC result
  58          ----------------------------*/
  59          BYTE GetADCResult(BYTE ch)
  60          {
  61   1          ADC_CONTR = ADC_POWER | ADC_SPEEDLL | ch | ADC_START;
  62   1          _nop_();                        //Must wait before inquiry
  63   1          _nop_();
  64   1          _nop_();
  65   1          _nop_();
  66   1          while (!(ADC_CONTR & ADC_FLAG));//Wait complete flag
  67   1          ADC_CONTR &= ~ADC_FLAG;         //Close ADC
  68   1      
  69   1          return ADC_DATA;                //Return ADC result
  70   1      }
  71          
  72          /*----------------------------
  73          Initial UART
  74          ----------------------------*/
  75          void InitUart()
  76          {
  77   1          SCON = 0x5a;                    //8 bit data ,no parity bit
  78   1          TMOD = 0x20;                    //T1 as 8-bit auto reload
  79   1          PCON = 0X80;
  80   1          TH1 = TL1 = -(FOSC/12/32/BAUD-256); //Set Uart baudrate
  81   1          TR1 = 1;                        //T1 start running
  82   1      }
  83          
  84          /*----------------------------
  85          Initial ADC sfr
  86          ----------------------------*/
  87          void InitADC()
  88          {
  89   1          P1 = P1M0 = P1M1 = 0xff;        //Set all P1 as Open-Drain mode
  90   1          ADC_DATA = 0;                   //Clear previous result
  91   1          ADC_CONTR = ADC_POWER | ADC_SPEEDLL;
  92   1          Delay(2);                       //ADC power-on and delay
  93   1      }
  94          
  95          /*----------------------------
  96          Send one byte data to PC
  97          Input: dat (UART data)
  98          Output:-
  99          ----------------------------*/
 100          void SendData(BYTE dat)
 101          {
 102   1                              //Wait for the previous data is sent
 103   1          TI = 0;                         //Clear TI flag
 104   1          SBUF = dat;
 105   1          while (!TI);                     //Send current data
 106   1      }
 107          
 108          /*----------------------------
 109          Software delay function
 110          ----------------------------*/
 111          void Delay(WORD n)
 112          {
 113   1          WORD x;
 114   1      
 115   1          while (n--)
 116   1          {
 117   2              x = 5000;
C51 COMPILER V9.52.0.0   ADC                                                               07/25/2015 16:41:27 PAGE 3   

 118   2              while (x--);
 119   2          }
 120   1      }


MODULE INFORMATION:   STATIC OVERLAYABLE
   CODE SIZE        =    127    ----
   CONSTANT SIZE    =   ----    ----
   XDATA SIZE       =   ----    ----
   PDATA SIZE       =   ----    ----
   DATA SIZE        =   ----       1
   IDATA SIZE       =   ----    ----
   BIT SIZE         =   ----    ----
END OF MODULE INFORMATION.


C51 COMPILATION COMPLETE.  0 WARNING(S),  0 ERROR(S)
