C51 COMPILER V9.01   MAIN                                                                  07/25/2015 16:30:51 PAGE 1   


C51 COMPILER V9.01, COMPILATION OF MODULE MAIN
OBJECT MODULE PLACED IN main.OBJ
COMPILER INVOKED BY: D:\keil\C51\BIN\C51.EXE main.c BROWSE DEBUG OBJECTEXTEND

line level    source

   1          /*******************************************************************************
   2          *                 
   3          *                                      普中科技
   4          --------------------------------------------------------------------------------
   5          * 实 验 名               : RS232串口发送试验
   6          * 实验说明       : 单片机一直通过串口发送“DX************中国海洋大学自动化”到短信猫
   7          * 连接方式       : 见连接图
   8          * 注    意               : 
   9          *******************************************************************************/
  10          
  11          #include<reg51.h>
  12          
  13          unsigned char PuZh[] = "DX************中国海洋大学自动化";              //*处为11位手机号码
  14          
  15          //--声明全局函数-//
  16          void UsartConfiguration();
  17          void Delay10ms(unsigned int c);   //误差 0us
  18          
  19          /*******************************************************************************
  20          * 函 数 名         : main
  21          * 函数功能                 : 主函数
  22          * 输    入         : 无
  23          * 输    出         : 无
  24          *******************************************************************************/
  25          
  26          void main()
  27          {
  28   1              unsigned char i;
  29   1              UsartConfiguration();
  30   1              while(1)
  31   1              {  
  32   2                      for(i=0; i<50; i++)                     //可以自己改为合适的值，
  33   2                      {
  34   3                              SBUF = PuZh[i];   //将要发送的数据放入到发送寄存器
  35   3                              while(!TI);               //等待发送数据完成
  36   3                              TI=0;                     //清除发送完成标志位
  37   3                      }
  38   2                      Delay10ms(50);            //延时一下再发
  39   2                      TR1=0;
  40   2              
  41   2              }
  42   1      }
  43          /*******************************************************************************
  44          * 函 数 名         :UsartConfiguration()
  45          * 函数功能                 :设置串口
  46          * 输    入         : 无
  47          * 输    出         : 无
  48          *******************************************************************************/
  49          
  50          void UsartConfiguration()
  51          {
  52   1              SCON=0X50;                      //设置为工作方式1
  53   1              TMOD=0X20;                      //设置计数器工作方式2
  54   1              TH1=0XFd;                   //计数器初始值设置，注意波特率是9600的
  55   1              TL1=0XFd;
C51 COMPILER V9.01   MAIN                                                                  07/25/2015 16:30:51 PAGE 2   

  56   1              TR1=1;                                      //打开计数器
  57   1      }
  58          
  59          /*******************************************************************************
  60          * 函 数 名         : Delay10ms
  61          * 函数功能                 : 延时函数，延时10ms
  62          * 输    入         : 无
  63          * 输    出         : 无
  64          *******************************************************************************/
  65          
  66          void Delay10ms(unsigned int c)   //误差 0us
  67          {
  68   1          unsigned char a, b;
  69   1      
  70   1              //--c已经在传递过来的时候已经赋值了，所以在for语句第一句就不用赋值了--//
  71   1          for (;c>0;c--)
  72   1              {
  73   2                      for (b=38;b>0;b--)
  74   2                      {
  75   3                              for (a=130;a>0;a--);
  76   3                      }          
  77   2              }       
  78   1      }


MODULE INFORMATION:   STATIC OVERLAYABLE
   CODE SIZE        =     72    ----
   CONSTANT SIZE    =   ----    ----
   XDATA SIZE       =   ----    ----
   PDATA SIZE       =   ----    ----
   DATA SIZE        =     33    ----
   IDATA SIZE       =   ----    ----
   BIT SIZE         =   ----    ----
END OF MODULE INFORMATION.


C51 COMPILATION COMPLETE.  0 WARNING(S),  0 ERROR(S)
