C51 COMPILER V9.52.0.0   MAIN                                                              05/17/2015 14:31:41 PAGE 1   


C51 COMPILER V9.52.0.0, COMPILATION OF MODULE MAIN
OBJECT MODULE PLACED IN main.OBJ
COMPILER INVOKED BY: C:\Program Files\keil\C51\BIN\C51.EXE main.c BROWSE DEBUG OBJECTEXTEND TABS(2)

line level    source

   1          #include<reg52.h>
   2          #include"lcd.h"
   3          
   4          void main()
   5          {
   6   1        unsigned char  p0[]="DATE:";
   7   1        LCD1602_Init();
   8   1        while(1)
   9   1        {
  10   2          LCD1602_MoveToPosition(0,0);
  11   2                 LCD1602_DisplayString(p0);
  12   2          LCD1602_DisplayOneCharOnAddr(0,8,'A');
  13   2          
  14   2        }   
  15   1      }


MODULE INFORMATION:   STATIC OVERLAYABLE
   CODE SIZE        =     48    ----
   CONSTANT SIZE    =      6    ----
   XDATA SIZE       =   ----    ----
   PDATA SIZE       =   ----    ----
   DATA SIZE        =   ----       6
   IDATA SIZE       =   ----    ----
   BIT SIZE         =   ----    ----
END OF MODULE INFORMATION.


C51 COMPILATION COMPLETE.  0 WARNING(S),  0 ERROR(S)
