C51 COMPILER V9.52.0.0   MAIN1                                                             04/06/2015 21:38:32 PAGE 1   


C51 COMPILER V9.52.0.0, COMPILATION OF MODULE MAIN1
OBJECT MODULE PLACED IN ..\Outpt\main1.obj
COMPILER INVOKED BY: C:\Program Files\keil\C51\BIN\C51.EXE ..\Source\main1.c BROWSE DEBUG OBJECTEXTEND PRINT(.\main1.lst
                    -) TABS(2) OBJECT(..\Outpt\main1.obj)

line level    source

   1          //LCD1602_RS = P3^6;  LCD1602_RW = P3^5;  LCD1602_EN = P3^7;  LCDPORT P0
   2          //DS1302_CLK = P2^0; DS1302_IO = P2^1; DS1302_RST = P2^2;
   3          //矩阵键盘 P1
   4          //P3^3=外部中断1
   5          
   6          #include<reg51.h>
   7          #include"lcd.h"
   8          #include"ds1302.h"
   9          //#include"8DigitalTubeDisplay.h"
  10          extern unsigned char code ucInitTime[]={0x58,0x59,0x23,0x31,0x12,0x04,0x25};  //初始化后设置为:15年04月2日
             -星期4 19点49分00秒
  11                                                 /* 秒 分 时 日 月 星期 年 */ 
  12          extern unsigned char Time0[7]={0x58,0x59,0x23,0x31,0x12,0x04,0x25};
  13           unsigned char *p;
  14          void LcdDisplay();
  15          void LcdDisplay0();
  16          
  17          void delay0(n)
  18          {
  19   1        while(n--);
  20   1      }
  21          unsigned char keyboardscan()
  22          {
  23   1        unsigned char board_h, board_l;
  24   1        P1=0x0f;
  25   1        board_h=P1&0x0f;
  26   1        if(board_h!=0x0f)
  27   1        {
  28   2          delay0(5);
  29   2          board_h=P1&0x0f;
  30   2          if(board_h!=0x0f)
  31   2          {
  32   3            P1=board_h|0xf0;
  33   3            board_l=P1&0xf0;
  34   3            return(board_h+board_l);
  35   3          }
  36   2        }
  37   1        return(0xff);
  38   1      }
  39          
  40          void main()
  41          { 
  42   1      
  43   1         LCD1602_Init();    //液晶初始化
  44   1         DS1302_WriteOneByteAtAddr(0x8e,0x80);  
  45   1        DS1302_SetInit(ucInitTime); 
  46   1           TCON=0x04;
  47   1        EA=1;EX1=1;
  48   1         while(1)
  49   1         {
  50   2           LcdDisplay();
  51   2          }
  52   1      }
  53          
C51 COMPILER V9.52.0.0   MAIN1                                                             04/06/2015 21:38:32 PAGE 2   

  54          
  55          void LcdDisplay()
  56          {
  57   1          while(1)
  58   1        {
  59   2           p=ucInitTime;
  60   2          *(p+6)=DS1302_ReadOneByteAtAddr(ADDR_YEAR_R);
  61   2          *(p+5)=DS1302_ReadOneByteAtAddr(ADDR_WEEK_R);
  62   2          *(p+4)=DS1302_ReadOneByteAtAddr(ADDR_MONTH_R);
  63   2          *(p+3)=DS1302_ReadOneByteAtAddr(ADDR_DAY_R)%16;
  64   2          *(p+2)=DS1302_ReadOneByteAtAddr(ADDR_HOUR_R)%16;
  65   2          *(p+1)=DS1302_ReadOneByteAtAddr(ADDR_MIN_R)%16;
  66   2          *(p)=DS1302_ReadOneByteAtAddr(ADDR_SEC_R)%16;
  67   2          LCD1602_DisplayOneCharOnAddr(0,0,('D'));
  68   2          LCD1602_DisplayOneCharOnAddr(0,1,('a'));
  69   2          LCD1602_DisplayOneCharOnAddr(0,2,'t');
  70   2          LCD1602_DisplayOneCharOnAddr(0,3,'a');
  71   2          LCD1602_DisplayOneCharOnAddr(0,4,':');
  72   2          LCD1602_DisplayOneCharOnAddr(0,5,'2');
  73   2          LCD1602_DisplayOneCharOnAddr(0,6,'0');
  74   2          LCD1602_DisplayOneCharOnAddr(0,7,('0'+*(p+6)/16));      //年
  75   2          LCD1602_DisplayOneCharOnAddr(0,8,('0'+*(p+6)%16));
  76   2          LCD1602_DisplayOneCharOnAddr(0,9,(0x00));
  77   2          LCD1602_DisplayOneCharOnAddr(0,10,('0'+*(p+4)/16));     //月
  78   2          LCD1602_DisplayOneCharOnAddr(0,11,('0'+*(p+4)%16));
  79   2          LCD1602_DisplayOneCharOnAddr(0,12,(0x01));
  80   2          LCD1602_DisplayOneCharOnAddr(0,13,('0'+*(p+3)/16));     //日
  81   2          LCD1602_DisplayOneCharOnAddr(0,14,('0'+*(p+3)%16)); 
  82   2          LCD1602_DisplayOneCharOnAddr(0,15,0x02);
  83   2          LCD1602_DisplayOneCharOnAddr(1,0,('0'+*(p+2)/16));        //时
  84   2          LCD1602_DisplayOneCharOnAddr(1,1,('0'+*(p+2)%16));         
  85   2          LCD1602_DisplayOneCharOnAddr(1,2,(':'));
  86   2          LCD1602_DisplayOneCharOnAddr(1,3,('0'+*(p+1)/16));        //分
  87   2          LCD1602_DisplayOneCharOnAddr(1,4,('0'+*(p+1)%16));  
  88   2          LCD1602_DisplayOneCharOnAddr(1,5,(':'));
  89   2          LCD1602_DisplayOneCharOnAddr(1,6,('0'+*(p)/16));        //秒
  90   2          LCD1602_DisplayOneCharOnAddr(1,7,('0'+*(p)%16));
  91   2          LCD1602_DisplayOneCharOnAddr(1,10,('0'+*(p+5)%16)); //星期    
  92   2          LCD1602_DisplayOneCharOnAddr(1,13,0x03);
  93   2          LCD1602_DisplayOneCharOnAddr(1,14,0x04);
  94   2          LCD1602_DisplayOneCharOnAddr(1,15,0x05);   
  95   2          switch(keyboardscan())
  96   2           {
  97   3                case 0xb7://年加一
  98   3                { 
  99   4                  LCD1602_Init(); 
 100   4                  Time0[6]+=0x01;
 101   4                  if((Time0[6]&0x0a)==0x0a)
 102   4                  {   
 103   5                      Time0[6]=(Time0[6]&0xf0);
 104   5                      Time0[6]+=0x10;
 105   5                     DS1302_SetInit(Time0);
 106   5                  }
 107   4                  DS1302_WriteOneByteAtAddr(0x8e,0x80); 
 108   4                  DS1302_SetInit(Time0);
 109   4                  break;
 110   4                }
 111   3                case 0xd7:
 112   3                { 
 113   4                  LCD1602_Init(); 
 114   4                  Time0[6]-=0x01;
 115   4                  if((Time0[6]&0x0f)==0x0f)
C51 COMPILER V9.52.0.0   MAIN1                                                             04/06/2015 21:38:32 PAGE 3   

 116   4                  {   
 117   5                      Time0[6]=(Time0[6]&0xf0);
 118   5                      Time0[6]+=0x09;
 119   5                     DS1302_SetInit(Time0);
 120   5                  }
 121   4                  DS1302_WriteOneByteAtAddr(0x8e,0x80); 
 122   4                  DS1302_SetInit(Time0);
 123   4                  break;
 124   4                }
 125   3          }
 126   2        }
 127   1      }
 128          void time() interrupt 2
 129          {while(1){
 130   2        //LCD1602_DisplayOneCharOnAddr(1,8,'1');
 131   2          switch(keyboardscan())
 132   2           {
 133   3          //case 0x77:
 134   3          //    DisplayOneCharOnAddr(0,8); break;
 135   3          case 0xb7://年加一
 136   3              { 
 137   4               // LCD1602_Init(); 
 138   4                
 139   4                            Time0[6]+=0x01;
 140   4                            DS1302_WriteOneByteAtAddr(0x8e,0x80); 
 141   4                  DS1302_SetInit(Time0);  
 142   4            //    delay0(10000);
 143   4                LcdDisplay();
 144   4              //  delay0(1000000000);
 145   4                LCD1602_DisplayOneCharOnAddr(1,8,'2');
 146   4                //while(1);
 147   4        
 148   4                //  LCD1602_WriteInformation(0xca,0);
 149   4              //    DS1302_WriteOneByteAtAddr(0x8e,0x80); 
 150   4               //   DS1302_SetInit(Time); 
 151   4                //  LcdDisplay(); 
 152   4              }
 153   3          case 0xd7://年减1
 154   3              {  
 155   4                  Time0[6]-=0x01;  
 156   4                                      DS1302_WriteOneByteAtAddr(0x8e,0x80); 
 157   4                  DS1302_SetInit(Time0);  
 158   4                LcdDisplay0();
 159   4                LCD1602_DisplayOneCharOnAddr(1,9,'3');
 160   4                //  DS1302_WriteOneByteAtAddr(0x8e,0x80); 
 161   4               //   DS1302_SetInit(Time); 
 162   4                //  LcdDisplay(); 
 163   4              }       
 164   3          case 0xe7://month add
 165   3                {  
 166   4                  Time0[5]+=0x01; 
 167   4                //  DS1302_WriteOneByteAtAddr(0x8e,0x80); 
 168   4                //  DS1302_SetInit(Time); 
 169   4                //  LcdDisplay(); 
 170   4              }   
 171   3          case 0x7b:
 172   3                  {  
 173   4                  Time0[5]-=0x01; 
 174   4                //  DS1302_WriteOneByteAtAddr(0x8e,0x80); 
 175   4                //  DS1302_SetInit(Time); 
 176   4                //  LcdDisplay(); 
 177   4                  } 
C51 COMPILER V9.52.0.0   MAIN1                                                             04/06/2015 21:38:32 PAGE 4   

 178   3          case 0xbb://day
 179   3                    {  
 180   4                  Time0[4]+=0x01; 
 181   4                //  DS1302_WriteOneByteAtAddr(0x8e,0x80); 
 182   4                 // DS1302_SetInit(Time); 
 183   4                //  LcdDisplay(); 
 184   4              } 
 185   3          case 0xdb:
 186   3                      {  
 187   4                  Time0[4]-=0x01; 
 188   4                //  DS1302_WriteOneByteAtAddr(0x8e,0x80); 
 189   4      //DS1302_SetInit(Time); 
 190   4              //    LcdDisplay(); 
 191   4              }  
 192   3          case 0xeb://week
 193   3                      {  
 194   4                  Time0[3]+=0x01; 
 195   4              //    DS1302_WriteOneByteAtAddr(0x8e,0x80); 
 196   4               //   DS1302_SetInit(Time); 
 197   4                //  LcdDisplay(); 
 198   4              }
 199   3          case 0x7d:
 200   3                      {  
 201   4                  Time0[3]-=0x01; 
 202   4              //    DS1302_WriteOneByteAtAddr(0x8e,0x80); 
 203   4               //   DS1302_SetInit(Time); 
 204   4                //  LcdDisplay(); 
 205   4              }
 206   3          case 0xbd://hour
 207   3                      {  
 208   4                  Time0[2]+=0x01;  
 209   4                //  DS1302_WriteOneByteAtAddr(0x8e,0x80); 
 210   4                //  DS1302_SetInit(Time); 
 211   4                //  LcdDisplay(); 
 212   4              }
 213   3          case 0xdd:
 214   3                      {  
 215   4                  Time0[2]-=0x01; 
 216   4              //    DS1302_WriteOneByteAtAddr(0x8e,0x80); 
 217   4               //   DS1302_SetInit(Time); 
 218   4                //  LcdDisplay(); 
 219   4              }
 220   3          case 0xed://min
 221   3                      Time0[1]+=0x01; 
 222   3          case 0x7e:
 223   3                  Time0[1]-=0x01; 
 224   3          case 0xbe://sec
 225   3                  Time0[0]+=0x01; 
 226   3          case 0xde:
 227   3                    Time0[0]-=0x01; 
 228   3        //  case 0xee:
 229   3            //  DisplayOneCharOnAddr(15,8); break; 
 230   3          default: 
 231   3      
 232   3                LCD1602_DisplayOneCharOnAddr(1,12,'1');break;
 233   3               // continue;
 234   3        
 235   3        }
 236   2               if(keyboardscan()==0x77) {break;}
 237   2        //  LCD1602_WriteInformation(0xca,0);
 238   2      }}
 239          
C51 COMPILER V9.52.0.0   MAIN1                                                             04/06/2015 21:38:32 PAGE 5   

 240           
 241          


MODULE INFORMATION:   STATIC OVERLAYABLE
   CODE SIZE        =    997    ----
   CONSTANT SIZE    =      7    ----
   XDATA SIZE       =   ----    ----
   PDATA SIZE       =   ----    ----
   DATA SIZE        =     10    ----
   IDATA SIZE       =   ----    ----
   BIT SIZE         =   ----    ----
END OF MODULE INFORMATION.


C51 COMPILATION COMPLETE.  0 WARNING(S),  0 ERROR(S)
