C51 COMPILER V9.52.0.0   MAIN1                                                             07/25/2015 11:36:33 PAGE 1   


C51 COMPILER V9.52.0.0, COMPILATION OF MODULE MAIN1
OBJECT MODULE PLACED IN main1.OBJ
COMPILER INVOKED BY: C:\Program Files\keil\C51\BIN\C51.EXE main1.c BROWSE DEBUG OBJECTEXTEND TABS(2)

line level    source

   1          #include<reg52.h>
   2          #include "uart.h"
   3          #include"main.h"
   4          void main()
   5          {
   6   1        InitUart();
   7   1          while(1)
   8   1         {
   9   2         }
  10   1       }
  11           void Usart() interrupt 4
  12          {
  13   1        unsigned char receiveData;
  14   1        receiveData=SBUF;//出去接收到的数据
  15   1        //清除接收中断标志位
  16   1        SendData(receiveData);
  17   1        RI = 0;
  18   1      }
*** WARNING C316 IN LINE 18 OF main1.c: unterminated conditionals


MODULE INFORMATION:   STATIC OVERLAYABLE
   CODE SIZE        =    123    ----
   CONSTANT SIZE    =   ----    ----
   XDATA SIZE       =   ----    ----
   PDATA SIZE       =   ----    ----
   DATA SIZE        =     26    ----
   IDATA SIZE       =   ----    ----
   BIT SIZE         =   ----    ----
END OF MODULE INFORMATION.


C51 COMPILATION COMPLETE.  1 WARNING(S),  0 ERROR(S)
