C51 COMPILER V9.52.0.0   LCD                                                               05/29/2015 16:17:04 PAGE 1   


C51 COMPILER V9.52.0.0, COMPILATION OF MODULE LCD
OBJECT MODULE PLACED IN ..\Outpt\lcd.obj
COMPILER INVOKED BY: C:\Program Files\keil\C51\BIN\C51.EXE ..\Source\lcd.c BROWSE DEBUG OBJECTEXTEND PRINT(.\lcd.lst) TA
                    -BS(2) OBJECT(..\Outpt\lcd.obj)

line level    source

   1          #include"lcd.h"
   2          
   3          unsigned char  code Data[]={0x04,0x0f,0x12,0x0f,0x0a,0x1f,0x02,0x02,//年
   4                                      0x0f,0x09,0x0f,0x09,0x0f,0x09,0x09,0x13,//月
   5                                      0x1f,0x11,0x11,0x1f,0x11,0x11,0xff,0x00,//日
   6                                      0x0e,0x0a,0x0e,0x00,0x1f,0x11,0x11,0x1f,//吕
   7                                      0x04,0x1f,0x08,0x1f,0x09,0x0f,0x09,0x09,
   8                                      0x02,0x02,0x1f,0x06,0x0a,0x12,0x02,0x06,
   9                                      0x1c,0x14,0x1c,0x03,0x04,0x04,0x04,0x03//°c
  10                         };
  11          
  12          /******************************************************************************
  13          函数名称：LCD1602_CheckBusy
  14          函数功能：忙检测
  15          入口参数：无
  16          返回值：无
  17          备注：忙检测采用了多加一个延时条件的办法，放置程序卡在检测函数中
  18          *******************************************************************************/
  19          void LCD1602_CheckBusy(void)    
  20          {
  21   1        unsigned char i = 255;
  22   1        LCDPORT = 0xFF;  //读之前先置位，准备读取IO口数据
  23   1        LCD1602_RS = 0;
  24   1        LCD1602_RW = 1;  //使液晶处于读数据状态
  25   1        LCD1602_EN = 1;  //使能液晶，高电平有效
  26   1        while((i--) && (LCDPORT & 0x80)); //忙检测
  27   1        LCD1602_EN = 0;
  28   1      }
  29          
  30          /******************************************************************************
  31          函数名称：LCD1602_WriteInformation
  32          函数功能：向LCD1602液晶写入数据或者命令
  33          入口参数：ucData-要写入的数据或者命令参数
  34                bComOrData-为0时写入的时命令，为1时写入的时数据
  35          返回值：无
  36          备注：无
  37          *******************************************************************************/
  38          void LCD1602_WriteInformation(unsigned char ucData,bit bComOrData)   
  39          {
  40   1        LCD1602_CheckBusy();   //在写入数据或者命令前先进行忙检测
  41   1        LCDPORT = ucData;    //先将数据或者命令送至IO
  42   1        LCD1602_RS = bComOrData;  //确定是写入数据还是写命令
  43   1        LCD1602_RW = 0;   //使液晶处于写入信息状态
  44   1        LCD1602_EN = 1;   //使能液晶，高电平有效
  45   1        LCD1602_EN = 0;
  46   1      }
  47          
  48          /******************************************************************************
  49          函数名称：LCD1602_Init
  50          函数功能：液晶初始化函数
  51          入口参数：无
  52          返回值：无
  53          备注：无
  54          *******************************************************************************/
C51 COMPILER V9.52.0.0   LCD                                                               05/29/2015 16:17:04 PAGE 2   

  55          void LCD1602_Init()    
  56          {
  57   1        unsigned char i;
  58   1        LCD1602_WriteInformation(0x38,0);
  59   1        Delay(300);
  60   1        LCD1602_WriteInformation(0x38,0);
  61   1        Delay(100);
  62   1        LCD1602_WriteInformation(0x38,0);
  63   1        Delay(100);
  64   1        LCD1602_WriteInformation(0x38,0);   //写入命令，5x7点阵工作方式，8位数据接口
  65   1        Delay(100);
  66   1        LCD1602_WriteInformation(0x0c,0); //显示设置，开显示，光标不显示，不闪烁//        （为0时否）
  67   1        Delay(20);
  68   1        LCD1602_WriteInformation(0x01,0); //清屏指令
  69   1        Delay(20);
  70   1        LCD1602_WriteInformation(0x40,0); 
  71   1        for(i=0;i<64;i++)
  72   1        {
  73   2            LCD1602_WriteInformation(Data[i],1);  
  74   2        }
  75   1      }
  76            
  77          /******************************************************************************
  78          函数名称：LCD1602_MoveToPosition
  79          函数功能：将液晶的光标移动到指定的位置
  80          入口参数：x-液晶显示的行数，范围0-1
  81                x = 0:在液晶的第一行
  82                x = 1:在液晶的第二行
  83                y-液晶显示的列数，范围0-15
  84                  y = 0:在液晶的第一列
  85                y = 1:在液晶的第二列
  86                ......
  87                y = 15:在液晶的第十六列
  88          返回值：无
  89          备注：通过指定x,y的值可以将液晶的光标移动到指定的位置
  90          *******************************************************************************/
  91          void LCD1602_MoveToPosition(unsigned char x,unsigned char y)  
  92          {
  93   1        if(0 == x)
  94   1          LCD1602_WriteInformation((0x80 | y),0);    //光标定位到第一行的y列
  95   1        if(1 == x)
  96   1          LCD1602_WriteInformation((0xC0 | y),0);    //光标定义到第二行的y列
  97   1      }
  98          
  99          /******************************************************************************
 100          函数名称：LCD1602_DisplayOneCharOnAddr
 101          函数功能：在指定的位置上显示指定的字符
 102          入口参数：x-液晶显示的行数，范围0-1
 103                x = 0:在液晶的第一行
 104                x = 1:在液晶的第二行
 105                y-液晶显示的列数，范围0-15
 106                  y = 0:在液晶的第一列
 107                y = 1:在液晶的第二列
 108                ......
 109                y = 15:在液晶的第十六列
 110                ucData-要显示的字符数据
 111          返回值：无
 112          备注：确保x,y的取值要在指定的范围内
 113          *******************************************************************************/
 114          void LCD1602_DisplayOneCharOnAddr(unsigned char x,unsigned char y,unsigned char ucData)
 115          {
 116   1        LCD1602_MoveToPosition(x,y);   //光标位置
C51 COMPILER V9.52.0.0   LCD                                                               05/29/2015 16:17:04 PAGE 3   

 117   1        LCD1602_WriteInformation(ucData,1);   //写入数据
 118   1      }
 119          
 120          /******************************************************************************
 121          函数名称：LCD1602_DisplayString
 122          函数功能：显示字符串
 123          入口参数：ucStr-字符串的首地址
 124          返回值：无
 125          备注：无
 126          *******************************************************************************/
 127          void LCD1602_DisplayString(unsigned char *ucStr)  
 128          {
 129   1        while(*ucStr != '\0')    //字符串结束之前，循环显示
 130   1        {
 131   2           LCD1602_WriteInformation(*ucStr,1);   //依次写入每一个字符
 132   2           ucStr++;                //指针增加
 133   2        }
 134   1      }
 135          
 136          /******************************************************************************
 137          函数名称：Delay
 138          函数功能：延时函数
 139          入口参数：uiCount-延时参数，每加1增加0.5ms
 140          返回值：无
 141          备注：无
 142          *******************************************************************************/
 143          void Delay(unsigned int uiCount)
 144          {
 145   1        unsigned char j = 244;
 146   1        for(;uiCount > 0;uiCount--) while(--j); 
 147   1      }
 148          


MODULE INFORMATION:   STATIC OVERLAYABLE
   CODE SIZE        =    215    ----
   CONSTANT SIZE    =     56    ----
   XDATA SIZE       =   ----    ----
   PDATA SIZE       =   ----    ----
   DATA SIZE        =   ----    ----
   IDATA SIZE       =   ----    ----
   BIT SIZE         =   ----       1
END OF MODULE INFORMATION.


C51 COMPILATION COMPLETE.  0 WARNING(S),  0 ERROR(S)
